Command line invocation:
    /Users/hectorgarcia/Downloads/Xcode.app/Contents/Developer/usr/bin/xcodebuild -project Lyo.xcodeproj -scheme Lyo -destination "platform=iOS Simulator,name=iPhone 17" build

Resolve Package Graph


Resolved source packages:
  SwiftProtobuf: https://github.com/apple/swift-protobuf.git @ 1.33.3
  leveldb: https://github.com/firebase/leveldb.git @ 1.22.5
  GoogleUtilities: https://github.com/google/GoogleUtilities.git @ 7.13.3
  abseil: https://github.com/google/abseil-cpp-binary.git @ 1.2024011602.0
  Promises: https://github.com/google/promises.git @ 2.4.0
  GoogleAppMeasurement: https://github.com/google/GoogleAppMeasurement.git @ 10.28.0
  GTMAppAuth: https://github.com/google/GTMAppAuth.git @ 4.1.1
  AppAuth: https://github.com/openid/AppAuth-iOS.git @ 1.7.6
  nanopb: https://github.com/firebase/nanopb.git @ 2.30910.0
  Firebase: https://github.com/firebase/firebase-ios-sdk.git @ 10.29.0
  GoogleSignIn: https://github.com/google/GoogleSignIn-iOS @ 7.1.0
  GoogleDataTransport: https://github.com/google/GoogleDataTransport.git @ 9.4.0
  AppCheck: https://github.com/google/app-check.git @ 10.19.2
  InteropForGoogle: https://github.com/google/interop-ios-for-google-sdks.git @ 100.0.0
  gRPC: https://github.com/google/grpc-binary.git @ 1.62.2
  GTMSessionFetcher: https://github.com/google/gtm-session-fetcher.git @ 3.5.0

ComputePackagePrebuildTargetDependencyGraph

Prepare packages

CreateBuildRequest

SendProjectDescription

CreateBuildOperation

ComputeTargetDependencyGraph
note: Building targets in dependency order
note: Target dependency graph (71 targets)
    Target 'LyoTests' in project 'Lyo'
        ➜ Explicit dependency on target 'Lyo' in project 'Lyo'
    Target 'Lyo' in project 'Lyo'
        ➜ Explicit dependency on target 'GoogleSignIn' in project 'GoogleSignIn'
        ➜ Explicit dependency on target 'FirebaseAuth' in project 'Firebase'
        ➜ Explicit dependency on target 'FirebaseCrashlytics' in project 'Firebase'
    Target 'FirebaseCrashlytics' in project 'Firebase'
        ➜ Explicit dependency on target 'FirebaseCrashlytics' in project 'Firebase'
        ➜ Explicit dependency on target 'Firebase_FirebaseCrashlytics' in project 'Firebase'
        ➜ Explicit dependency on target 'Firebase' in project 'Firebase'
        ➜ Explicit dependency on target 'FirebaseCoreInternal' in project 'Firebase'
        ➜ Explicit dependency on target 'FirebaseCore' in project 'Firebase'
        ➜ Explicit dependency on target 'FirebaseInstallations' in project 'Firebase'
        ➜ Explicit dependency on target 'FirebaseCoreExtension' in project 'Firebase'
        ➜ Explicit dependency on target 'FirebaseSessionsObjC' in project 'Firebase'
        ➜ Explicit dependency on target 'FirebaseSessions' in project 'Firebase'
        ➜ Explicit dependency on target 'FirebaseRemoteConfigInterop' in project 'Firebase'
        ➜ Explicit dependency on target 'FirebaseCrashlyticsSwift' in project 'Firebase'
        ➜ Explicit dependency on target 'GULNSData' in project 'GoogleUtilities'
        ➜ Explicit dependency on target 'GULEnvironment' in project 'GoogleUtilities'
        ➜ Explicit dependency on target 'GULLogger' in project 'GoogleUtilities'
        ➜ Explicit dependency on target 'FBLPromises' in project 'Promises'
        ➜ Explicit dependency on target 'GULUserDefaults' in project 'GoogleUtilities'
        ➜ Explicit dependency on target 'nanopb' in project 'nanopb'
        ➜ Explicit dependency on target 'Promises' in project 'Promises'
        ➜ Explicit dependency on target 'GoogleDataTransport' in project 'GoogleDataTransport'
    Target 'FirebaseCrashlytics' in project 'Firebase'
        ➜ Explicit dependency on target 'Firebase_FirebaseCrashlytics' in project 'Firebase'
        ➜ Explicit dependency on target 'Firebase' in project 'Firebase'
        ➜ Explicit dependency on target 'FirebaseCoreInternal' in project 'Firebase'
        ➜ Explicit dependency on target 'FirebaseCore' in project 'Firebase'
        ➜ Explicit dependency on target 'FirebaseInstallations' in project 'Firebase'
        ➜ Explicit dependency on target 'FirebaseCoreExtension' in project 'Firebase'
        ➜ Explicit dependency on target 'FirebaseSessionsObjC' in project 'Firebase'
        ➜ Explicit dependency on target 'FirebaseSessions' in project 'Firebase'
        ➜ Explicit dependency on target 'FirebaseRemoteConfigInterop' in project 'Firebase'
        ➜ Explicit dependency on target 'FirebaseCrashlyticsSwift' in project 'Firebase'
        ➜ Explicit dependency on target 'GULNSData' in project 'GoogleUtilities'
        ➜ Explicit dependency on target 'GULEnvironment' in project 'GoogleUtilities'
        ➜ Explicit dependency on target 'GULLogger' in project 'GoogleUtilities'
        ➜ Explicit dependency on target 'FBLPromises' in project 'Promises'
        ➜ Explicit dependency on target 'GULUserDefaults' in project 'GoogleUtilities'
        ➜ Explicit dependency on target 'nanopb' in project 'nanopb'
        ➜ Explicit dependency on target 'Promises' in project 'Promises'
        ➜ Explicit dependency on target 'GoogleDataTransport' in project 'GoogleDataTransport'
    Target 'FirebaseCrashlyticsSwift' in project 'Firebase'
        ➜ Explicit dependency on target 'FirebaseRemoteConfigInterop' in project 'Firebase'
    Target 'FirebaseRemoteConfigInterop' in project 'Firebase' (no dependencies)
    Target 'FirebaseSessions' in project 'Firebase'
        ➜ Explicit dependency on target 'Firebase' in project 'Firebase'
        ➜ Explicit dependency on target 'FirebaseCoreInternal' in project 'Firebase'
        ➜ Explicit dependency on target 'FirebaseCore' in project 'Firebase'
        ➜ Explicit dependency on target 'FirebaseInstallations' in project 'Firebase'
        ➜ Explicit dependency on target 'FirebaseCoreExtension' in project 'Firebase'
        ➜ Explicit dependency on target 'FirebaseSessionsObjC' in project 'Firebase'
        ➜ Explicit dependency on target 'GULNSData' in project 'GoogleUtilities'
        ➜ Explicit dependency on target 'GULEnvironment' in project 'GoogleUtilities'
        ➜ Explicit dependency on target 'GULLogger' in project 'GoogleUtilities'
        ➜ Explicit dependency on target 'FBLPromises' in project 'Promises'
        ➜ Explicit dependency on target 'GULUserDefaults' in project 'GoogleUtilities'
        ➜ Explicit dependency on target 'nanopb' in project 'nanopb'
        ➜ Explicit dependency on target 'Promises' in project 'Promises'
        ➜ Explicit dependency on target 'GoogleDataTransport' in project 'GoogleDataTransport'
    Target 'GoogleDataTransport' in project 'GoogleDataTransport'
        ➜ Explicit dependency on target 'GoogleDataTransport' in project 'GoogleDataTransport'
        ➜ Explicit dependency on target 'GoogleDataTransport_GoogleDataTransport' in project 'GoogleDataTransport'
        ➜ Explicit dependency on target 'nanopb' in project 'nanopb'
        ➜ Explicit dependency on target 'FBLPromises' in project 'Promises'
        ➜ Explicit dependency on target 'GULEnvironment' in project 'GoogleUtilities'
    Target 'GoogleDataTransport' in project 'GoogleDataTransport'
        ➜ Explicit dependency on target 'GoogleDataTransport_GoogleDataTransport' in project 'GoogleDataTransport'
        ➜ Explicit dependency on target 'nanopb' in project 'nanopb'
        ➜ Explicit dependency on target 'FBLPromises' in project 'Promises'
        ➜ Explicit dependency on target 'GULEnvironment' in project 'GoogleUtilities'
    Target 'GoogleDataTransport_GoogleDataTransport' in project 'GoogleDataTransport' (no dependencies)
    Target 'Promises' in project 'Promises'
        ➜ Explicit dependency on target 'Promises' in project 'Promises'
        ➜ Explicit dependency on target 'Promises_Promises' in project 'Promises'
        ➜ Explicit dependency on target 'FBLPromises' in project 'Promises'
    Target 'Promises' in project 'Promises'
        ➜ Explicit dependency on target 'Promises_Promises' in project 'Promises'
        ➜ Explicit dependency on target 'FBLPromises' in project 'Promises'
    Target 'Promises_Promises' in project 'Promises' (no dependencies)
    Target 'FirebaseSessionsObjC' in project 'Firebase'
        ➜ Explicit dependency on target 'Firebase' in project 'Firebase'
        ➜ Explicit dependency on target 'FirebaseCoreInternal' in project 'Firebase'
        ➜ Explicit dependency on target 'FirebaseCore' in project 'Firebase'
        ➜ Explicit dependency on target 'FirebaseCoreExtension' in project 'Firebase'
        ➜ Explicit dependency on target 'GULNSData' in project 'GoogleUtilities'
        ➜ Explicit dependency on target 'GULEnvironment' in project 'GoogleUtilities'
        ➜ Explicit dependency on target 'GULLogger' in project 'GoogleUtilities'
        ➜ Explicit dependency on target 'nanopb' in project 'nanopb'
    Target 'nanopb' in project 'nanopb'
        ➜ Explicit dependency on target 'nanopb' in project 'nanopb'
        ➜ Explicit dependency on target 'nanopb_nanopb' in project 'nanopb'
    Target 'nanopb' in project 'nanopb'
        ➜ Explicit dependency on target 'nanopb_nanopb' in project 'nanopb'
    Target 'nanopb_nanopb' in project 'nanopb' (no dependencies)
    Target 'FirebaseCoreExtension' in project 'Firebase'
        ➜ Explicit dependency on target 'Firebase_FirebaseCoreExtension' in project 'Firebase'
    Target 'Firebase_FirebaseCoreExtension' in project 'Firebase' (no dependencies)
    Target 'FirebaseInstallations' in project 'Firebase'
        ➜ Explicit dependency on target 'Firebase_FirebaseInstallations' in project 'Firebase'
        ➜ Explicit dependency on target 'Firebase' in project 'Firebase'
        ➜ Explicit dependency on target 'FirebaseCoreInternal' in project 'Firebase'
        ➜ Explicit dependency on target 'FirebaseCore' in project 'Firebase'
        ➜ Explicit dependency on target 'GULNSData' in project 'GoogleUtilities'
        ➜ Explicit dependency on target 'GULEnvironment' in project 'GoogleUtilities'
        ➜ Explicit dependency on target 'GULLogger' in project 'GoogleUtilities'
        ➜ Explicit dependency on target 'FBLPromises' in project 'Promises'
        ➜ Explicit dependency on target 'GULUserDefaults' in project 'GoogleUtilities'
    Target 'GULUserDefaults' in project 'GoogleUtilities'
        ➜ Explicit dependency on target 'GoogleUtilities-UserDefaults' in project 'GoogleUtilities'
        ➜ Explicit dependency on target 'GoogleUtilities_GoogleUtilities-UserDefaults' in project 'GoogleUtilities'
        ➜ Explicit dependency on target 'third-party-IsAppEncrypted' in project 'GoogleUtilities'
        ➜ Explicit dependency on target 'GoogleUtilities-Environment' in project 'GoogleUtilities'
        ➜ Explicit dependency on target 'GoogleUtilities-Logger' in project 'GoogleUtilities'
        ➜ Explicit dependency on target 'FBLPromises' in project 'Promises'
    Target 'GoogleUtilities-UserDefaults' in project 'GoogleUtilities'
        ➜ Explicit dependency on target 'GoogleUtilities_GoogleUtilities-UserDefaults' in project 'GoogleUtilities'
        ➜ Explicit dependency on target 'third-party-IsAppEncrypted' in project 'GoogleUtilities'
        ➜ Explicit dependency on target 'GoogleUtilities-Environment' in project 'GoogleUtilities'
        ➜ Explicit dependency on target 'GoogleUtilities-Logger' in project 'GoogleUtilities'
        ➜ Explicit dependency on target 'FBLPromises' in project 'Promises'
    Target 'GoogleUtilities_GoogleUtilities-UserDefaults' in project 'GoogleUtilities' (no dependencies)
    Target 'Firebase_FirebaseInstallations' in project 'Firebase' (no dependencies)
    Target 'Firebase_FirebaseCrashlytics' in project 'Firebase' (no dependencies)
    Target 'FirebaseAuth' in project 'Firebase'
        ➜ Explicit dependency on target 'FirebaseAuth' in project 'Firebase'
        ➜ Explicit dependency on target 'Firebase_FirebaseAuth' in project 'Firebase'
        ➜ Explicit dependency on target 'FirebaseAppCheckInterop' in project 'Firebase'
        ➜ Explicit dependency on target 'Firebase' in project 'Firebase'
        ➜ Explicit dependency on target 'FirebaseCoreInternal' in project 'Firebase'
        ➜ Explicit dependency on target 'FirebaseCore' in project 'Firebase'
        ➜ Explicit dependency on target 'GULNSData' in project 'GoogleUtilities'
        ➜ Explicit dependency on target 'GULEnvironment' in project 'GoogleUtilities'
        ➜ Explicit dependency on target 'GULLogger' in project 'GoogleUtilities'
        ➜ Explicit dependency on target 'GULAppDelegateSwizzler' in project 'GoogleUtilities'
        ➜ Explicit dependency on target 'GTMSessionFetcherCore' in project 'GTMSessionFetcher'
        ➜ Explicit dependency on target 'RecaptchaInterop' in project 'InteropForGoogle'
    Target 'FirebaseAuth' in project 'Firebase'
        ➜ Explicit dependency on target 'Firebase_FirebaseAuth' in project 'Firebase'
        ➜ Explicit dependency on target 'FirebaseAppCheckInterop' in project 'Firebase'
        ➜ Explicit dependency on target 'Firebase' in project 'Firebase'
        ➜ Explicit dependency on target 'FirebaseCoreInternal' in project 'Firebase'
        ➜ Explicit dependency on target 'FirebaseCore' in project 'Firebase'
        ➜ Explicit dependency on target 'GULNSData' in project 'GoogleUtilities'
        ➜ Explicit dependency on target 'GULEnvironment' in project 'GoogleUtilities'
        ➜ Explicit dependency on target 'GULLogger' in project 'GoogleUtilities'
        ➜ Explicit dependency on target 'GULAppDelegateSwizzler' in project 'GoogleUtilities'
        ➜ Explicit dependency on target 'GTMSessionFetcherCore' in project 'GTMSessionFetcher'
        ➜ Explicit dependency on target 'RecaptchaInterop' in project 'InteropForGoogle'
    Target 'RecaptchaInterop' in project 'InteropForGoogle'
        ➜ Explicit dependency on target 'RecaptchaInterop' in project 'InteropForGoogle'
    Target 'RecaptchaInterop' in project 'InteropForGoogle' (no dependencies)
    Target 'GULAppDelegateSwizzler' in project 'GoogleUtilities'
        ➜ Explicit dependency on target 'GoogleUtilities-AppDelegateSwizzler' in project 'GoogleUtilities'
        ➜ Explicit dependency on target 'GoogleUtilities_GoogleUtilities-AppDelegateSwizzler' in project 'GoogleUtilities'
        ➜ Explicit dependency on target 'third-party-IsAppEncrypted' in project 'GoogleUtilities'
        ➜ Explicit dependency on target 'GoogleUtilities-Environment' in project 'GoogleUtilities'
        ➜ Explicit dependency on target 'GoogleUtilities-Logger' in project 'GoogleUtilities'
        ➜ Explicit dependency on target 'GoogleUtilities-NSData' in project 'GoogleUtilities'
        ➜ Explicit dependency on target 'GoogleUtilities-Reachability' in project 'GoogleUtilities'
        ➜ Explicit dependency on target 'GoogleUtilities-Network' in project 'GoogleUtilities'
        ➜ Explicit dependency on target 'FBLPromises' in project 'Promises'
    Target 'GoogleUtilities-AppDelegateSwizzler' in project 'GoogleUtilities'
        ➜ Explicit dependency on target 'GoogleUtilities_GoogleUtilities-AppDelegateSwizzler' in project 'GoogleUtilities'
        ➜ Explicit dependency on target 'third-party-IsAppEncrypted' in project 'GoogleUtilities'
        ➜ Explicit dependency on target 'GoogleUtilities-Environment' in project 'GoogleUtilities'
        ➜ Explicit dependency on target 'GoogleUtilities-Logger' in project 'GoogleUtilities'
        ➜ Explicit dependency on target 'GoogleUtilities-NSData' in project 'GoogleUtilities'
        ➜ Explicit dependency on target 'GoogleUtilities-Reachability' in project 'GoogleUtilities'
        ➜ Explicit dependency on target 'GoogleUtilities-Network' in project 'GoogleUtilities'
        ➜ Explicit dependency on target 'FBLPromises' in project 'Promises'
    Target 'GoogleUtilities-Network' in project 'GoogleUtilities'
        ➜ Explicit dependency on target 'GoogleUtilities_GoogleUtilities-Network' in project 'GoogleUtilities'
        ➜ Explicit dependency on target 'third-party-IsAppEncrypted' in project 'GoogleUtilities'
        ➜ Explicit dependency on target 'GoogleUtilities-Environment' in project 'GoogleUtilities'
        ➜ Explicit dependency on target 'GoogleUtilities-Logger' in project 'GoogleUtilities'
        ➜ Explicit dependency on target 'GoogleUtilities-NSData' in project 'GoogleUtilities'
        ➜ Explicit dependency on target 'GoogleUtilities-Reachability' in project 'GoogleUtilities'
        ➜ Explicit dependency on target 'FBLPromises' in project 'Promises'
    Target 'GoogleUtilities_GoogleUtilities-Network' in project 'GoogleUtilities' (no dependencies)
    Target 'GoogleUtilities-Reachability' in project 'GoogleUtilities'
        ➜ Explicit dependency on target 'GoogleUtilities_GoogleUtilities-Reachability' in project 'GoogleUtilities'
        ➜ Explicit dependency on target 'third-party-IsAppEncrypted' in project 'GoogleUtilities'
        ➜ Explicit dependency on target 'GoogleUtilities-Environment' in project 'GoogleUtilities'
        ➜ Explicit dependency on target 'GoogleUtilities-Logger' in project 'GoogleUtilities'
        ➜ Explicit dependency on target 'FBLPromises' in project 'Promises'
    Target 'GoogleUtilities_GoogleUtilities-Reachability' in project 'GoogleUtilities' (no dependencies)
    Target 'GoogleUtilities_GoogleUtilities-AppDelegateSwizzler' in project 'GoogleUtilities' (no dependencies)
    Target 'FirebaseCore' in project 'Firebase'
        ➜ Explicit dependency on target 'Firebase_FirebaseCore' in project 'Firebase'
        ➜ Explicit dependency on target 'Firebase' in project 'Firebase'
        ➜ Explicit dependency on target 'FirebaseCoreInternal' in project 'Firebase'
        ➜ Explicit dependency on target 'GULNSData' in project 'GoogleUtilities'
        ➜ Explicit dependency on target 'GULEnvironment' in project 'GoogleUtilities'
        ➜ Explicit dependency on target 'GULLogger' in project 'GoogleUtilities'
    Target 'GULLogger' in project 'GoogleUtilities'
        ➜ Explicit dependency on target 'GoogleUtilities-Logger' in project 'GoogleUtilities'
        ➜ Explicit dependency on target 'GoogleUtilities_GoogleUtilities-Logger' in project 'GoogleUtilities'
        ➜ Explicit dependency on target 'third-party-IsAppEncrypted' in project 'GoogleUtilities'
        ➜ Explicit dependency on target 'GoogleUtilities-Environment' in project 'GoogleUtilities'
        ➜ Explicit dependency on target 'FBLPromises' in project 'Promises'
    Target 'GoogleUtilities-Logger' in project 'GoogleUtilities'
        ➜ Explicit dependency on target 'GoogleUtilities_GoogleUtilities-Logger' in project 'GoogleUtilities'
        ➜ Explicit dependency on target 'third-party-IsAppEncrypted' in project 'GoogleUtilities'
        ➜ Explicit dependency on target 'GoogleUtilities-Environment' in project 'GoogleUtilities'
        ➜ Explicit dependency on target 'FBLPromises' in project 'Promises'
    Target 'GoogleUtilities_GoogleUtilities-Logger' in project 'GoogleUtilities' (no dependencies)
    Target 'GULEnvironment' in project 'GoogleUtilities'
        ➜ Explicit dependency on target 'GoogleUtilities-Environment' in project 'GoogleUtilities'
        ➜ Explicit dependency on target 'GoogleUtilities_GoogleUtilities-Environment' in project 'GoogleUtilities'
        ➜ Explicit dependency on target 'third-party-IsAppEncrypted' in project 'GoogleUtilities'
        ➜ Explicit dependency on target 'FBLPromises' in project 'Promises'
    Target 'GoogleUtilities-Environment' in project 'GoogleUtilities'
        ➜ Explicit dependency on target 'GoogleUtilities_GoogleUtilities-Environment' in project 'GoogleUtilities'
        ➜ Explicit dependency on target 'third-party-IsAppEncrypted' in project 'GoogleUtilities'
        ➜ Explicit dependency on target 'FBLPromises' in project 'Promises'
    Target 'FBLPromises' in project 'Promises'
        ➜ Explicit dependency on target 'FBLPromises' in project 'Promises'
        ➜ Explicit dependency on target 'Promises_FBLPromises' in project 'Promises'
    Target 'FBLPromises' in project 'Promises'
        ➜ Explicit dependency on target 'Promises_FBLPromises' in project 'Promises'
    Target 'Promises_FBLPromises' in project 'Promises' (no dependencies)
    Target 'third-party-IsAppEncrypted' in project 'GoogleUtilities' (no dependencies)
    Target 'GoogleUtilities_GoogleUtilities-Environment' in project 'GoogleUtilities' (no dependencies)
    Target 'Firebase_FirebaseCore' in project 'Firebase' (no dependencies)
    Target 'FirebaseCoreInternal' in project 'Firebase'
        ➜ Explicit dependency on target 'Firebase_FirebaseCoreInternal' in project 'Firebase'
        ➜ Explicit dependency on target 'GULNSData' in project 'GoogleUtilities'
    Target 'GULNSData' in project 'GoogleUtilities'
        ➜ Explicit dependency on target 'GoogleUtilities-NSData' in project 'GoogleUtilities'
        ➜ Explicit dependency on target 'GoogleUtilities_GoogleUtilities-NSData' in project 'GoogleUtilities'
    Target 'GoogleUtilities-NSData' in project 'GoogleUtilities'
        ➜ Explicit dependency on target 'GoogleUtilities_GoogleUtilities-NSData' in project 'GoogleUtilities'
    Target 'GoogleUtilities_GoogleUtilities-NSData' in project 'GoogleUtilities' (no dependencies)
    Target 'Firebase_FirebaseCoreInternal' in project 'Firebase' (no dependencies)
    Target 'Firebase' in project 'Firebase' (no dependencies)
    Target 'FirebaseAppCheckInterop' in project 'Firebase' (no dependencies)
    Target 'Firebase_FirebaseAuth' in project 'Firebase' (no dependencies)
    Target 'GoogleSignIn' in project 'GoogleSignIn'
        ➜ Explicit dependency on target 'GoogleSignIn' in project 'GoogleSignIn'
        ➜ Explicit dependency on target 'GoogleSignIn_GoogleSignIn' in project 'GoogleSignIn'
        ➜ Explicit dependency on target 'AppAuth' in project 'AppAuth'
        ➜ Explicit dependency on target 'GTMAppAuth' in project 'GTMAppAuth'
        ➜ Explicit dependency on target 'GTMSessionFetcherCore' in project 'GTMSessionFetcher'
    Target 'GoogleSignIn' in project 'GoogleSignIn'
        ➜ Explicit dependency on target 'GoogleSignIn_GoogleSignIn' in project 'GoogleSignIn'
        ➜ Explicit dependency on target 'AppAuth' in project 'AppAuth'
        ➜ Explicit dependency on target 'GTMAppAuth' in project 'GTMAppAuth'
        ➜ Explicit dependency on target 'GTMSessionFetcherCore' in project 'GTMSessionFetcher'
    Target 'GTMAppAuth' in project 'GTMAppAuth'
        ➜ Explicit dependency on target 'GTMAppAuth' in project 'GTMAppAuth'
        ➜ Explicit dependency on target 'GTMAppAuth_GTMAppAuth' in project 'GTMAppAuth'
        ➜ Explicit dependency on target 'GTMSessionFetcherCore' in project 'GTMSessionFetcher'
        ➜ Explicit dependency on target 'AppAuthCore' in project 'AppAuth'
    Target 'GTMAppAuth' in project 'GTMAppAuth'
        ➜ Explicit dependency on target 'GTMAppAuth_GTMAppAuth' in project 'GTMAppAuth'
        ➜ Explicit dependency on target 'GTMSessionFetcherCore' in project 'GTMSessionFetcher'
        ➜ Explicit dependency on target 'AppAuthCore' in project 'AppAuth'
    Target 'AppAuthCore' in project 'AppAuth'
        ➜ Explicit dependency on target 'AppAuthCore' in project 'AppAuth'
        ➜ Explicit dependency on target 'AppAuth_AppAuthCore' in project 'AppAuth'
    Target 'GTMSessionFetcherCore' in project 'GTMSessionFetcher'
        ➜ Explicit dependency on target 'GTMSessionFetcherCore' in project 'GTMSessionFetcher'
        ➜ Explicit dependency on target 'GTMSessionFetcher_GTMSessionFetcherCore' in project 'GTMSessionFetcher'
    Target 'GTMSessionFetcherCore' in project 'GTMSessionFetcher'
        ➜ Explicit dependency on target 'GTMSessionFetcher_GTMSessionFetcherCore' in project 'GTMSessionFetcher'
    Target 'GTMSessionFetcher_GTMSessionFetcherCore' in project 'GTMSessionFetcher' (no dependencies)
    Target 'GTMAppAuth_GTMAppAuth' in project 'GTMAppAuth' (no dependencies)
    Target 'AppAuth' in project 'AppAuth'
        ➜ Explicit dependency on target 'AppAuth' in project 'AppAuth'
        ➜ Explicit dependency on target 'AppAuth_AppAuth' in project 'AppAuth'
        ➜ Explicit dependency on target 'AppAuthCore' in project 'AppAuth'
    Target 'AppAuth' in project 'AppAuth'
        ➜ Explicit dependency on target 'AppAuth_AppAuth' in project 'AppAuth'
        ➜ Explicit dependency on target 'AppAuthCore' in project 'AppAuth'
    Target 'AppAuthCore' in project 'AppAuth'
        ➜ Explicit dependency on target 'AppAuth_AppAuthCore' in project 'AppAuth'
    Target 'AppAuth_AppAuthCore' in project 'AppAuth' (no dependencies)
    Target 'AppAuth_AppAuth' in project 'AppAuth' (no dependencies)
    Target 'GoogleSignIn_GoogleSignIn' in project 'GoogleSignIn' (no dependencies)

GatherProvisioningInputs

CreateBuildDescription

ExecuteExternalTool /Users/hectorgarcia/Downloads/Xcode.app/Contents/Developer/Toolchains/XcodeDefault.xctoolchain/usr/bin/clang -v -E -dM -arch x86_64 -isysroot /Users/hectorgarcia/Downloads/Xcode.app/Contents/Developer/Platforms/iPhoneSimulator.platform/Developer/SDKs/iPhoneSimulator26.2.sdk -x objective-c -c /dev/null

ExecuteExternalTool /Users/hectorgarcia/Downloads/Xcode.app/Contents/Developer/Toolchains/XcodeDefault.xctoolchain/usr/bin/swiftc --version

ExecuteExternalTool /Users/hectorgarcia/Downloads/Xcode.app/Contents/Developer/Toolchains/XcodeDefault.xctoolchain/usr/bin/clang -v -E -dM -isysroot /Users/hectorgarcia/Downloads/Xcode.app/Contents/Developer/Platforms/iPhoneSimulator.platform/Developer/SDKs/iPhoneSimulator26.2.sdk -x c -c /dev/null

ExecuteExternalTool /Users/hectorgarcia/Downloads/Xcode.app/Contents/Developer/usr/bin/actool --print-asset-tag-combinations --output-format xml1 /Users/hectorgarcia/LYO_Da_ONE/Sources/Resources/Assets.xcassets

ExecuteExternalTool /Users/hectorgarcia/Downloads/Xcode.app/Contents/Developer/Toolchains/XcodeDefault.xctoolchain/usr/bin/clang -v -E -dM -arch x86_64 -isysroot /Users/hectorgarcia/Downloads/Xcode.app/Contents/Developer/Platforms/iPhoneSimulator.platform/Developer/SDKs/iPhoneSimulator26.2.sdk -x c -c /dev/null

ExecuteExternalTool /Users/hectorgarcia/Downloads/Xcode.app/Contents/Developer/Toolchains/XcodeDefault.xctoolchain/usr/bin/ld -version_details

ExecuteExternalTool /Users/hectorgarcia/Downloads/Xcode.app/Contents/Developer/Toolchains/XcodeDefault.xctoolchain/usr/bin/clang -v -E -dM -arch x86_64 -isysroot /Users/hectorgarcia/Downloads/Xcode.app/Contents/Developer/Platforms/iPhoneSimulator.platform/Developer/SDKs/iPhoneSimulator26.2.sdk -x objective-c++ -c /dev/null

ExecuteExternalTool /Users/hectorgarcia/Downloads/Xcode.app/Contents/Developer/usr/bin/actool --version --output-format xml1

Build description signature: 9b6fcd4e1af04eeccbd905d61701ca8b
Build description path: /Users/hectorgarcia/Library/Developer/Xcode/DerivedData/Build/Intermediates.noindex/XCBuildData/9b6fcd4e1af04eeccbd905d61701ca8b.xcbuilddata
ClangStatCache /Users/hectorgarcia/Downloads/Xcode.app/Contents/Developer/Toolchains/XcodeDefault.xctoolchain/usr/bin/clang-stat-cache /Users/hectorgarcia/Downloads/Xcode.app/Contents/Developer/Platforms/iPhoneSimulator.platform/Developer/SDKs/iPhoneSimulator26.2.sdk /Users/hectorgarcia/Library/Developer/Xcode/DerivedData/SDKStatCaches.noindex/iphonesimulator26.2-23C53-823d3e8b6e60bc2018c189d3ca05ba9b.sdkstatcache
    cd /Users/hectorgarcia/LYO_Da_ONE/Lyo.xcodeproj
    /Users/hectorgarcia/Downloads/Xcode.app/Contents/Developer/Toolchains/XcodeDefault.xctoolchain/usr/bin/clang-stat-cache /Users/hectorgarcia/Downloads/Xcode.app/Contents/Developer/Platforms/iPhoneSimulator.platform/Developer/SDKs/iPhoneSimulator26.2.sdk -o /Users/hectorgarcia/Library/Developer/Xcode/DerivedData/SDKStatCaches.noindex/iphonesimulator26.2-23C53-823d3e8b6e60bc2018c189d3ca05ba9b.sdkstatcache

warning: Skipping duplicate build file in Compile Sources build phase: /Users/hectorgarcia/LYO_Da_ONE/Sources/Core/Services/CourseSocialService.swift (in target 'Lyo' from project 'Lyo')
warning: Skipping duplicate build file in Compile Sources build phase: /Users/hectorgarcia/LYO_Da_ONE/Sources/Core/Services/CourseLibraryService.swift (in target 'Lyo' from project 'Lyo')
warning: Skipping duplicate build file in Compile Sources build phase: /Users/hectorgarcia/LYO_Da_ONE/Sources/Core/Services/CourseShareService.swift (in target 'Lyo' from project 'Lyo')
warning: Skipping duplicate build file in Compile Sources build phase: /Users/hectorgarcia/LYO_Da_ONE/Sources/Core/Networking/OfflineQueueManager.swift (in target 'Lyo' from project 'Lyo')
warning: Skipping duplicate build file in Compile Sources build phase: /Users/hectorgarcia/LYO_Da_ONE/Sources/Services/UserContextService.swift (in target 'Lyo' from project 'Lyo')
warning: Skipping duplicate build file in Compile Sources build phase: /Users/hectorgarcia/LYO_Da_ONE/Sources/Services/SmartMemoryService.swift (in target 'Lyo' from project 'Lyo')
warning: Skipping duplicate build file in Compile Sources build phase: /Users/hectorgarcia/LYO_Da_ONE/Sources/Services/SoftSkillsService.swift (in target 'Lyo' from project 'Lyo')
warning: Skipping duplicate build file in Compile Sources build phase: /Users/hectorgarcia/LYO_Da_ONE/Sources/Views/Main/AdaptiveHomeView.swift (in target 'Lyo' from project 'Lyo')
warning: Skipping duplicate build file in Compile Sources build phase: /Users/hectorgarcia/LYO_Da_ONE/Sources/Views/Components/ProactiveHintBanner.swift (in target 'Lyo' from project 'Lyo')
warning: Skipping duplicate build file in Compile Sources build phase: /Users/hectorgarcia/LYO_Da_ONE/Sources/Views/Profile/HolisticProfileView.swift (in target 'Lyo' from project 'Lyo')
warning: Skipping duplicate build file in Compile Sources build phase: /Users/hectorgarcia/LYO_Da_ONE/Sources/Views/Main/Creation/CreateHubView.swift (in target 'Lyo' from project 'Lyo')
warning: Skipping duplicate build file in Compile Sources build phase: /Users/hectorgarcia/LYO_Da_ONE/Sources/Views/Main/AdaptiveHomeView.swift (in target 'Lyo' from project 'Lyo')
warning: Skipping duplicate build file in Compile Sources build phase: /Users/hectorgarcia/LYO_Da_ONE/Sources/Core/Services/CourseLibraryService.swift (in target 'Lyo' from project 'Lyo')
warning: Skipping duplicate build file in Compile Sources build phase: /Users/hectorgarcia/LYO_Da_ONE/Sources/Core/Services/CourseShareService.swift (in target 'Lyo' from project 'Lyo')
warning: Skipping duplicate build file in Compile Sources build phase: /Users/hectorgarcia/LYO_Da_ONE/Sources/Core/Services/CourseSocialService.swift (in target 'Lyo' from project 'Lyo')
warning: Skipping duplicate build file in Compile Sources build phase: /Users/hectorgarcia/LYO_Da_ONE/Sources/Views/Main/Creation/CreateHubView.swift (in target 'Lyo' from project 'Lyo')
warning: Skipping duplicate build file in Compile Sources build phase: /Users/hectorgarcia/LYO_Da_ONE/Sources/Views/Profile/HolisticProfileView.swift (in target 'Lyo' from project 'Lyo')
warning: Skipping duplicate build file in Compile Sources build phase: /Users/hectorgarcia/LYO_Da_ONE/Sources/Core/Networking/OfflineQueueManager.swift (in target 'Lyo' from project 'Lyo')
warning: Skipping duplicate build file in Compile Sources build phase: /Users/hectorgarcia/LYO_Da_ONE/Sources/Views/Components/ProactiveHintBanner.swift (in target 'Lyo' from project 'Lyo')
warning: Skipping duplicate build file in Compile Sources build phase: /Users/hectorgarcia/LYO_Da_ONE/Sources/Services/SmartMemoryService.swift (in target 'Lyo' from project 'Lyo')
warning: Skipping duplicate build file in Compile Sources build phase: /Users/hectorgarcia/LYO_Da_ONE/Sources/Services/SoftSkillsService.swift (in target 'Lyo' from project 'Lyo')
warning: Skipping duplicate build file in Compile Sources build phase: /Users/hectorgarcia/LYO_Da_ONE/Sources/Services/UserContextService.swift (in target 'Lyo' from project 'Lyo')
ProcessProductPackaging /Users/hectorgarcia/LYO_Da_ONE/Lyo.entitlements /Users/hectorgarcia/Library/Developer/Xcode/DerivedData/Build/Intermediates.noindex/Lyo.build/Debug-iphonesimulator/Lyo.build/Lyo.app-Simulated.xcent (in target 'Lyo' from project 'Lyo')
    cd /Users/hectorgarcia/LYO_Da_ONE
    
    Entitlements:
    
    {
    "application-identifier" = "5QZDMJGN7B.com.lyo.app";
    "com.apple.developer.applesignin" =     (
        Default
    );
}
    
    builtin-productPackagingUtility /Users/hectorgarcia/LYO_Da_ONE/Lyo.entitlements -entitlements -format xml -o /Users/hectorgarcia/Library/Developer/Xcode/DerivedData/Build/Intermediates.noindex/Lyo.build/Debug-iphonesimulator/Lyo.build/Lyo.app-Simulated.xcent

ProcessProductPackagingDER /Users/hectorgarcia/Library/Developer/Xcode/DerivedData/Build/Intermediates.noindex/Lyo.build/Debug-iphonesimulator/Lyo.build/Lyo.app-Simulated.xcent /Users/hectorgarcia/Library/Developer/Xcode/DerivedData/Build/Intermediates.noindex/Lyo.build/Debug-iphonesimulator/Lyo.build/Lyo.app-Simulated.xcent.der (in target 'Lyo' from project 'Lyo')
    cd /Users/hectorgarcia/LYO_Da_ONE
    /usr/bin/derq query -f xml -i /Users/hectorgarcia/Library/Developer/Xcode/DerivedData/Build/Intermediates.noindex/Lyo.build/Debug-iphonesimulator/Lyo.build/Lyo.app-Simulated.xcent -o /Users/hectorgarcia/Library/Developer/Xcode/DerivedData/Build/Intermediates.noindex/Lyo.build/Debug-iphonesimulator/Lyo.build/Lyo.app-Simulated.xcent.der --raw

ProcessProductPackaging /Users/hectorgarcia/LYO_Da_ONE/Lyo.entitlements /Users/hectorgarcia/Library/Developer/Xcode/DerivedData/Build/Intermediates.noindex/Lyo.build/Debug-iphonesimulator/Lyo.build/Lyo.app.xcent (in target 'Lyo' from project 'Lyo')
    cd /Users/hectorgarcia/LYO_Da_ONE
    
    Entitlements:
    
    {
}
    
    builtin-productPackagingUtility /Users/hectorgarcia/LYO_Da_ONE/Lyo.entitlements -entitlements -format xml -o /Users/hectorgarcia/Library/Developer/Xcode/DerivedData/Build/Intermediates.noindex/Lyo.build/Debug-iphonesimulator/Lyo.build/Lyo.app.xcent

ProcessProductPackagingDER /Users/hectorgarcia/Library/Developer/Xcode/DerivedData/Build/Intermediates.noindex/Lyo.build/Debug-iphonesimulator/Lyo.build/Lyo.app.xcent /Users/hectorgarcia/Library/Developer/Xcode/DerivedData/Build/Intermediates.noindex/Lyo.build/Debug-iphonesimulator/Lyo.build/Lyo.app.xcent.der (in target 'Lyo' from project 'Lyo')
    cd /Users/hectorgarcia/LYO_Da_ONE
    /usr/bin/derq query -f xml -i /Users/hectorgarcia/Library/Developer/Xcode/DerivedData/Build/Intermediates.noindex/Lyo.build/Debug-iphonesimulator/Lyo.build/Lyo.app.xcent -o /Users/hectorgarcia/Library/Developer/Xcode/DerivedData/Build/Intermediates.noindex/Lyo.build/Debug-iphonesimulator/Lyo.build/Lyo.app.xcent.der --raw

ProcessInfoPlistFile /Users/hectorgarcia/Library/Developer/Xcode/DerivedData/Build/Products/Debug-iphonesimulator/GoogleSignIn_GoogleSignIn.bundle/Info.plist /Users/hectorgarcia/Library/Developer/Xcode/DerivedData/Build/Intermediates.noindex/GoogleSignIn.build/Debug-iphonesimulator/GoogleSignIn_GoogleSignIn.build/empty-GoogleSignIn_GoogleSignIn.plist (in target 'GoogleSignIn_GoogleSignIn' from project 'GoogleSignIn')
    cd /Users/hectorgarcia/Library/Developer/Xcode/DerivedData/Lyo-eagkiegzrakogpczynhkaholsscs/SourcePackages/checkouts/GoogleSignIn-iOS
    builtin-infoPlistUtility /Users/hectorgarcia/Library/Developer/Xcode/DerivedData/Build/Intermediates.noindex/GoogleSignIn.build/Debug-iphonesimulator/GoogleSignIn_GoogleSignIn.build/empty-GoogleSignIn_GoogleSignIn.plist -producttype com.apple.product-type.bundle -expandbuildsettings -format binary -platform iphonesimulator -o /Users/hectorgarcia/Library/Developer/Xcode/DerivedData/Build/Products/Debug-iphonesimulator/GoogleSignIn_GoogleSignIn.bundle/Info.plist

ProcessInfoPlistFile /Users/hectorgarcia/Library/Developer/Xcode/DerivedData/Build/Products/Debug-iphonesimulator/AppAuth_AppAuth.bundle/Info.plist /Users/hectorgarcia/Library/Developer/Xcode/DerivedData/Build/Intermediates.noindex/AppAuth.build/Debug-iphonesimulator/AppAuth_AppAuth.build/empty-AppAuth_AppAuth.plist (in target 'AppAuth_AppAuth' from project 'AppAuth')
    cd /Users/hectorgarcia/Library/Developer/Xcode/DerivedData/Lyo-eagkiegzrakogpczynhkaholsscs/SourcePackages/checkouts/AppAuth-iOS
    builtin-infoPlistUtility /Users/hectorgarcia/Library/Developer/Xcode/DerivedData/Build/Intermediates.noindex/AppAuth.build/Debug-iphonesimulator/AppAuth_AppAuth.build/empty-AppAuth_AppAuth.plist -producttype com.apple.product-type.bundle -expandbuildsettings -format binary -platform iphonesimulator -o /Users/hectorgarcia/Library/Developer/Xcode/DerivedData/Build/Products/Debug-iphonesimulator/AppAuth_AppAuth.bundle/Info.plist

ProcessInfoPlistFile /Users/hectorgarcia/Library/Developer/Xcode/DerivedData/Build/Products/Debug-iphonesimulator/AppAuth_AppAuthCore.bundle/Info.plist /Users/hectorgarcia/Library/Developer/Xcode/DerivedData/Build/Intermediates.noindex/AppAuth.build/Debug-iphonesimulator/AppAuth_AppAuthCore.build/empty-AppAuth_AppAuthCore.plist (in target 'AppAuth_AppAuthCore' from project 'AppAuth')
    cd /Users/hectorgarcia/Library/Developer/Xcode/DerivedData/Lyo-eagkiegzrakogpczynhkaholsscs/SourcePackages/checkouts/AppAuth-iOS
    builtin-infoPlistUtility /Users/hectorgarcia/Library/Developer/Xcode/DerivedData/Build/Intermediates.noindex/AppAuth.build/Debug-iphonesimulator/AppAuth_AppAuthCore.build/empty-AppAuth_AppAuthCore.plist -producttype com.apple.product-type.bundle -expandbuildsettings -format binary -platform iphonesimulator -o /Users/hectorgarcia/Library/Developer/Xcode/DerivedData/Build/Products/Debug-iphonesimulator/AppAuth_AppAuthCore.bundle/Info.plist

ProcessInfoPlistFile /Users/hectorgarcia/Library/Developer/Xcode/DerivedData/Build/Products/Debug-iphonesimulator/GTMAppAuth_GTMAppAuth.bundle/Info.plist /Users/hectorgarcia/Library/Developer/Xcode/DerivedData/Build/Intermediates.noindex/GTMAppAuth.build/Debug-iphonesimulator/GTMAppAuth_GTMAppAuth.build/empty-GTMAppAuth_GTMAppAuth.plist (in target 'GTMAppAuth_GTMAppAuth' from project 'GTMAppAuth')
    cd /Users/hectorgarcia/Library/Developer/Xcode/DerivedData/Lyo-eagkiegzrakogpczynhkaholsscs/SourcePackages/checkouts/GTMAppAuth
    builtin-infoPlistUtility /Users/hectorgarcia/Library/Developer/Xcode/DerivedData/Build/Intermediates.noindex/GTMAppAuth.build/Debug-iphonesimulator/GTMAppAuth_GTMAppAuth.build/empty-GTMAppAuth_GTMAppAuth.plist -producttype com.apple.product-type.bundle -expandbuildsettings -format binary -platform iphonesimulator -o /Users/hectorgarcia/Library/Developer/Xcode/DerivedData/Build/Products/Debug-iphonesimulator/GTMAppAuth_GTMAppAuth.bundle/Info.plist

ProcessInfoPlistFile /Users/hectorgarcia/Library/Developer/Xcode/DerivedData/Build/Products/Debug-iphonesimulator/GTMSessionFetcher_GTMSessionFetcherCore.bundle/Info.plist /Users/hectorgarcia/Library/Developer/Xcode/DerivedData/Build/Intermediates.noindex/GTMSessionFetcher.build/Debug-iphonesimulator/GTMSessionFetcher_GTMSessionFetcherCore.build/empty-GTMSessionFetcher_GTMSessionFetcherCore.plist (in target 'GTMSessionFetcher_GTMSessionFetcherCore' from project 'GTMSessionFetcher')
    cd /Users/hectorgarcia/Library/Developer/Xcode/DerivedData/Lyo-eagkiegzrakogpczynhkaholsscs/SourcePackages/checkouts/gtm-session-fetcher
    builtin-infoPlistUtility /Users/hectorgarcia/Library/Developer/Xcode/DerivedData/Build/Intermediates.noindex/GTMSessionFetcher.build/Debug-iphonesimulator/GTMSessionFetcher_GTMSessionFetcherCore.build/empty-GTMSessionFetcher_GTMSessionFetcherCore.plist -producttype com.apple.product-type.bundle -expandbuildsettings -format binary -platform iphonesimulator -o /Users/hectorgarcia/Library/Developer/Xcode/DerivedData/Build/Products/Debug-iphonesimulator/GTMSessionFetcher_GTMSessionFetcherCore.bundle/Info.plist

ProcessInfoPlistFile /Users/hectorgarcia/Library/Developer/Xcode/DerivedData/Build/Products/Debug-iphonesimulator/GoogleUtilities_GoogleUtilities-NSData.bundle/Info.plist /Users/hectorgarcia/Library/Developer/Xcode/DerivedData/Build/Intermediates.noindex/GoogleUtilities.build/Debug-iphonesimulator/GoogleUtilities_GoogleUtilities-NSData.build/empty-GoogleUtilities_GoogleUtilities-NSData.plist (in target 'GoogleUtilities_GoogleUtilities-NSData' from project 'GoogleUtilities')
    cd /Users/hectorgarcia/Library/Developer/Xcode/DerivedData/Lyo-eagkiegzrakogpczynhkaholsscs/SourcePackages/checkouts/GoogleUtilities
    builtin-infoPlistUtility /Users/hectorgarcia/Library/Developer/Xcode/DerivedData/Build/Intermediates.noindex/GoogleUtilities.build/Debug-iphonesimulator/GoogleUtilities_GoogleUtilities-NSData.build/empty-GoogleUtilities_GoogleUtilities-NSData.plist -producttype com.apple.product-type.bundle -expandbuildsettings -format binary -platform iphonesimulator -o /Users/hectorgarcia/Library/Developer/Xcode/DerivedData/Build/Products/Debug-iphonesimulator/GoogleUtilities_GoogleUtilities-NSData.bundle/Info.plist

ProcessInfoPlistFile /Users/hectorgarcia/Library/Developer/Xcode/DerivedData/Build/Products/Debug-iphonesimulator/Firebase_FirebaseCoreInternal.bundle/Info.plist /Users/hectorgarcia/Library/Developer/Xcode/DerivedData/Build/Intermediates.noindex/Firebase.build/Debug-iphonesimulator/Firebase_FirebaseCoreInternal.build/empty-Firebase_FirebaseCoreInternal.plist (in target 'Firebase_FirebaseCoreInternal' from project 'Firebase')
    cd /Users/hectorgarcia/Library/Developer/Xcode/DerivedData/Lyo-eagkiegzrakogpczynhkaholsscs/SourcePackages/checkouts/firebase-ios-sdk
    builtin-infoPlistUtility /Users/hectorgarcia/Library/Developer/Xcode/DerivedData/Build/Intermediates.noindex/Firebase.build/Debug-iphonesimulator/Firebase_FirebaseCoreInternal.build/empty-Firebase_FirebaseCoreInternal.plist -producttype com.apple.product-type.bundle -expandbuildsettings -format binary -platform iphonesimulator -o /Users/hectorgarcia/Library/Developer/Xcode/DerivedData/Build/Products/Debug-iphonesimulator/Firebase_FirebaseCoreInternal.bundle/Info.plist

ProcessInfoPlistFile /Users/hectorgarcia/Library/Developer/Xcode/DerivedData/Build/Products/Debug-iphonesimulator/Firebase_FirebaseCoreExtension.bundle/Info.plist /Users/hectorgarcia/Library/Developer/Xcode/DerivedData/Build/Intermediates.noindex/Firebase.build/Debug-iphonesimulator/Firebase_FirebaseCoreExtension.build/empty-Firebase_FirebaseCoreExtension.plist (in target 'Firebase_FirebaseCoreExtension' from project 'Firebase')
    cd /Users/hectorgarcia/Library/Developer/Xcode/DerivedData/Lyo-eagkiegzrakogpczynhkaholsscs/SourcePackages/checkouts/firebase-ios-sdk
    builtin-infoPlistUtility /Users/hectorgarcia/Library/Developer/Xcode/DerivedData/Build/Intermediates.noindex/Firebase.build/Debug-iphonesimulator/Firebase_FirebaseCoreExtension.build/empty-Firebase_FirebaseCoreExtension.plist -producttype com.apple.product-type.bundle -expandbuildsettings -format binary -platform iphonesimulator -o /Users/hectorgarcia/Library/Developer/Xcode/DerivedData/Build/Products/Debug-iphonesimulator/Firebase_FirebaseCoreExtension.bundle/Info.plist

ProcessInfoPlistFile /Users/hectorgarcia/Library/Developer/Xcode/DerivedData/Build/Products/Debug-iphonesimulator/nanopb_nanopb.bundle/Info.plist /Users/hectorgarcia/Library/Developer/Xcode/DerivedData/Build/Intermediates.noindex/nanopb.build/Debug-iphonesimulator/nanopb_nanopb.build/empty-nanopb_nanopb.plist (in target 'nanopb_nanopb' from project 'nanopb')
    cd /Users/hectorgarcia/Library/Developer/Xcode/DerivedData/Lyo-eagkiegzrakogpczynhkaholsscs/SourcePackages/checkouts/nanopb
    builtin-infoPlistUtility /Users/hectorgarcia/Library/Developer/Xcode/DerivedData/Build/Intermediates.noindex/nanopb.build/Debug-iphonesimulator/nanopb_nanopb.build/empty-nanopb_nanopb.plist -producttype com.apple.product-type.bundle -expandbuildsettings -format binary -platform iphonesimulator -o /Users/hectorgarcia/Library/Developer/Xcode/DerivedData/Build/Products/Debug-iphonesimulator/nanopb_nanopb.bundle/Info.plist

ProcessInfoPlistFile /Users/hectorgarcia/Library/Developer/Xcode/DerivedData/Build/Products/Debug-iphonesimulator/Promises_Promises.bundle/Info.plist /Users/hectorgarcia/Library/Developer/Xcode/DerivedData/Build/Intermediates.noindex/Promises.build/Debug-iphonesimulator/Promises_Promises.build/empty-Promises_Promises.plist (in target 'Promises_Promises' from project 'Promises')
    cd /Users/hectorgarcia/Library/Developer/Xcode/DerivedData/Lyo-eagkiegzrakogpczynhkaholsscs/SourcePackages/checkouts/promises
    builtin-infoPlistUtility /Users/hectorgarcia/Library/Developer/Xcode/DerivedData/Build/Intermediates.noindex/Promises.build/Debug-iphonesimulator/Promises_Promises.build/empty-Promises_Promises.plist -producttype com.apple.product-type.bundle -expandbuildsettings -format binary -platform iphonesimulator -o /Users/hectorgarcia/Library/Developer/Xcode/DerivedData/Build/Products/Debug-iphonesimulator/Promises_Promises.bundle/Info.plist

ProcessInfoPlistFile /Users/hectorgarcia/Library/Developer/Xcode/DerivedData/Build/Products/Debug-iphonesimulator/GoogleDataTransport_GoogleDataTransport.bundle/Info.plist /Users/hectorgarcia/Library/Developer/Xcode/DerivedData/Build/Intermediates.noindex/GoogleDataTransport.build/Debug-iphonesimulator/GoogleDataTransport_GoogleDataTransport.build/empty-GoogleDataTransport_GoogleDataTransport.plist (in target 'GoogleDataTransport_GoogleDataTransport' from project 'GoogleDataTransport')
    cd /Users/hectorgarcia/Library/Developer/Xcode/DerivedData/Lyo-eagkiegzrakogpczynhkaholsscs/SourcePackages/checkouts/GoogleDataTransport
    builtin-infoPlistUtility /Users/hectorgarcia/Library/Developer/Xcode/DerivedData/Build/Intermediates.noindex/GoogleDataTransport.build/Debug-iphonesimulator/GoogleDataTransport_GoogleDataTransport.build/empty-GoogleDataTransport_GoogleDataTransport.plist -producttype com.apple.product-type.bundle -expandbuildsettings -format binary -platform iphonesimulator -o /Users/hectorgarcia/Library/Developer/Xcode/DerivedData/Build/Products/Debug-iphonesimulator/GoogleDataTransport_GoogleDataTransport.bundle/Info.plist

ProcessInfoPlistFile /Users/hectorgarcia/Library/Developer/Xcode/DerivedData/Build/Products/Debug-iphonesimulator/Firebase_FirebaseCore.bundle/Info.plist /Users/hectorgarcia/Library/Developer/Xcode/DerivedData/Build/Intermediates.noindex/Firebase.build/Debug-iphonesimulator/Firebase_FirebaseCore.build/empty-Firebase_FirebaseCore.plist (in target 'Firebase_FirebaseCore' from project 'Firebase')
    cd /Users/hectorgarcia/Library/Developer/Xcode/DerivedData/Lyo-eagkiegzrakogpczynhkaholsscs/SourcePackages/checkouts/firebase-ios-sdk
    builtin-infoPlistUtility /Users/hectorgarcia/Library/Developer/Xcode/DerivedData/Build/Intermediates.noindex/Firebase.build/Debug-iphonesimulator/Firebase_FirebaseCore.build/empty-Firebase_FirebaseCore.plist -producttype com.apple.product-type.bundle -expandbuildsettings -format binary -platform iphonesimulator -o /Users/hectorgarcia/Library/Developer/Xcode/DerivedData/Build/Products/Debug-iphonesimulator/Firebase_FirebaseCore.bundle/Info.plist

ProcessInfoPlistFile /Users/hectorgarcia/Library/Developer/Xcode/DerivedData/Build/Products/Debug-iphonesimulator/Firebase_FirebaseInstallations.bundle/Info.plist /Users/hectorgarcia/Library/Developer/Xcode/DerivedData/Build/Intermediates.noindex/Firebase.build/Debug-iphonesimulator/Firebase_FirebaseInstallations.build/empty-Firebase_FirebaseInstallations.plist (in target 'Firebase_FirebaseInstallations' from project 'Firebase')
    cd /Users/hectorgarcia/Library/Developer/Xcode/DerivedData/Lyo-eagkiegzrakogpczynhkaholsscs/SourcePackages/checkouts/firebase-ios-sdk
    builtin-infoPlistUtility /Users/hectorgarcia/Library/Developer/Xcode/DerivedData/Build/Intermediates.noindex/Firebase.build/Debug-iphonesimulator/Firebase_FirebaseInstallations.build/empty-Firebase_FirebaseInstallations.plist -producttype com.apple.product-type.bundle -expandbuildsettings -format binary -platform iphonesimulator -o /Users/hectorgarcia/Library/Developer/Xcode/DerivedData/Build/Products/Debug-iphonesimulator/Firebase_FirebaseInstallations.bundle/Info.plist

ProcessInfoPlistFile /Users/hectorgarcia/Library/Developer/Xcode/DerivedData/Build/Products/Debug-iphonesimulator/GoogleUtilities_GoogleUtilities-Network.bundle/Info.plist /Users/hectorgarcia/Library/Developer/Xcode/DerivedData/Build/Intermediates.noindex/GoogleUtilities.build/Debug-iphonesimulator/GoogleUtilities_GoogleUtilities-Network.build/empty-GoogleUtilities_GoogleUtilities-Network.plist (in target 'GoogleUtilities_GoogleUtilities-Network' from project 'GoogleUtilities')
    cd /Users/hectorgarcia/Library/Developer/Xcode/DerivedData/Lyo-eagkiegzrakogpczynhkaholsscs/SourcePackages/checkouts/GoogleUtilities
    builtin-infoPlistUtility /Users/hectorgarcia/Library/Developer/Xcode/DerivedData/Build/Intermediates.noindex/GoogleUtilities.build/Debug-iphonesimulator/GoogleUtilities_GoogleUtilities-Network.build/empty-GoogleUtilities_GoogleUtilities-Network.plist -producttype com.apple.product-type.bundle -expandbuildsettings -format binary -platform iphonesimulator -o /Users/hectorgarcia/Library/Developer/Xcode/DerivedData/Build/Products/Debug-iphonesimulator/GoogleUtilities_GoogleUtilities-Network.bundle/Info.plist

ProcessInfoPlistFile /Users/hectorgarcia/Library/Developer/Xcode/DerivedData/Build/Products/Debug-iphonesimulator/GoogleUtilities_GoogleUtilities-UserDefaults.bundle/Info.plist /Users/hectorgarcia/Library/Developer/Xcode/DerivedData/Build/Intermediates.noindex/GoogleUtilities.build/Debug-iphonesimulator/GoogleUtilities_GoogleUtilities-UserDefaults.build/empty-GoogleUtilities_GoogleUtilities-UserDefaults.plist (in target 'GoogleUtilities_GoogleUtilities-UserDefaults' from project 'GoogleUtilities')
    cd /Users/hectorgarcia/Library/Developer/Xcode/DerivedData/Lyo-eagkiegzrakogpczynhkaholsscs/SourcePackages/checkouts/GoogleUtilities
    builtin-infoPlistUtility /Users/hectorgarcia/Library/Developer/Xcode/DerivedData/Build/Intermediates.noindex/GoogleUtilities.build/Debug-iphonesimulator/GoogleUtilities_GoogleUtilities-UserDefaults.build/empty-GoogleUtilities_GoogleUtilities-UserDefaults.plist -producttype com.apple.product-type.bundle -expandbuildsettings -format binary -platform iphonesimulator -o /Users/hectorgarcia/Library/Developer/Xcode/DerivedData/Build/Products/Debug-iphonesimulator/GoogleUtilities_GoogleUtilities-UserDefaults.bundle/Info.plist

ProcessInfoPlistFile /Users/hectorgarcia/Library/Developer/Xcode/DerivedData/Build/Products/Debug-iphonesimulator/Firebase_FirebaseCrashlytics.bundle/Info.plist /Users/hectorgarcia/Library/Developer/Xcode/DerivedData/Build/Intermediates.noindex/Firebase.build/Debug-iphonesimulator/Firebase_FirebaseCrashlytics.build/empty-Firebase_FirebaseCrashlytics.plist (in target 'Firebase_FirebaseCrashlytics' from project 'Firebase')
    cd /Users/hectorgarcia/Library/Developer/Xcode/DerivedData/Lyo-eagkiegzrakogpczynhkaholsscs/SourcePackages/checkouts/firebase-ios-sdk
    builtin-infoPlistUtility /Users/hectorgarcia/Library/Developer/Xcode/DerivedData/Build/Intermediates.noindex/Firebase.build/Debug-iphonesimulator/Firebase_FirebaseCrashlytics.build/empty-Firebase_FirebaseCrashlytics.plist -producttype com.apple.product-type.bundle -expandbuildsettings -format binary -platform iphonesimulator -o /Users/hectorgarcia/Library/Developer/Xcode/DerivedData/Build/Products/Debug-iphonesimulator/Firebase_FirebaseCrashlytics.bundle/Info.plist

ProcessInfoPlistFile /Users/hectorgarcia/Library/Developer/Xcode/DerivedData/Build/Products/Debug-iphonesimulator/Promises_FBLPromises.bundle/Info.plist /Users/hectorgarcia/Library/Developer/Xcode/DerivedData/Build/Intermediates.noindex/Promises.build/Debug-iphonesimulator/Promises_FBLPromises.build/empty-Promises_FBLPromises.plist (in target 'Promises_FBLPromises' from project 'Promises')
    cd /Users/hectorgarcia/Library/Developer/Xcode/DerivedData/Lyo-eagkiegzrakogpczynhkaholsscs/SourcePackages/checkouts/promises
    builtin-infoPlistUtility /Users/hectorgarcia/Library/Developer/Xcode/DerivedData/Build/Intermediates.noindex/Promises.build/Debug-iphonesimulator/Promises_FBLPromises.build/empty-Promises_FBLPromises.plist -producttype com.apple.product-type.bundle -expandbuildsettings -format binary -platform iphonesimulator -o /Users/hectorgarcia/Library/Developer/Xcode/DerivedData/Build/Products/Debug-iphonesimulator/Promises_FBLPromises.bundle/Info.plist

ProcessInfoPlistFile /Users/hectorgarcia/Library/Developer/Xcode/DerivedData/Build/Products/Debug-iphonesimulator/GoogleUtilities_GoogleUtilities-Reachability.bundle/Info.plist /Users/hectorgarcia/Library/Developer/Xcode/DerivedData/Build/Intermediates.noindex/GoogleUtilities.build/Debug-iphonesimulator/GoogleUtilities_GoogleUtilities-Reachability.build/empty-GoogleUtilities_GoogleUtilities-Reachability.plist (in target 'GoogleUtilities_GoogleUtilities-Reachability' from project 'GoogleUtilities')
    cd /Users/hectorgarcia/Library/Developer/Xcode/DerivedData/Lyo-eagkiegzrakogpczynhkaholsscs/SourcePackages/checkouts/GoogleUtilities
    builtin-infoPlistUtility /Users/hectorgarcia/Library/Developer/Xcode/DerivedData/Build/Intermediates.noindex/GoogleUtilities.build/Debug-iphonesimulator/GoogleUtilities_GoogleUtilities-Reachability.build/empty-GoogleUtilities_GoogleUtilities-Reachability.plist -producttype com.apple.product-type.bundle -expandbuildsettings -format binary -platform iphonesimulator -o /Users/hectorgarcia/Library/Developer/Xcode/DerivedData/Build/Products/Debug-iphonesimulator/GoogleUtilities_GoogleUtilities-Reachability.bundle/Info.plist

ProcessInfoPlistFile /Users/hectorgarcia/Library/Developer/Xcode/DerivedData/Build/Products/Debug-iphonesimulator/GoogleUtilities_GoogleUtilities-Logger.bundle/Info.plist /Users/hectorgarcia/Library/Developer/Xcode/DerivedData/Build/Intermediates.noindex/GoogleUtilities.build/Debug-iphonesimulator/GoogleUtilities_GoogleUtilities-Logger.build/empty-GoogleUtilities_GoogleUtilities-Logger.plist (in target 'GoogleUtilities_GoogleUtilities-Logger' from project 'GoogleUtilities')
    cd /Users/hectorgarcia/Library/Developer/Xcode/DerivedData/Lyo-eagkiegzrakogpczynhkaholsscs/SourcePackages/checkouts/GoogleUtilities
    builtin-infoPlistUtility /Users/hectorgarcia/Library/Developer/Xcode/DerivedData/Build/Intermediates.noindex/GoogleUtilities.build/Debug-iphonesimulator/GoogleUtilities_GoogleUtilities-Logger.build/empty-GoogleUtilities_GoogleUtilities-Logger.plist -producttype com.apple.product-type.bundle -expandbuildsettings -format binary -platform iphonesimulator -o /Users/hectorgarcia/Library/Developer/Xcode/DerivedData/Build/Products/Debug-iphonesimulator/GoogleUtilities_GoogleUtilities-Logger.bundle/Info.plist

ProcessInfoPlistFile /Users/hectorgarcia/Library/Developer/Xcode/DerivedData/Build/Products/Debug-iphonesimulator/GoogleUtilities_GoogleUtilities-Environment.bundle/Info.plist /Users/hectorgarcia/Library/Developer/Xcode/DerivedData/Build/Intermediates.noindex/GoogleUtilities.build/Debug-iphonesimulator/GoogleUtilities_GoogleUtilities-Environment.build/empty-GoogleUtilities_GoogleUtilities-Environment.plist (in target 'GoogleUtilities_GoogleUtilities-Environment' from project 'GoogleUtilities')
    cd /Users/hectorgarcia/Library/Developer/Xcode/DerivedData/Lyo-eagkiegzrakogpczynhkaholsscs/SourcePackages/checkouts/GoogleUtilities
    builtin-infoPlistUtility /Users/hectorgarcia/Library/Developer/Xcode/DerivedData/Build/Intermediates.noindex/GoogleUtilities.build/Debug-iphonesimulator/GoogleUtilities_GoogleUtilities-Environment.build/empty-GoogleUtilities_GoogleUtilities-Environment.plist -producttype com.apple.product-type.bundle -expandbuildsettings -format binary -platform iphonesimulator -o /Users/hectorgarcia/Library/Developer/Xcode/DerivedData/Build/Products/Debug-iphonesimulator/GoogleUtilities_GoogleUtilities-Environment.bundle/Info.plist

ProcessInfoPlistFile /Users/hectorgarcia/Library/Developer/Xcode/DerivedData/Build/Products/Debug-iphonesimulator/GoogleUtilities_GoogleUtilities-AppDelegateSwizzler.bundle/Info.plist /Users/hectorgarcia/Library/Developer/Xcode/DerivedData/Build/Intermediates.noindex/GoogleUtilities.build/Debug-iphonesimulator/GoogleUtilities_GoogleUtilities-AppDelegateSwizzler.build/empty-GoogleUtilities_GoogleUtilities-AppDelegateSwizzler.plist (in target 'GoogleUtilities_GoogleUtilities-AppDelegateSwizzler' from project 'GoogleUtilities')
    cd /Users/hectorgarcia/Library/Developer/Xcode/DerivedData/Lyo-eagkiegzrakogpczynhkaholsscs/SourcePackages/checkouts/GoogleUtilities
    builtin-infoPlistUtility /Users/hectorgarcia/Library/Developer/Xcode/DerivedData/Build/Intermediates.noindex/GoogleUtilities.build/Debug-iphonesimulator/GoogleUtilities_GoogleUtilities-AppDelegateSwizzler.build/empty-GoogleUtilities_GoogleUtilities-AppDelegateSwizzler.plist -producttype com.apple.product-type.bundle -expandbuildsettings -format binary -platform iphonesimulator -o /Users/hectorgarcia/Library/Developer/Xcode/DerivedData/Build/Products/Debug-iphonesimulator/GoogleUtilities_GoogleUtilities-AppDelegateSwizzler.bundle/Info.plist

ProcessInfoPlistFile /Users/hectorgarcia/Library/Developer/Xcode/DerivedData/Build/Products/Debug-iphonesimulator/Firebase_FirebaseAuth.bundle/Info.plist /Users/hectorgarcia/Library/Developer/Xcode/DerivedData/Build/Intermediates.noindex/Firebase.build/Debug-iphonesimulator/Firebase_FirebaseAuth.build/empty-Firebase_FirebaseAuth.plist (in target 'Firebase_FirebaseAuth' from project 'Firebase')
    cd /Users/hectorgarcia/Library/Developer/Xcode/DerivedData/Lyo-eagkiegzrakogpczynhkaholsscs/SourcePackages/checkouts/firebase-ios-sdk
    builtin-infoPlistUtility /Users/hectorgarcia/Library/Developer/Xcode/DerivedData/Build/Intermediates.noindex/Firebase.build/Debug-iphonesimulator/Firebase_FirebaseAuth.build/empty-Firebase_FirebaseAuth.plist -producttype com.apple.product-type.bundle -expandbuildsettings -format binary -platform iphonesimulator -o /Users/hectorgarcia/Library/Developer/Xcode/DerivedData/Build/Products/Debug-iphonesimulator/Firebase_FirebaseAuth.bundle/Info.plist

Ld /Users/hectorgarcia/Library/Developer/Xcode/DerivedData/Build/Products/Debug-iphonesimulator/Lyo.app/Lyo normal (in target 'Lyo' from project 'Lyo')
    cd /Users/hectorgarcia/LYO_Da_ONE
    /Users/hectorgarcia/Downloads/Xcode.app/Contents/Developer/Toolchains/XcodeDefault.xctoolchain/usr/bin/clang -Xlinker -reproducible -target x86_64-apple-ios17.0-simulator -isysroot /Users/hectorgarcia/Downloads/Xcode.app/Contents/Developer/Platforms/iPhoneSimulator.platform/Developer/SDKs/iPhoneSimulator26.2.sdk -O0 -L/Users/hectorgarcia/Library/Developer/Xcode/DerivedData/Build/Intermediates.noindex/EagerLinkingTBDs/Debug-iphonesimulator -L/Users/hectorgarcia/Library/Developer/Xcode/DerivedData/Build/Products/Debug-iphonesimulator -F/Users/hectorgarcia/Library/Developer/Xcode/DerivedData/Build/Intermediates.noindex/EagerLinkingTBDs/Debug-iphonesimulator -F/Users/hectorgarcia/Library/Developer/Xcode/DerivedData/Build/Products/Debug-iphonesimulator/PackageFrameworks -F/Users/hectorgarcia/Library/Developer/Xcode/DerivedData/Build/Products/Debug-iphonesimulator/PackageFrameworks -F/Users/hectorgarcia/Library/Developer/Xcode/DerivedData/Build/Products/Debug-iphonesimulator/PackageFrameworks -F/Users/hectorgarcia/Library/Developer/Xcode/DerivedData/Build/Products/Debug-iphonesimulator/PackageFrameworks -F/Users/hectorgarcia/Library/Developer/Xcode/DerivedData/Build/Products/Debug-iphonesimulator/PackageFrameworks -F/Users/hectorgarcia/Library/Developer/Xcode/DerivedData/Build/Products/Debug-iphonesimulator/PackageFrameworks -F/Users/hectorgarcia/Library/Developer/Xcode/DerivedData/Build/Products/Debug-iphonesimulator/PackageFrameworks -F/Users/hectorgarcia/Library/Developer/Xcode/DerivedData/Build/Products/Debug-iphonesimulator/PackageFrameworks -F/Users/hectorgarcia/Library/Developer/Xcode/DerivedData/Build/Products/Debug-iphonesimulator/PackageFrameworks -F/Users/hectorgarcia/Library/Developer/Xcode/DerivedData/Build/Products/Debug-iphonesimulator/PackageFrameworks -F/Users/hectorgarcia/Library/Developer/Xcode/DerivedData/Build/Products/Debug-iphonesimulator/PackageFrameworks -F/Users/hectorgarcia/Library/Developer/Xcode/DerivedData/Build/Products/Debug-iphonesimulator/PackageFrameworks -F/Users/hectorgarcia/Library/Developer/Xcode/DerivedData/Build/Products/Debug-iphonesimulator/PackageFrameworks -F/Users/hectorgarcia/Library/Developer/Xcode/DerivedData/Build/Products/Debug-iphonesimulator/PackageFrameworks -F/Users/hectorgarcia/Library/Developer/Xcode/DerivedData/Build/Products/Debug-iphonesimulator/PackageFrameworks -F/Users/hectorgarcia/Library/Developer/Xcode/DerivedData/Build/Products/Debug-iphonesimulator/PackageFrameworks -F/Users/hectorgarcia/Library/Developer/Xcode/DerivedData/Build/Products/Debug-iphonesimulator/PackageFrameworks -F/Users/hectorgarcia/Library/Developer/Xcode/DerivedData/Build/Products/Debug-iphonesimulator/PackageFrameworks -F/Users/hectorgarcia/Library/Developer/Xcode/DerivedData/Build/Products/Debug-iphonesimulator/PackageFrameworks -F/Users/hectorgarcia/Library/Developer/Xcode/DerivedData/Build/Products/Debug-iphonesimulator/PackageFrameworks -F/Users/hectorgarcia/Library/Developer/Xcode/DerivedData/Build/Products/Debug-iphonesimulator/PackageFrameworks -F/Users/hectorgarcia/Library/Developer/Xcode/DerivedData/Build/Products/Debug-iphonesimulator/PackageFrameworks -F/Users/hectorgarcia/Library/Developer/Xcode/DerivedData/Build/Products/Debug-iphonesimulator/PackageFrameworks -F/Users/hectorgarcia/Library/Developer/Xcode/DerivedData/Build/Products/Debug-iphonesimulator/PackageFrameworks -F/Users/hectorgarcia/Library/Developer/Xcode/DerivedData/Build/Products/Debug-iphonesimulator/PackageFrameworks -F/Users/hectorgarcia/Library/Developer/Xcode/DerivedData/Build/Products/Debug-iphonesimulator/PackageFrameworks -F/Users/hectorgarcia/Library/Developer/Xcode/DerivedData/Build/Products/Debug-iphonesimulator/PackageFrameworks -F/Users/hectorgarcia/Library/Developer/Xcode/DerivedData/Build/Products/Debug-iphonesimulator/PackageFrameworks -F/Users/hectorgarcia/Library/Developer/Xcode/DerivedData/Build/Products/Debug-iphonesimulator/PackageFrameworks -F/Users/hectorgarcia/Library/Developer/Xcode/DerivedData/Build/Products/Debug-iphonesimulator/PackageFrameworks -F/Users/hectorgarcia/Library/Developer/Xcode/DerivedData/Build/Products/Debug-iphonesimulator -filelist /Users/hectorgarcia/Library/Developer/Xcode/DerivedData/Build/Intermediates.noindex/Lyo.build/Debug-iphonesimulator/Lyo.build/Objects-normal/x86_64/Lyo.LinkFileList -Xlinker -rpath -Xlinker /usr/lib/swift -Xlinker -rpath -Xlinker /Users/hectorgarcia/Library/Developer/Xcode/DerivedData/Build/Products/Debug-iphonesimulator/PackageFrameworks -Xlinker -rpath -Xlinker @executable_path/Frameworks -dead_strip -Xlinker -object_path_lto -Xlinker /Users/hectorgarcia/Library/Developer/Xcode/DerivedData/Build/Intermediates.noindex/Lyo.build/Debug-iphonesimulator/Lyo.build/Objects-normal/x86_64/Lyo_lto.o -rdynamic -Xlinker -no_deduplicate -Xlinker -objc_abi_version -Xlinker 2 -Xlinker -dependency_info -Xlinker /Users/hectorgarcia/Library/Developer/Xcode/DerivedData/Build/Intermediates.noindex/Lyo.build/Debug-iphonesimulator/Lyo.build/Objects-normal/x86_64/Lyo_dependency_info.dat -fobjc-link-runtime -L/Users/hectorgarcia/Downloads/Xcode.app/Contents/Developer/Toolchains/XcodeDefault.xctoolchain/usr/lib/swift/iphonesimulator -L/usr/lib/swift -Xlinker -add_ast_path -Xlinker /Users/hectorgarcia/Library/Developer/Xcode/DerivedData/Build/Intermediates.noindex/Lyo.build/Debug-iphonesimulator/Lyo.build/Objects-normal/x86_64/Lyo.swiftmodule @/Users/hectorgarcia/Library/Developer/Xcode/DerivedData/Build/Intermediates.noindex/Lyo.build/Debug-iphonesimulator/Lyo.build/Objects-normal/x86_64/Lyo-linker-args.resp -Wl,-no_warn_duplicate_libraries -Wl,-no_warn_duplicate_libraries -Wl,-no_warn_duplicate_libraries -Wl,-no_warn_duplicate_libraries -Wl,-no_warn_duplicate_libraries -Wl,-no_warn_duplicate_libraries -Wl,-no_warn_duplicate_libraries -Wl,-no_warn_duplicate_libraries -Wl,-no_warn_duplicate_libraries -Wl,-no_warn_duplicate_libraries -Wl,-no_warn_duplicate_libraries -Wl,-no_warn_duplicate_libraries -Wl,-no_warn_duplicate_libraries -Wl,-no_warn_duplicate_libraries -Wl,-no_warn_duplicate_libraries -Wl,-no_warn_duplicate_libraries -Wl,-no_warn_duplicate_libraries -Wl,-no_warn_duplicate_libraries -Wl,-no_warn_duplicate_libraries -Wl,-no_warn_duplicate_libraries -Wl,-no_warn_duplicate_libraries -Wl,-no_warn_duplicate_libraries -Wl,-no_warn_duplicate_libraries -Wl,-no_warn_duplicate_libraries -Wl,-no_warn_duplicate_libraries -Wl,-no_warn_duplicate_libraries -Wl,-no_warn_duplicate_libraries -Wl,-no_warn_duplicate_libraries -Wl,-no_warn_duplicate_libraries -lc++ -Wl,-no_warn_duplicate_libraries -Xlinker -no_warn_duplicate_libraries -framework Security -framework SystemConfiguration -framework UIKit -framework Security -framework Security -framework SystemConfiguration -framework Security -framework SystemConfiguration -framework SystemConfiguration -framework CoreTelephony -lz -framework Security -framework SafariServices -framework CoreGraphics -framework CoreText -framework Foundation -framework LocalAuthentication -framework Security -framework UIKit -framework Security -Xlinker -sectcreate -Xlinker __TEXT -Xlinker __entitlements -Xlinker /Users/hectorgarcia/Library/Developer/Xcode/DerivedData/Build/Intermediates.noindex/Lyo.build/Debug-iphonesimulator/Lyo.build/Lyo.app-Simulated.xcent -Xlinker -sectcreate -Xlinker __TEXT -Xlinker __ents_der -Xlinker /Users/hectorgarcia/Library/Developer/Xcode/DerivedData/Build/Intermediates.noindex/Lyo.build/Debug-iphonesimulator/Lyo.build/Lyo.app-Simulated.xcent.der -framework AVFoundation -framework AVKit -Xlinker -no_adhoc_codesign -o /Users/hectorgarcia/Library/Developer/Xcode/DerivedData/Build/Products/Debug-iphonesimulator/Lyo.app/Lyo -Xlinker -add_ast_path -Xlinker /Users/hectorgarcia/Library/Developer/Xcode/DerivedData/Build/Intermediates.noindex/GTMAppAuth.build/Debug-iphonesimulator/GTMAppAuth.build/Objects-normal/x86_64/GTMAppAuth.swiftmodule @/Users/hectorgarcia/Library/Developer/Xcode/DerivedData/Build/Intermediates.noindex/GTMAppAuth.build/Debug-iphonesimulator/GTMAppAuth.build/Objects-normal/x86_64/GTMAppAuth-linker-args.resp -Xlinker -add_ast_path -Xlinker /Users/hectorgarcia/Library/Developer/Xcode/DerivedData/Build/Intermediates.noindex/Firebase.build/Debug-iphonesimulator/FirebaseCoreInternal.build/Objects-normal/x86_64/FirebaseCoreInternal.swiftmodule @/Users/hectorgarcia/Library/Developer/Xcode/DerivedData/Build/Intermediates.noindex/Firebase.build/Debug-iphonesimulator/FirebaseCoreInternal.build/Objects-normal/x86_64/FirebaseCoreInternal-linker-args.resp -Xlinker -add_ast_path -Xlinker /Users/hectorgarcia/Library/Developer/Xcode/DerivedData/Build/Intermediates.noindex/Promises.build/Debug-iphonesimulator/Promises.build/Objects-normal/x86_64/Promises.swiftmodule @/Users/hectorgarcia/Library/Developer/Xcode/DerivedData/Build/Intermediates.noindex/Promises.build/Debug-iphonesimulator/Promises.build/Objects-normal/x86_64/Promises-linker-args.resp -Xlinker -add_ast_path -Xlinker /Users/hectorgarcia/Library/Developer/Xcode/DerivedData/Build/Intermediates.noindex/Firebase.build/Debug-iphonesimulator/FirebaseSessions.build/Objects-normal/x86_64/FirebaseSessions.swiftmodule @/Users/hectorgarcia/Library/Developer/Xcode/DerivedData/Build/Intermediates.noindex/Firebase.build/Debug-iphonesimulator/FirebaseSessions.build/Objects-normal/x86_64/FirebaseSessions-linker-args.resp -Xlinker -add_ast_path -Xlinker /Users/hectorgarcia/Library/Developer/Xcode/DerivedData/Build/Intermediates.noindex/Firebase.build/Debug-iphonesimulator/FirebaseRemoteConfigInterop.build/Objects-normal/x86_64/FirebaseRemoteConfigInterop.swiftmodule @/Users/hectorgarcia/Library/Developer/Xcode/DerivedData/Build/Intermediates.noindex/Firebase.build/Debug-iphonesimulator/FirebaseRemoteConfigInterop.build/Objects-normal/x86_64/FirebaseRemoteConfigInterop-linker-args.resp -Xlinker -add_ast_path -Xlinker /Users/hectorgarcia/Library/Developer/Xcode/DerivedData/Build/Intermediates.noindex/Firebase.build/Debug-iphonesimulator/FirebaseCrashlyticsSwift.build/Objects-normal/x86_64/FirebaseCrashlyticsSwift.swiftmodule @/Users/hectorgarcia/Library/Developer/Xcode/DerivedData/Build/Intermediates.noindex/Firebase.build/Debug-iphonesimulator/FirebaseCrashlyticsSwift.build/Objects-normal/x86_64/FirebaseCrashlyticsSwift-linker-args.resp

ExtractAppIntentsMetadata (in target 'Lyo' from project 'Lyo')
    cd /Users/hectorgarcia/LYO_Da_ONE
    /Users/hectorgarcia/Downloads/Xcode.app/Contents/Developer/Toolchains/XcodeDefault.xctoolchain/usr/bin/appintentsmetadataprocessor --toolchain-dir /Users/hectorgarcia/Downloads/Xcode.app/Contents/Developer/Toolchains/XcodeDefault.xctoolchain --module-name Lyo --sdk-root /Users/hectorgarcia/Downloads/Xcode.app/Contents/Developer/Platforms/iPhoneSimulator.platform/Developer/SDKs/iPhoneSimulator26.2.sdk --xcode-version 17C52 --platform-family iOS --deployment-target 17.0 --bundle-identifier com.lyo.app --output /Users/hectorgarcia/Library/Developer/Xcode/DerivedData/Build/Products/Debug-iphonesimulator/Lyo.app --target-triple x86_64-apple-ios17.0-simulator --binary-file /Users/hectorgarcia/Library/Developer/Xcode/DerivedData/Build/Products/Debug-iphonesimulator/Lyo.app/Lyo --dependency-file /Users/hectorgarcia/Library/Developer/Xcode/DerivedData/Build/Intermediates.noindex/Lyo.build/Debug-iphonesimulator/Lyo.build/Objects-normal/x86_64/Lyo_dependency_info.dat --stringsdata-file /Users/hectorgarcia/Library/Developer/Xcode/DerivedData/Build/Intermediates.noindex/Lyo.build/Debug-iphonesimulator/Lyo.build/Objects-normal/x86_64/ExtractedAppShortcutsMetadata.stringsdata --source-file-list /Users/hectorgarcia/Library/Developer/Xcode/DerivedData/Build/Intermediates.noindex/Lyo.build/Debug-iphonesimulator/Lyo.build/Objects-normal/x86_64/Lyo.SwiftFileList --metadata-file-list /Users/hectorgarcia/Library/Developer/Xcode/DerivedData/Build/Intermediates.noindex/Lyo.build/Debug-iphonesimulator/Lyo.build/Lyo.DependencyMetadataFileList --static-metadata-file-list /Users/hectorgarcia/Library/Developer/Xcode/DerivedData/Build/Intermediates.noindex/Lyo.build/Debug-iphonesimulator/Lyo.build/Lyo.DependencyStaticMetadataFileList --swift-const-vals-list /Users/hectorgarcia/Library/Developer/Xcode/DerivedData/Build/Intermediates.noindex/Lyo.build/Debug-iphonesimulator/Lyo.build/Objects-normal/x86_64/Lyo.SwiftConstValuesFileList --compile-time-extraction --deployment-aware-processing --validate-assistant-intents --no-app-shortcuts-localization
2026-01-17 22:20:49.962 appintentsmetadataprocessor[77174:9395879] Starting appintentsmetadataprocessor export
2026-01-17 22:20:49.979 appintentsmetadataprocessor[77174:9395879] warning: Metadata extraction skipped. No AppIntents.framework dependency found.

ProcessInfoPlistFile /Users/hectorgarcia/Library/Developer/Xcode/DerivedData/Build/Products/Debug-iphonesimulator/Lyo.app/Info.plist /Users/hectorgarcia/LYO_Da_ONE/Sources/Resources/Info.plist (in target 'Lyo' from project 'Lyo')
    cd /Users/hectorgarcia/LYO_Da_ONE
    builtin-infoPlistUtility /Users/hectorgarcia/LYO_Da_ONE/Sources/Resources/Info.plist -producttype com.apple.product-type.application -genpkginfo /Users/hectorgarcia/Library/Developer/Xcode/DerivedData/Build/Products/Debug-iphonesimulator/Lyo.app/PkgInfo -expandbuildsettings -format binary -platform iphonesimulator -additionalcontentfile /Users/hectorgarcia/Library/Developer/Xcode/DerivedData/Build/Intermediates.noindex/Lyo.build/Debug-iphonesimulator/Lyo.build/assetcatalog_generated_info.plist -scanforprivacyfile /Users/hectorgarcia/Library/Developer/Xcode/DerivedData/Build/Products/Debug-iphonesimulator/Lyo.app/AppAuth_AppAuth.bundle -scanforprivacyfile /Users/hectorgarcia/Library/Developer/Xcode/DerivedData/Build/Products/Debug-iphonesimulator/Lyo.app/AppAuth_AppAuthCore.bundle -scanforprivacyfile /Users/hectorgarcia/Library/Developer/Xcode/DerivedData/Build/Products/Debug-iphonesimulator/Lyo.app/Firebase_FirebaseAuth.bundle -scanforprivacyfile /Users/hectorgarcia/Library/Developer/Xcode/DerivedData/Build/Products/Debug-iphonesimulator/Lyo.app/Firebase_FirebaseCore.bundle -scanforprivacyfile /Users/hectorgarcia/Library/Developer/Xcode/DerivedData/Build/Products/Debug-iphonesimulator/Lyo.app/Firebase_FirebaseCoreExtension.bundle -scanforprivacyfile /Users/hectorgarcia/Library/Developer/Xcode/DerivedData/Build/Products/Debug-iphonesimulator/Lyo.app/Firebase_FirebaseCoreInternal.bundle -scanforprivacyfile /Users/hectorgarcia/Library/Developer/Xcode/DerivedData/Build/Products/Debug-iphonesimulator/Lyo.app/Firebase_FirebaseCrashlytics.bundle -scanforprivacyfile /Users/hectorgarcia/Library/Developer/Xcode/DerivedData/Build/Products/Debug-iphonesimulator/Lyo.app/Firebase_FirebaseInstallations.bundle -scanforprivacyfile /Users/hectorgarcia/Library/Developer/Xcode/DerivedData/Build/Products/Debug-iphonesimulator/Lyo.app/GTMAppAuth_GTMAppAuth.bundle -scanforprivacyfile /Users/hectorgarcia/Library/Developer/Xcode/DerivedData/Build/Products/Debug-iphonesimulator/Lyo.app/GTMSessionFetcher_GTMSessionFetcherCore.bundle -scanforprivacyfile /Users/hectorgarcia/Library/Developer/Xcode/DerivedData/Build/Products/Debug-iphonesimulator/Lyo.app/GoogleDataTransport_GoogleDataTransport.bundle -scanforprivacyfile /Users/hectorgarcia/Library/Developer/Xcode/DerivedData/Build/Products/Debug-iphonesimulator/Lyo.app/GoogleSignIn_GoogleSignIn.bundle -scanforprivacyfile /Users/hectorgarcia/Library/Developer/Xcode/DerivedData/Build/Products/Debug-iphonesimulator/Lyo.app/GoogleUtilities_GoogleUtilities-AppDelegateSwizzler.bundle -scanforprivacyfile /Users/hectorgarcia/Library/Developer/Xcode/DerivedData/Build/Products/Debug-iphonesimulator/Lyo.app/GoogleUtilities_GoogleUtilities-Environment.bundle -scanforprivacyfile /Users/hectorgarcia/Library/Developer/Xcode/DerivedData/Build/Products/Debug-iphonesimulator/Lyo.app/GoogleUtilities_GoogleUtilities-Logger.bundle -scanforprivacyfile /Users/hectorgarcia/Library/Developer/Xcode/DerivedData/Build/Products/Debug-iphonesimulator/Lyo.app/GoogleUtilities_GoogleUtilities-NSData.bundle -scanforprivacyfile /Users/hectorgarcia/Library/Developer/Xcode/DerivedData/Build/Products/Debug-iphonesimulator/Lyo.app/GoogleUtilities_GoogleUtilities-Network.bundle -scanforprivacyfile /Users/hectorgarcia/Library/Developer/Xcode/DerivedData/Build/Products/Debug-iphonesimulator/Lyo.app/GoogleUtilities_GoogleUtilities-Reachability.bundle -scanforprivacyfile /Users/hectorgarcia/Library/Developer/Xcode/DerivedData/Build/Products/Debug-iphonesimulator/Lyo.app/GoogleUtilities_GoogleUtilities-UserDefaults.bundle -scanforprivacyfile /Users/hectorgarcia/Library/Developer/Xcode/DerivedData/Build/Products/Debug-iphonesimulator/Lyo.app/Promises_FBLPromises.bundle -scanforprivacyfile /Users/hectorgarcia/Library/Developer/Xcode/DerivedData/Build/Products/Debug-iphonesimulator/Lyo.app/Promises_Promises.bundle -scanforprivacyfile /Users/hectorgarcia/Library/Developer/Xcode/DerivedData/Build/Products/Debug-iphonesimulator/Lyo.app/nanopb_nanopb.bundle -o /Users/hectorgarcia/Library/Developer/Xcode/DerivedData/Build/Products/Debug-iphonesimulator/Lyo.app/Info.plist

CopySwiftLibs /Users/hectorgarcia/Library/Developer/Xcode/DerivedData/Build/Products/Debug-iphonesimulator/Lyo.app (in target 'Lyo' from project 'Lyo')
    cd /Users/hectorgarcia/LYO_Da_ONE
    builtin-swiftStdLibTool --copy --verbose --sign - --scan-executable /Users/hectorgarcia/Library/Developer/Xcode/DerivedData/Build/Products/Debug-iphonesimulator/Lyo.app/Lyo --scan-folder /Users/hectorgarcia/Library/Developer/Xcode/DerivedData/Build/Products/Debug-iphonesimulator/Lyo.app/Frameworks --scan-folder /Users/hectorgarcia/Library/Developer/Xcode/DerivedData/Build/Products/Debug-iphonesimulator/Lyo.app/PlugIns --scan-folder /Users/hectorgarcia/Library/Developer/Xcode/DerivedData/Build/Products/Debug-iphonesimulator/Lyo.app/SystemExtensions --scan-folder /Users/hectorgarcia/Library/Developer/Xcode/DerivedData/Build/Products/Debug-iphonesimulator/Lyo.app/Extensions --scan-folder /Users/hectorgarcia/Downloads/Xcode.app/Contents/Developer/Platforms/iPhoneSimulator.platform/Developer/SDKs/iPhoneSimulator26.2.sdk/System/Library/Frameworks/AVFoundation.framework --scan-folder /Users/hectorgarcia/Downloads/Xcode.app/Contents/Developer/Platforms/iPhoneSimulator.platform/Developer/SDKs/iPhoneSimulator26.2.sdk/System/Library/Frameworks/AVKit.framework --platform iphonesimulator --toolchain /Users/hectorgarcia/Downloads/Xcode.app/Contents/Developer/Toolchains/XcodeDefault.xctoolchain --destination /Users/hectorgarcia/Library/Developer/Xcode/DerivedData/Build/Products/Debug-iphonesimulator/Lyo.app/Frameworks --strip-bitcode --strip-bitcode-tool /Users/hectorgarcia/Downloads/Xcode.app/Contents/Developer/Toolchains/XcodeDefault.xctoolchain/usr/bin/bitcode_strip --emit-dependency-info /Users/hectorgarcia/Library/Developer/Xcode/DerivedData/Build/Intermediates.noindex/Lyo.build/Debug-iphonesimulator/Lyo.build/SwiftStdLibToolInputDependencies.dep --filter-for-swift-os

Ld /Users/hectorgarcia/Library/Developer/Xcode/DerivedData/Build/Products/Debug-iphonesimulator/Lyo.app/PlugIns/LyoTests.xctest/LyoTests normal (in target 'LyoTests' from project 'Lyo')
    cd /Users/hectorgarcia/LYO_Da_ONE
    /Users/hectorgarcia/Downloads/Xcode.app/Contents/Developer/Toolchains/XcodeDefault.xctoolchain/usr/bin/clang -Xlinker -reproducible -target x86_64-apple-ios17.0-simulator -bundle -isysroot /Users/hectorgarcia/Downloads/Xcode.app/Contents/Developer/Platforms/iPhoneSimulator.platform/Developer/SDKs/iPhoneSimulator26.2.sdk -O0 -L/Users/hectorgarcia/Library/Developer/Xcode/DerivedData/Build/Intermediates.noindex/EagerLinkingTBDs/Debug-iphonesimulator -L/Users/hectorgarcia/Library/Developer/Xcode/DerivedData/Build/Products/Debug-iphonesimulator -L/Users/hectorgarcia/Downloads/Xcode.app/Contents/Developer/Platforms/iPhoneSimulator.platform/Developer/usr/lib -F/Users/hectorgarcia/Library/Developer/Xcode/DerivedData/Build/Intermediates.noindex/EagerLinkingTBDs/Debug-iphonesimulator -F/Users/hectorgarcia/Library/Developer/Xcode/DerivedData/Build/Products/Debug-iphonesimulator/PackageFrameworks -F/Users/hectorgarcia/Library/Developer/Xcode/DerivedData/Build/Products/Debug-iphonesimulator/PackageFrameworks -F/Users/hectorgarcia/Library/Developer/Xcode/DerivedData/Build/Products/Debug-iphonesimulator/PackageFrameworks -F/Users/hectorgarcia/Library/Developer/Xcode/DerivedData/Build/Products/Debug-iphonesimulator/PackageFrameworks -F/Users/hectorgarcia/Library/Developer/Xcode/DerivedData/Build/Products/Debug-iphonesimulator/PackageFrameworks -F/Users/hectorgarcia/Library/Developer/Xcode/DerivedData/Build/Products/Debug-iphonesimulator/PackageFrameworks -F/Users/hectorgarcia/Library/Developer/Xcode/DerivedData/Build/Products/Debug-iphonesimulator/PackageFrameworks -F/Users/hectorgarcia/Library/Developer/Xcode/DerivedData/Build/Products/Debug-iphonesimulator/PackageFrameworks -F/Users/hectorgarcia/Library/Developer/Xcode/DerivedData/Build/Products/Debug-iphonesimulator/PackageFrameworks -F/Users/hectorgarcia/Library/Developer/Xcode/DerivedData/Build/Products/Debug-iphonesimulator/PackageFrameworks -F/Users/hectorgarcia/Library/Developer/Xcode/DerivedData/Build/Products/Debug-iphonesimulator/PackageFrameworks -F/Users/hectorgarcia/Library/Developer/Xcode/DerivedData/Build/Products/Debug-iphonesimulator/PackageFrameworks -F/Users/hectorgarcia/Library/Developer/Xcode/DerivedData/Build/Products/Debug-iphonesimulator/PackageFrameworks -F/Users/hectorgarcia/Library/Developer/Xcode/DerivedData/Build/Products/Debug-iphonesimulator/PackageFrameworks -F/Users/hectorgarcia/Library/Developer/Xcode/DerivedData/Build/Products/Debug-iphonesimulator/PackageFrameworks -F/Users/hectorgarcia/Library/Developer/Xcode/DerivedData/Build/Products/Debug-iphonesimulator/PackageFrameworks -F/Users/hectorgarcia/Library/Developer/Xcode/DerivedData/Build/Products/Debug-iphonesimulator/PackageFrameworks -F/Users/hectorgarcia/Library/Developer/Xcode/DerivedData/Build/Products/Debug-iphonesimulator/PackageFrameworks -F/Users/hectorgarcia/Library/Developer/Xcode/DerivedData/Build/Products/Debug-iphonesimulator/PackageFrameworks -F/Users/hectorgarcia/Library/Developer/Xcode/DerivedData/Build/Products/Debug-iphonesimulator/PackageFrameworks -F/Users/hectorgarcia/Library/Developer/Xcode/DerivedData/Build/Products/Debug-iphonesimulator/PackageFrameworks -F/Users/hectorgarcia/Library/Developer/Xcode/DerivedData/Build/Products/Debug-iphonesimulator/PackageFrameworks -F/Users/hectorgarcia/Library/Developer/Xcode/DerivedData/Build/Products/Debug-iphonesimulator/PackageFrameworks -F/Users/hectorgarcia/Library/Developer/Xcode/DerivedData/Build/Products/Debug-iphonesimulator/PackageFrameworks -F/Users/hectorgarcia/Library/Developer/Xcode/DerivedData/Build/Products/Debug-iphonesimulator/PackageFrameworks -F/Users/hectorgarcia/Library/Developer/Xcode/DerivedData/Build/Products/Debug-iphonesimulator/PackageFrameworks -F/Users/hectorgarcia/Library/Developer/Xcode/DerivedData/Build/Products/Debug-iphonesimulator/PackageFrameworks -F/Users/hectorgarcia/Library/Developer/Xcode/DerivedData/Build/Products/Debug-iphonesimulator/PackageFrameworks -F/Users/hectorgarcia/Library/Developer/Xcode/DerivedData/Build/Products/Debug-iphonesimulator/PackageFrameworks -F/Users/hectorgarcia/Library/Developer/Xcode/DerivedData/Build/Products/Debug-iphonesimulator/PackageFrameworks -F/Users/hectorgarcia/Library/Developer/Xcode/DerivedData/Build/Products/Debug-iphonesimulator -iframework /Users/hectorgarcia/Downloads/Xcode.app/Contents/Developer/Platforms/iPhoneSimulator.platform/Developer/Library/Frameworks -iframework /Users/hectorgarcia/Downloads/Xcode.app/Contents/Developer/Platforms/iPhoneSimulator.platform/Developer/SDKs/iPhoneSimulator26.2.sdk/Developer/Library/Frameworks -filelist /Users/hectorgarcia/Library/Developer/Xcode/DerivedData/Build/Intermediates.noindex/Lyo.build/Debug-iphonesimulator/LyoTests.build/Objects-normal/x86_64/LyoTests.LinkFileList -Xlinker -rpath -Xlinker /usr/lib/swift -Xlinker -rpath -Xlinker /Users/hectorgarcia/Library/Developer/Xcode/DerivedData/Build/Products/Debug-iphonesimulator/PackageFrameworks -Xlinker -rpath -Xlinker @loader_path/Frameworks -Xlinker -rpath -Xlinker @executable_path/Frameworks -dead_strip -bundle_loader /Users/hectorgarcia/Library/Developer/Xcode/DerivedData/Build/Products/Debug-iphonesimulator/Lyo.app/Lyo -Xlinker -object_path_lto -Xlinker /Users/hectorgarcia/Library/Developer/Xcode/DerivedData/Build/Intermediates.noindex/Lyo.build/Debug-iphonesimulator/LyoTests.build/Objects-normal/x86_64/LyoTests_lto.o -rdynamic -Xlinker -no_deduplicate -Xlinker -objc_abi_version -Xlinker 2 -Xlinker -dependency_info -Xlinker /Users/hectorgarcia/Library/Developer/Xcode/DerivedData/Build/Intermediates.noindex/Lyo.build/Debug-iphonesimulator/LyoTests.build/Objects-normal/x86_64/LyoTests_dependency_info.dat -fobjc-link-runtime -L/Users/hectorgarcia/Downloads/Xcode.app/Contents/Developer/Toolchains/XcodeDefault.xctoolchain/usr/lib/swift/iphonesimulator -L/usr/lib/swift -Xlinker -add_ast_path -Xlinker /Users/hectorgarcia/Library/Developer/Xcode/DerivedData/Build/Intermediates.noindex/Lyo.build/Debug-iphonesimulator/LyoTests.build/Objects-normal/x86_64/LyoTests.swiftmodule @/Users/hectorgarcia/Library/Developer/Xcode/DerivedData/Build/Intermediates.noindex/Lyo.build/Debug-iphonesimulator/LyoTests.build/Objects-normal/x86_64/LyoTests-linker-args.resp -Wl,-no_warn_duplicate_libraries -Wl,-no_warn_duplicate_libraries -Wl,-no_warn_duplicate_libraries -Wl,-no_warn_duplicate_libraries -Wl,-no_warn_duplicate_libraries -Wl,-no_warn_duplicate_libraries -Wl,-no_warn_duplicate_libraries -Wl,-no_warn_duplicate_libraries -Wl,-no_warn_duplicate_libraries -Wl,-no_warn_duplicate_libraries -Wl,-no_warn_duplicate_libraries -Wl,-no_warn_duplicate_libraries -Wl,-no_warn_duplicate_libraries -Wl,-no_warn_duplicate_libraries -Wl,-no_warn_duplicate_libraries -Wl,-no_warn_duplicate_libraries -Wl,-no_warn_duplicate_libraries -Wl,-no_warn_duplicate_libraries -Wl,-no_warn_duplicate_libraries -Wl,-no_warn_duplicate_libraries -Wl,-no_warn_duplicate_libraries -Wl,-no_warn_duplicate_libraries -Wl,-no_warn_duplicate_libraries -Wl,-no_warn_duplicate_libraries -Wl,-no_warn_duplicate_libraries -Wl,-no_warn_duplicate_libraries -Wl,-no_warn_duplicate_libraries -Wl,-no_warn_duplicate_libraries -Wl,-no_warn_duplicate_libraries -lc++ -Wl,-no_warn_duplicate_libraries -framework Security -framework SystemConfiguration -framework UIKit -framework Security -framework Security -framework SystemConfiguration -framework Security -framework SystemConfiguration -framework SystemConfiguration -framework CoreTelephony -lz -framework Security -framework SafariServices -framework CoreGraphics -framework CoreText -framework Foundation -framework LocalAuthentication -framework Security -framework UIKit -framework Security -Xlinker -needed_framework -Xlinker XCTest -framework XCTest -Xlinker -needed-lXCTestSwiftSupport -lXCTestSwiftSupport -Xlinker -no_adhoc_codesign -o /Users/hectorgarcia/Library/Developer/Xcode/DerivedData/Build/Products/Debug-iphonesimulator/Lyo.app/PlugIns/LyoTests.xctest/LyoTests

ProcessInfoPlistFile /Users/hectorgarcia/Library/Developer/Xcode/DerivedData/Build/Products/Debug-iphonesimulator/Lyo.app/PlugIns/LyoTests.xctest/Info.plist /Users/hectorgarcia/Library/Developer/Xcode/DerivedData/Build/Intermediates.noindex/Lyo.build/Debug-iphonesimulator/LyoTests.build/empty-LyoTests.plist (in target 'LyoTests' from project 'Lyo')
    cd /Users/hectorgarcia/LYO_Da_ONE
    builtin-infoPlistUtility /Users/hectorgarcia/Library/Developer/Xcode/DerivedData/Build/Intermediates.noindex/Lyo.build/Debug-iphonesimulator/LyoTests.build/empty-LyoTests.plist -producttype com.apple.product-type.bundle.unit-test -expandbuildsettings -format binary -platform iphonesimulator -scanforprivacyfile /Users/hectorgarcia/Library/Developer/Xcode/DerivedData/Build/Products/Debug-iphonesimulator/Lyo.app/PlugIns/LyoTests.xctest/AppAuth_AppAuth.bundle -scanforprivacyfile /Users/hectorgarcia/Library/Developer/Xcode/DerivedData/Build/Products/Debug-iphonesimulator/Lyo.app/PlugIns/LyoTests.xctest/AppAuth_AppAuthCore.bundle -scanforprivacyfile /Users/hectorgarcia/Library/Developer/Xcode/DerivedData/Build/Products/Debug-iphonesimulator/Lyo.app/PlugIns/LyoTests.xctest/Firebase_FirebaseAuth.bundle -scanforprivacyfile /Users/hectorgarcia/Library/Developer/Xcode/DerivedData/Build/Products/Debug-iphonesimulator/Lyo.app/PlugIns/LyoTests.xctest/Firebase_FirebaseCore.bundle -scanforprivacyfile /Users/hectorgarcia/Library/Developer/Xcode/DerivedData/Build/Products/Debug-iphonesimulator/Lyo.app/PlugIns/LyoTests.xctest/Firebase_FirebaseCoreExtension.bundle -scanforprivacyfile /Users/hectorgarcia/Library/Developer/Xcode/DerivedData/Build/Products/Debug-iphonesimulator/Lyo.app/PlugIns/LyoTests.xctest/Firebase_FirebaseCoreInternal.bundle -scanforprivacyfile /Users/hectorgarcia/Library/Developer/Xcode/DerivedData/Build/Products/Debug-iphonesimulator/Lyo.app/PlugIns/LyoTests.xctest/Firebase_FirebaseCrashlytics.bundle -scanforprivacyfile /Users/hectorgarcia/Library/Developer/Xcode/DerivedData/Build/Products/Debug-iphonesimulator/Lyo.app/PlugIns/LyoTests.xctest/Firebase_FirebaseInstallations.bundle -scanforprivacyfile /Users/hectorgarcia/Library/Developer/Xcode/DerivedData/Build/Products/Debug-iphonesimulator/Lyo.app/PlugIns/LyoTests.xctest/GTMAppAuth_GTMAppAuth.bundle -scanforprivacyfile /Users/hectorgarcia/Library/Developer/Xcode/DerivedData/Build/Products/Debug-iphonesimulator/Lyo.app/PlugIns/LyoTests.xctest/GTMSessionFetcher_GTMSessionFetcherCore.bundle -scanforprivacyfile /Users/hectorgarcia/Library/Developer/Xcode/DerivedData/Build/Products/Debug-iphonesimulator/Lyo.app/PlugIns/LyoTests.xctest/GoogleDataTransport_GoogleDataTransport.bundle -scanforprivacyfile /Users/hectorgarcia/Library/Developer/Xcode/DerivedData/Build/Products/Debug-iphonesimulator/Lyo.app/PlugIns/LyoTests.xctest/GoogleSignIn_GoogleSignIn.bundle -scanforprivacyfile /Users/hectorgarcia/Library/Developer/Xcode/DerivedData/Build/Products/Debug-iphonesimulator/Lyo.app/PlugIns/LyoTests.xctest/GoogleUtilities_GoogleUtilities-AppDelegateSwizzler.bundle -scanforprivacyfile /Users/hectorgarcia/Library/Developer/Xcode/DerivedData/Build/Products/Debug-iphonesimulator/Lyo.app/PlugIns/LyoTests.xctest/GoogleUtilities_GoogleUtilities-Environment.bundle -scanforprivacyfile /Users/hectorgarcia/Library/Developer/Xcode/DerivedData/Build/Products/Debug-iphonesimulator/Lyo.app/PlugIns/LyoTests.xctest/GoogleUtilities_GoogleUtilities-Logger.bundle -scanforprivacyfile /Users/hectorgarcia/Library/Developer/Xcode/DerivedData/Build/Products/Debug-iphonesimulator/Lyo.app/PlugIns/LyoTests.xctest/GoogleUtilities_GoogleUtilities-NSData.bundle -scanforprivacyfile /Users/hectorgarcia/Library/Developer/Xcode/DerivedData/Build/Products/Debug-iphonesimulator/Lyo.app/PlugIns/LyoTests.xctest/GoogleUtilities_GoogleUtilities-Network.bundle -scanforprivacyfile /Users/hectorgarcia/Library/Developer/Xcode/DerivedData/Build/Products/Debug-iphonesimulator/Lyo.app/PlugIns/LyoTests.xctest/GoogleUtilities_GoogleUtilities-Reachability.bundle -scanforprivacyfile /Users/hectorgarcia/Library/Developer/Xcode/DerivedData/Build/Products/Debug-iphonesimulator/Lyo.app/PlugIns/LyoTests.xctest/GoogleUtilities_GoogleUtilities-UserDefaults.bundle -scanforprivacyfile /Users/hectorgarcia/Library/Developer/Xcode/DerivedData/Build/Products/Debug-iphonesimulator/Lyo.app/PlugIns/LyoTests.xctest/Promises_FBLPromises.bundle -scanforprivacyfile /Users/hectorgarcia/Library/Developer/Xcode/DerivedData/Build/Products/Debug-iphonesimulator/Lyo.app/PlugIns/LyoTests.xctest/Promises_Promises.bundle -scanforprivacyfile /Users/hectorgarcia/Library/Developer/Xcode/DerivedData/Build/Products/Debug-iphonesimulator/Lyo.app/PlugIns/LyoTests.xctest/nanopb_nanopb.bundle -o /Users/hectorgarcia/Library/Developer/Xcode/DerivedData/Build/Products/Debug-iphonesimulator/Lyo.app/PlugIns/LyoTests.xctest/Info.plist

ExtractAppIntentsMetadata (in target 'LyoTests' from project 'Lyo')
    cd /Users/hectorgarcia/LYO_Da_ONE
    /Users/hectorgarcia/Downloads/Xcode.app/Contents/Developer/Toolchains/XcodeDefault.xctoolchain/usr/bin/appintentsmetadataprocessor --toolchain-dir /Users/hectorgarcia/Downloads/Xcode.app/Contents/Developer/Toolchains/XcodeDefault.xctoolchain --module-name LyoTests --sdk-root /Users/hectorgarcia/Downloads/Xcode.app/Contents/Developer/Platforms/iPhoneSimulator.platform/Developer/SDKs/iPhoneSimulator26.2.sdk --xcode-version 17C52 --platform-family iOS --deployment-target 17.0 --bundle-identifier com.lyo.LyoTests --output /Users/hectorgarcia/Library/Developer/Xcode/DerivedData/Build/Products/Debug-iphonesimulator/Lyo.app/PlugIns/LyoTests.xctest --target-triple x86_64-apple-ios17.0-simulator --binary-file /Users/hectorgarcia/Library/Developer/Xcode/DerivedData/Build/Products/Debug-iphonesimulator/Lyo.app/PlugIns/LyoTests.xctest/LyoTests --dependency-file /Users/hectorgarcia/Library/Developer/Xcode/DerivedData/Build/Intermediates.noindex/Lyo.build/Debug-iphonesimulator/LyoTests.build/Objects-normal/x86_64/LyoTests_dependency_info.dat --stringsdata-file /Users/hectorgarcia/Library/Developer/Xcode/DerivedData/Build/Intermediates.noindex/Lyo.build/Debug-iphonesimulator/LyoTests.build/Objects-normal/x86_64/ExtractedAppShortcutsMetadata.stringsdata --source-file-list /Users/hectorgarcia/Library/Developer/Xcode/DerivedData/Build/Intermediates.noindex/Lyo.build/Debug-iphonesimulator/LyoTests.build/Objects-normal/x86_64/LyoTests.SwiftFileList --metadata-file-list /Users/hectorgarcia/Library/Developer/Xcode/DerivedData/Build/Intermediates.noindex/Lyo.build/Debug-iphonesimulator/LyoTests.build/LyoTests.DependencyMetadataFileList --static-metadata-file-list /Users/hectorgarcia/Library/Developer/Xcode/DerivedData/Build/Intermediates.noindex/Lyo.build/Debug-iphonesimulator/LyoTests.build/LyoTests.DependencyStaticMetadataFileList --swift-const-vals-list /Users/hectorgarcia/Library/Developer/Xcode/DerivedData/Build/Intermediates.noindex/Lyo.build/Debug-iphonesimulator/LyoTests.build/Objects-normal/x86_64/LyoTests.SwiftConstValuesFileList --compile-time-extraction --deployment-aware-processing --validate-assistant-intents --no-app-shortcuts-localization
2026-01-17 22:20:53.156 appintentsmetadataprocessor[77185:9395969] Starting appintentsmetadataprocessor export
2026-01-17 22:20:53.166 appintentsmetadataprocessor[77185:9395969] warning: Metadata extraction skipped. No AppIntents.framework dependency found.

CopySwiftLibs /Users/hectorgarcia/Library/Developer/Xcode/DerivedData/Build/Products/Debug-iphonesimulator/Lyo.app/PlugIns/LyoTests.xctest (in target 'LyoTests' from project 'Lyo')
    cd /Users/hectorgarcia/LYO_Da_ONE
    builtin-swiftStdLibTool --copy --verbose --sign - --scan-executable /Users/hectorgarcia/Library/Developer/Xcode/DerivedData/Build/Products/Debug-iphonesimulator/Lyo.app/PlugIns/LyoTests.xctest/LyoTests --scan-folder /Users/hectorgarcia/Library/Developer/Xcode/DerivedData/Build/Products/Debug-iphonesimulator/Lyo.app/PlugIns/LyoTests.xctest/Frameworks --scan-folder /Users/hectorgarcia/Library/Developer/Xcode/DerivedData/Build/Products/Debug-iphonesimulator/Lyo.app/PlugIns/LyoTests.xctest/PlugIns --scan-folder /Users/hectorgarcia/Library/Developer/Xcode/DerivedData/Build/Products/Debug-iphonesimulator/Lyo.app/PlugIns/LyoTests.xctest/SystemExtensions --scan-folder /Users/hectorgarcia/Library/Developer/Xcode/DerivedData/Build/Products/Debug-iphonesimulator/Lyo.app/PlugIns/LyoTests.xctest/Extensions --platform iphonesimulator --toolchain /Users/hectorgarcia/Downloads/Xcode.app/Contents/Developer/Toolchains/XcodeDefault.xctoolchain --destination /Users/hectorgarcia/Library/Developer/Xcode/DerivedData/Build/Products/Debug-iphonesimulator/Lyo.app/PlugIns/LyoTests.xctest/Frameworks --strip-bitcode --scan-executable /Users/hectorgarcia/Downloads/Xcode.app/Contents/Developer/Platforms/iPhoneSimulator.platform/Developer/usr/lib/libXCTestSwiftSupport.dylib --strip-bitcode-tool /Users/hectorgarcia/Downloads/Xcode.app/Contents/Developer/Toolchains/XcodeDefault.xctoolchain/usr/bin/bitcode_strip --emit-dependency-info /Users/hectorgarcia/Library/Developer/Xcode/DerivedData/Build/Intermediates.noindex/Lyo.build/Debug-iphonesimulator/LyoTests.build/SwiftStdLibToolInputDependencies.dep --filter-for-swift-os

CodeSign /Users/hectorgarcia/Library/Developer/Xcode/DerivedData/Build/Products/Debug-iphonesimulator/Lyo.app/PlugIns/LyoTests.xctest (in target 'LyoTests' from project 'Lyo')
    cd /Users/hectorgarcia/LYO_Da_ONE
    
    Signing Identity:     "Sign to Run Locally"
    
    /usr/bin/codesign --force --sign - --timestamp\=none --generate-entitlement-der /Users/hectorgarcia/Library/Developer/Xcode/DerivedData/Build/Products/Debug-iphonesimulator/Lyo.app/PlugIns/LyoTests.xctest

CodeSign /Users/hectorgarcia/Library/Developer/Xcode/DerivedData/Build/Products/Debug-iphonesimulator/Lyo.app (in target 'Lyo' from project 'Lyo')
    cd /Users/hectorgarcia/LYO_Da_ONE
    
    Signing Identity:     "Sign to Run Locally"
    
    /usr/bin/codesign --force --sign - --entitlements /Users/hectorgarcia/Library/Developer/Xcode/DerivedData/Build/Intermediates.noindex/Lyo.build/Debug-iphonesimulator/Lyo.build/Lyo.app.xcent --timestamp\=none --generate-entitlement-der /Users/hectorgarcia/Library/Developer/Xcode/DerivedData/Build/Products/Debug-iphonesimulator/Lyo.app

Validate /Users/hectorgarcia/Library/Developer/Xcode/DerivedData/Build/Products/Debug-iphonesimulator/Lyo.app (in target 'Lyo' from project 'Lyo')
    cd /Users/hectorgarcia/LYO_Da_ONE
    builtin-validationUtility /Users/hectorgarcia/Library/Developer/Xcode/DerivedData/Build/Products/Debug-iphonesimulator/Lyo.app -shallow-bundle -infoplist-subpath Info.plist

** BUILD SUCCEEDED **

