/Users/hectorgarcia/LYO_Da_ONE/Sources/Views/Chat/A2UIRecursiveRenderer.swift:855:20: warning: value 'mediaUrl' was defined but never used; consider replacing with boolean test
            if let mediaUrl = data.mediaUrl {
               ~~~~^~~~~~~~~~~
                                            != nil
/Users/hectorgarcia/LYO_Da_ONE/Sources/ViewModels/ChatViewModel.swift:45:127: warning: cast from 'Conversation' to unrelated type 'ChatConversation' always fails
                self?.conversations = apiConversations.map { self?.mapConversation($0) ?? self?.mockConversation($0.id) ?? $0 as! ChatConversation }
                                                                                                                           ~~ ^   ~~~~~~~~~~~~~~~~
/Users/hectorgarcia/LYO_Da_ONE/Sources/ViewModels/ChatViewModel.swift:53:107: warning: cast from 'Message' to unrelated type 'ChatMessage' always fails
                self?.messages = apiMessages.map { self?.mapMessage($0) ?? self?.mockMessage($0.id) ?? $0 as! ChatMessage }
                                                                                                       ~~ ^   ~~~~~~~~~~~
/Users/hectorgarcia/LYO_Da_ONE/Sources/Core/A2UI/A2UIStreamService.swift:69:24: warning: immutable value 'self' was never used; consider replacing with '_' or removing it
             guard let self = self,
                   ~~~~^~~~
                   _
/Users/hectorgarcia/LYO_Da_ONE/Sources/Views/Community/BookingCalendarView.swift:90:21: warning: initialization of immutable value 'request' was never used; consider replacing with assignment to '_' or removing it
                let request = APIBookingRequest(
                ~~~~^~~~~~~
                _
/Users/hectorgarcia/LYO_Da_ONE/Sources/Views/Community/BookingCalendarView.swift:219:14: warning: 'onChange(of:perform:)' was deprecated in iOS 17.0: Use `onChange` with a two or zero parameter action closure instead.
            .onChange(of: viewModel.selectedDate) { _ in
             ^
/Users/hectorgarcia/LYO_Da_ONE/Sources/ViewModels/ClassroomViewModel.swift:91:11: warning: 'catch' block is unreachable because no errors are thrown in 'do' block
        } catch {
          ^
/Users/hectorgarcia/LYO_Da_ONE/Sources/ViewModels/CommunityViewModel.swift:315:21: warning: initialization of immutable value 'finalItems' was never used; consider replacing with assignment to '_' or removing it
                let finalItems = newItems
                ~~~~^~~~~~~~~~
                _
/Users/hectorgarcia/LYO_Da_ONE/Sources/Views/HomeView.swift:420:19: warning: constant 'challengeTask' inferred to have type '()', which may be unexpected
        async let challengeTask = loadDailyChallenge()
                  ^
/Users/hectorgarcia/LYO_Da_ONE/Sources/Views/HomeView.swift:420:19: note: add an explicit type annotation to silence this warning
        async let challengeTask = loadDailyChallenge()
                  ^
                               : ()
/Users/hectorgarcia/LYO_Da_ONE/Sources/Views/HomeView.swift:421:19: warning: constant 'continueLearningTask' inferred to have type '()', which may be unexpected
        async let continueLearningTask = loadContinueLearning()
                  ^
/Users/hectorgarcia/LYO_Da_ONE/Sources/Views/HomeView.swift:421:19: note: add an explicit type annotation to silence this warning
        async let continueLearningTask = loadContinueLearning()
                  ^
                                      : ()
/Users/hectorgarcia/LYO_Da_ONE/Sources/Views/HomeView.swift:422:19: warning: constant 'recommendedTask' inferred to have type '()', which may be unexpected
        async let recommendedTask = loadRecommendedContent()
                  ^
/Users/hectorgarcia/LYO_Da_ONE/Sources/Views/HomeView.swift:422:19: note: add an explicit type annotation to silence this warning
        async let recommendedTask = loadRecommendedContent()
                  ^
                                 : ()
/Users/hectorgarcia/LYO_Da_ONE/Sources/Views/HomeView.swift:423:19: warning: constant 'streakTask' inferred to have type '()', which may be unexpected
        async let streakTask = loadCurrentStreak()
                  ^
/Users/hectorgarcia/LYO_Da_ONE/Sources/Views/HomeView.swift:423:19: note: add an explicit type annotation to silence this warning
        async let streakTask = loadCurrentStreak()
                  ^
                            : ()
/Users/hectorgarcia/LYO_Da_ONE/Sources/Views/Community/EducationalCenterDetailView.swift:266:13: warning: 'init(coordinateRegion:interactionModes:showsUserLocation:userTrackingMode:annotationItems:annotationContent:)' was deprecated in iOS 17.0: Use Map initializers that take a MapContentBuilder instead.
            Map(coordinateRegion: .constant(region), annotationItems: [MapLocation(coordinate: region.center)]) { location in
            ^
/Users/hectorgarcia/LYO_Da_ONE/Sources/Views/Community/EducationalCenterDetailView.swift:267:17: warning: 'MapMarker' was deprecated in iOS 17.0: Use Marker along with Map initializers that take a MapContentBuilder instead.
                MapMarker(coordinate: location.coordinate, tint: categoryColor)
                ^
/Users/hectorgarcia/LYO_Da_ONE/Sources/Views/Community/EducationalEventDetailView.swift:193:13: warning: 'init(coordinateRegion:interactionModes:showsUserLocation:userTrackingMode:annotationItems:annotationContent:)' was deprecated in iOS 17.0: Use Map initializers that take a MapContentBuilder instead.
            Map(coordinateRegion: .constant(region), annotationItems: [MapLocation(coordinate: region.center)]) { location in
            ^
/Users/hectorgarcia/LYO_Da_ONE/Sources/Views/Community/EducationalEventDetailView.swift:194:17: warning: 'MapMarker' was deprecated in iOS 17.0: Use Marker along with Map initializers that take a MapContentBuilder instead.
                MapMarker(coordinate: location.coordinate, tint: .orange)
                ^
/Users/hectorgarcia/LYO_Da_ONE/Sources/Views/Community/ReviewListView.swift:18:41: warning: main actor-isolated static property 'shared' can not be referenced from a nonisolated context; this is an error in the Swift 6 language mode
    private let service = ReviewService.shared
                                        ^
/Users/hectorgarcia/LYO_Da_ONE/Sources/Services/ReviewService.swift:5:16: note: static property declared here
    static let shared = ReviewService()
               ^
/Users/hectorgarcia/LYO_Da_ONE/Sources/Views/Community/StudyGroupDetailView.swift:176:13: warning: 'init(coordinateRegion:interactionModes:showsUserLocation:userTrackingMode:annotationItems:annotationContent:)' was deprecated in iOS 17.0: Use Map initializers that take a MapContentBuilder instead.
            Map(coordinateRegion: .constant(region), annotationItems: [MapLocation(coordinate: region.center)]) { location in
            ^
/Users/hectorgarcia/LYO_Da_ONE/Sources/Views/Community/StudyGroupDetailView.swift:177:17: warning: 'MapMarker' was deprecated in iOS 17.0: Use Marker along with Map initializers that take a MapContentBuilder instead.
                MapMarker(coordinate: location.coordinate, tint: .blue)
                ^
/Users/hectorgarcia/LYO_Da_ONE/Sources/Views/Community/MarketplaceListingDetailView.swift:212:13: warning: 'init(coordinateRegion:interactionModes:showsUserLocation:userTrackingMode:annotationItems:annotationContent:)' was deprecated in iOS 17.0: Use Map initializers that take a MapContentBuilder instead.
            Map(coordinateRegion: .constant(region), annotationItems: [MapLocation(coordinate: region.center)]) { location in
            ^
/Users/hectorgarcia/LYO_Da_ONE/Sources/Views/Community/MarketplaceListingDetailView.swift:213:17: warning: 'MapMarker' was deprecated in iOS 17.0: Use Marker along with Map initializers that take a MapContentBuilder instead.
                MapMarker(coordinate: location.coordinate, tint: .green)
                ^
/Users/hectorgarcia/LYO_Da_ONE/Sources/Core/Services/CourseShareService.swift:48:13: warning: result of 'try?' is unused
            try? await LyoRepository.shared.awardXP(amount: 50, category: "viral")
            ^~~~~~~~~~~~~~~~~~~~~~~~~~~~~~~~~~~~~~~~~~~~~~~~~~~~~~~~~~~~~~~~~~~~~~
/Users/hectorgarcia/LYO_Da_ONE/Sources/Core/Services/CourseShareService.swift:49:13: warning: result of 'try?' is unused
            try? await LyoRepository.shared.awardContributorXP(courseId: courseId, action: "share")
            ^~~~~~~~~~~~~~~~~~~~~~~~~~~~~~~~~~~~~~~~~~~~~~~~~~~~~~~~~~~~~~~~~~~~~~~~~~~~~~~~~~~~~~~
/Users/hectorgarcia/LYO_Da_ONE/Sources/Core/Services/CourseSocialService.swift:47:13: warning: result of 'try?' is unused
            try? await repository.awardXP(amount: 10, category: "social")
            ^~~~~~~~~~~~~~~~~~~~~~~~~~~~~~~~~~~~~~~~~~~~~~~~~~~~~~~~~~~~~
/Users/hectorgarcia/LYO_Da_ONE/Sources/Core/Services/CourseSocialService.swift:119:13: warning: result of 'try?' is unused
            try? await repository.awardXP(amount: 25, category: "social")
            ^~~~~~~~~~~~~~~~~~~~~~~~~~~~~~~~~~~~~~~~~~~~~~~~~~~~~~~~~~~~~
/Users/hectorgarcia/LYO_Da_ONE/Sources/Views/Community/CreateCommunityItemSheet.swift:65:26: warning: 'onChange(of:perform:)' was deprecated in iOS 17.0: Use `onChange` with a two or zero parameter action closure instead.
                        .onChange(of: selectedItems) { _ in
                         ^
/Users/hectorgarcia/LYO_Da_ONE/Sources/Views/Community/CreateCommunityItemSheet.swift:188:14: warning: 'onChange(of:perform:)' was deprecated in iOS 17.0: Use `onChange` with a two or zero parameter action closure instead.
            .onChange(of: capturedImage) { newImage in
             ^
/Users/hectorgarcia/LYO_Da_ONE/Sources/Views/Components/Stories/CreateStoryView.swift:45:10: warning: 'onChange(of:perform:)' was deprecated in iOS 17.0: Use `onChange` with a two or zero parameter action closure instead.
        .onChange(of: cameraManager.permissionGranted) { granted in
         ^
/Users/hectorgarcia/LYO_Da_ONE/Sources/Views/Components/Stories/CreateStoryView.swift:50:10: warning: 'onChange(of:perform:)' was deprecated in iOS 17.0: Use `onChange` with a two or zero parameter action closure instead.
        .onChange(of: selectedMediaItem) { newItem in
         ^
/Users/hectorgarcia/LYO_Da_ONE/Sources/Views/Community/ReviewListView.swift:18:41: warning: main actor-isolated static property 'shared' can not be referenced from a nonisolated context; this is an error in the Swift 6 language mode
    private let service = ReviewService.shared
                                        ^
/Users/hectorgarcia/LYO_Da_ONE/Sources/Services/ReviewService.swift:5:16: note: static property declared here
    static let shared = ReviewService()
               ^
/Users/hectorgarcia/LYO_Da_ONE/Sources/Views/Community/PrivateLessonDetailView.swift:292:13: warning: 'init(coordinateRegion:interactionModes:showsUserLocation:userTrackingMode:annotationItems:annotationContent:)' was deprecated in iOS 17.0: Use Map initializers that take a MapContentBuilder instead.
            Map(coordinateRegion: .constant(region), annotationItems: [MapLocation(coordinate: region.center)]) { location in
            ^
/Users/hectorgarcia/LYO_Da_ONE/Sources/Views/Community/PrivateLessonDetailView.swift:293:17: warning: 'MapMarker' was deprecated in iOS 17.0: Use Marker along with Map initializers that take a MapContentBuilder instead.
                MapMarker(coordinate: location.coordinate, tint: .purple)
                ^
