Command line invocation:
    /Users/hectorgarcia/Downloads/Xcode.app/Contents/Developer/usr/bin/xcodebuild -project Lyo.xcodeproj -scheme Lyo -destination "platform=iOS Simulator,name=iPhone 17 Pro" build

Resolve Package Graph


Resolved source packages:
  nanopb: https://github.com/firebase/nanopb.git @ 2.30910.0
  abseil: https://github.com/google/abseil-cpp-binary.git @ 1.2024011602.0
  GoogleDataTransport: https://github.com/google/GoogleDataTransport.git @ 9.4.0
  AppAuth: https://github.com/openid/AppAuth-iOS.git @ 1.7.6
  Promises: https://github.com/google/promises.git @ 2.4.0
  AppCheck: https://github.com/google/app-check.git @ 10.19.2
  leveldb: https://github.com/firebase/leveldb.git @ 1.22.5
  Firebase: https://github.com/firebase/firebase-ios-sdk @ 10.29.0
  GTMSessionFetcher: https://github.com/google/gtm-session-fetcher.git @ 3.5.0
  gRPC: https://github.com/google/grpc-binary.git @ 1.62.2
  GoogleAppMeasurement: https://github.com/google/GoogleAppMeasurement.git @ 10.28.0
  InteropForGoogle: https://github.com/google/interop-ios-for-google-sdks.git @ 100.0.0
  SwiftProtobuf: https://github.com/apple/swift-protobuf.git @ 1.33.3
  GoogleUtilities: https://github.com/google/GoogleUtilities.git @ 7.13.3
  GTMAppAuth: https://github.com/google/GTMAppAuth.git @ 4.1.1
  GoogleSignIn: https://github.com/google/GoogleSignIn-iOS @ 7.1.0

ComputePackagePrebuildTargetDependencyGraph

Prepare packages

CreateBuildRequest

SendProjectDescription

CreateBuildOperation

ComputeTargetDependencyGraph
note: Building targets in dependency order
note: Target dependency graph (71 targets)
    Target 'LyoTests' in project 'Lyo'
        ➜ Explicit dependency on target 'Lyo' in project 'Lyo'
    Target 'Lyo' in project 'Lyo'
        ➜ Explicit dependency on target 'GoogleSignIn' in project 'GoogleSignIn'
        ➜ Explicit dependency on target 'FirebaseAuth' in project 'Firebase'
        ➜ Explicit dependency on target 'FirebaseCrashlytics' in project 'Firebase'
    Target 'FirebaseCrashlytics' in project 'Firebase'
        ➜ Explicit dependency on target 'FirebaseCrashlytics' in project 'Firebase'
        ➜ Explicit dependency on target 'Firebase_FirebaseCrashlytics' in project 'Firebase'
        ➜ Explicit dependency on target 'Firebase' in project 'Firebase'
        ➜ Explicit dependency on target 'FirebaseCoreInternal' in project 'Firebase'
        ➜ Explicit dependency on target 'FirebaseCore' in project 'Firebase'
        ➜ Explicit dependency on target 'FirebaseInstallations' in project 'Firebase'
        ➜ Explicit dependency on target 'FirebaseCoreExtension' in project 'Firebase'
        ➜ Explicit dependency on target 'FirebaseSessionsObjC' in project 'Firebase'
        ➜ Explicit dependency on target 'FirebaseSessions' in project 'Firebase'
        ➜ Explicit dependency on target 'FirebaseRemoteConfigInterop' in project 'Firebase'
        ➜ Explicit dependency on target 'FirebaseCrashlyticsSwift' in project 'Firebase'
        ➜ Explicit dependency on target 'GULNSData' in project 'GoogleUtilities'
        ➜ Explicit dependency on target 'GULEnvironment' in project 'GoogleUtilities'
        ➜ Explicit dependency on target 'GULLogger' in project 'GoogleUtilities'
        ➜ Explicit dependency on target 'FBLPromises' in project 'Promises'
        ➜ Explicit dependency on target 'GULUserDefaults' in project 'GoogleUtilities'
        ➜ Explicit dependency on target 'nanopb' in project 'nanopb'
        ➜ Explicit dependency on target 'Promises' in project 'Promises'
        ➜ Explicit dependency on target 'GoogleDataTransport' in project 'GoogleDataTransport'
    Target 'FirebaseCrashlytics' in project 'Firebase'
        ➜ Explicit dependency on target 'Firebase_FirebaseCrashlytics' in project 'Firebase'
        ➜ Explicit dependency on target 'Firebase' in project 'Firebase'
        ➜ Explicit dependency on target 'FirebaseCoreInternal' in project 'Firebase'
        ➜ Explicit dependency on target 'FirebaseCore' in project 'Firebase'
        ➜ Explicit dependency on target 'FirebaseInstallations' in project 'Firebase'
        ➜ Explicit dependency on target 'FirebaseCoreExtension' in project 'Firebase'
        ➜ Explicit dependency on target 'FirebaseSessionsObjC' in project 'Firebase'
        ➜ Explicit dependency on target 'FirebaseSessions' in project 'Firebase'
        ➜ Explicit dependency on target 'FirebaseRemoteConfigInterop' in project 'Firebase'
        ➜ Explicit dependency on target 'FirebaseCrashlyticsSwift' in project 'Firebase'
        ➜ Explicit dependency on target 'GULNSData' in project 'GoogleUtilities'
        ➜ Explicit dependency on target 'GULEnvironment' in project 'GoogleUtilities'
        ➜ Explicit dependency on target 'GULLogger' in project 'GoogleUtilities'
        ➜ Explicit dependency on target 'FBLPromises' in project 'Promises'
        ➜ Explicit dependency on target 'GULUserDefaults' in project 'GoogleUtilities'
        ➜ Explicit dependency on target 'nanopb' in project 'nanopb'
        ➜ Explicit dependency on target 'Promises' in project 'Promises'
        ➜ Explicit dependency on target 'GoogleDataTransport' in project 'GoogleDataTransport'
    Target 'FirebaseCrashlyticsSwift' in project 'Firebase'
        ➜ Explicit dependency on target 'FirebaseRemoteConfigInterop' in project 'Firebase'
    Target 'FirebaseRemoteConfigInterop' in project 'Firebase' (no dependencies)
    Target 'FirebaseSessions' in project 'Firebase'
        ➜ Explicit dependency on target 'Firebase' in project 'Firebase'
        ➜ Explicit dependency on target 'FirebaseCoreInternal' in project 'Firebase'
        ➜ Explicit dependency on target 'FirebaseCore' in project 'Firebase'
        ➜ Explicit dependency on target 'FirebaseInstallations' in project 'Firebase'
        ➜ Explicit dependency on target 'FirebaseCoreExtension' in project 'Firebase'
        ➜ Explicit dependency on target 'FirebaseSessionsObjC' in project 'Firebase'
        ➜ Explicit dependency on target 'GULNSData' in project 'GoogleUtilities'
        ➜ Explicit dependency on target 'GULEnvironment' in project 'GoogleUtilities'
        ➜ Explicit dependency on target 'GULLogger' in project 'GoogleUtilities'
        ➜ Explicit dependency on target 'FBLPromises' in project 'Promises'
        ➜ Explicit dependency on target 'GULUserDefaults' in project 'GoogleUtilities'
        ➜ Explicit dependency on target 'nanopb' in project 'nanopb'
        ➜ Explicit dependency on target 'Promises' in project 'Promises'
        ➜ Explicit dependency on target 'GoogleDataTransport' in project 'GoogleDataTransport'
    Target 'GoogleDataTransport' in project 'GoogleDataTransport'
        ➜ Explicit dependency on target 'GoogleDataTransport' in project 'GoogleDataTransport'
        ➜ Explicit dependency on target 'GoogleDataTransport_GoogleDataTransport' in project 'GoogleDataTransport'
        ➜ Explicit dependency on target 'nanopb' in project 'nanopb'
        ➜ Explicit dependency on target 'FBLPromises' in project 'Promises'
        ➜ Explicit dependency on target 'GULEnvironment' in project 'GoogleUtilities'
    Target 'GoogleDataTransport' in project 'GoogleDataTransport'
        ➜ Explicit dependency on target 'GoogleDataTransport_GoogleDataTransport' in project 'GoogleDataTransport'
        ➜ Explicit dependency on target 'nanopb' in project 'nanopb'
        ➜ Explicit dependency on target 'FBLPromises' in project 'Promises'
        ➜ Explicit dependency on target 'GULEnvironment' in project 'GoogleUtilities'
    Target 'GoogleDataTransport_GoogleDataTransport' in project 'GoogleDataTransport' (no dependencies)
    Target 'Promises' in project 'Promises'
        ➜ Explicit dependency on target 'Promises' in project 'Promises'
        ➜ Explicit dependency on target 'Promises_Promises' in project 'Promises'
        ➜ Explicit dependency on target 'FBLPromises' in project 'Promises'
    Target 'Promises' in project 'Promises'
        ➜ Explicit dependency on target 'Promises_Promises' in project 'Promises'
        ➜ Explicit dependency on target 'FBLPromises' in project 'Promises'
    Target 'Promises_Promises' in project 'Promises' (no dependencies)
    Target 'FirebaseSessionsObjC' in project 'Firebase'
        ➜ Explicit dependency on target 'Firebase' in project 'Firebase'
        ➜ Explicit dependency on target 'FirebaseCoreInternal' in project 'Firebase'
        ➜ Explicit dependency on target 'FirebaseCore' in project 'Firebase'
        ➜ Explicit dependency on target 'FirebaseCoreExtension' in project 'Firebase'
        ➜ Explicit dependency on target 'GULNSData' in project 'GoogleUtilities'
        ➜ Explicit dependency on target 'GULEnvironment' in project 'GoogleUtilities'
        ➜ Explicit dependency on target 'GULLogger' in project 'GoogleUtilities'
        ➜ Explicit dependency on target 'nanopb' in project 'nanopb'
    Target 'nanopb' in project 'nanopb'
        ➜ Explicit dependency on target 'nanopb' in project 'nanopb'
        ➜ Explicit dependency on target 'nanopb_nanopb' in project 'nanopb'
    Target 'nanopb' in project 'nanopb'
        ➜ Explicit dependency on target 'nanopb_nanopb' in project 'nanopb'
    Target 'nanopb_nanopb' in project 'nanopb' (no dependencies)
    Target 'FirebaseCoreExtension' in project 'Firebase'
        ➜ Explicit dependency on target 'Firebase_FirebaseCoreExtension' in project 'Firebase'
    Target 'Firebase_FirebaseCoreExtension' in project 'Firebase' (no dependencies)
    Target 'FirebaseInstallations' in project 'Firebase'
        ➜ Explicit dependency on target 'Firebase_FirebaseInstallations' in project 'Firebase'
        ➜ Explicit dependency on target 'Firebase' in project 'Firebase'
        ➜ Explicit dependency on target 'FirebaseCoreInternal' in project 'Firebase'
        ➜ Explicit dependency on target 'FirebaseCore' in project 'Firebase'
        ➜ Explicit dependency on target 'GULNSData' in project 'GoogleUtilities'
        ➜ Explicit dependency on target 'GULEnvironment' in project 'GoogleUtilities'
        ➜ Explicit dependency on target 'GULLogger' in project 'GoogleUtilities'
        ➜ Explicit dependency on target 'FBLPromises' in project 'Promises'
        ➜ Explicit dependency on target 'GULUserDefaults' in project 'GoogleUtilities'
    Target 'GULUserDefaults' in project 'GoogleUtilities'
        ➜ Explicit dependency on target 'GoogleUtilities-UserDefaults' in project 'GoogleUtilities'
        ➜ Explicit dependency on target 'GoogleUtilities_GoogleUtilities-UserDefaults' in project 'GoogleUtilities'
        ➜ Explicit dependency on target 'third-party-IsAppEncrypted' in project 'GoogleUtilities'
        ➜ Explicit dependency on target 'GoogleUtilities-Environment' in project 'GoogleUtilities'
        ➜ Explicit dependency on target 'GoogleUtilities-Logger' in project 'GoogleUtilities'
        ➜ Explicit dependency on target 'FBLPromises' in project 'Promises'
    Target 'GoogleUtilities-UserDefaults' in project 'GoogleUtilities'
        ➜ Explicit dependency on target 'GoogleUtilities_GoogleUtilities-UserDefaults' in project 'GoogleUtilities'
        ➜ Explicit dependency on target 'third-party-IsAppEncrypted' in project 'GoogleUtilities'
        ➜ Explicit dependency on target 'GoogleUtilities-Environment' in project 'GoogleUtilities'
        ➜ Explicit dependency on target 'GoogleUtilities-Logger' in project 'GoogleUtilities'
        ➜ Explicit dependency on target 'FBLPromises' in project 'Promises'
    Target 'GoogleUtilities_GoogleUtilities-UserDefaults' in project 'GoogleUtilities' (no dependencies)
    Target 'Firebase_FirebaseInstallations' in project 'Firebase' (no dependencies)
    Target 'Firebase_FirebaseCrashlytics' in project 'Firebase' (no dependencies)
    Target 'FirebaseAuth' in project 'Firebase'
        ➜ Explicit dependency on target 'FirebaseAuth' in project 'Firebase'
        ➜ Explicit dependency on target 'Firebase_FirebaseAuth' in project 'Firebase'
        ➜ Explicit dependency on target 'FirebaseAppCheckInterop' in project 'Firebase'
        ➜ Explicit dependency on target 'Firebase' in project 'Firebase'
        ➜ Explicit dependency on target 'FirebaseCoreInternal' in project 'Firebase'
        ➜ Explicit dependency on target 'FirebaseCore' in project 'Firebase'
        ➜ Explicit dependency on target 'GULNSData' in project 'GoogleUtilities'
        ➜ Explicit dependency on target 'GULEnvironment' in project 'GoogleUtilities'
        ➜ Explicit dependency on target 'GULLogger' in project 'GoogleUtilities'
        ➜ Explicit dependency on target 'GULAppDelegateSwizzler' in project 'GoogleUtilities'
        ➜ Explicit dependency on target 'GTMSessionFetcherCore' in project 'GTMSessionFetcher'
        ➜ Explicit dependency on target 'RecaptchaInterop' in project 'InteropForGoogle'
    Target 'FirebaseAuth' in project 'Firebase'
        ➜ Explicit dependency on target 'Firebase_FirebaseAuth' in project 'Firebase'
        ➜ Explicit dependency on target 'FirebaseAppCheckInterop' in project 'Firebase'
        ➜ Explicit dependency on target 'Firebase' in project 'Firebase'
        ➜ Explicit dependency on target 'FirebaseCoreInternal' in project 'Firebase'
        ➜ Explicit dependency on target 'FirebaseCore' in project 'Firebase'
        ➜ Explicit dependency on target 'GULNSData' in project 'GoogleUtilities'
        ➜ Explicit dependency on target 'GULEnvironment' in project 'GoogleUtilities'
        ➜ Explicit dependency on target 'GULLogger' in project 'GoogleUtilities'
        ➜ Explicit dependency on target 'GULAppDelegateSwizzler' in project 'GoogleUtilities'
        ➜ Explicit dependency on target 'GTMSessionFetcherCore' in project 'GTMSessionFetcher'
        ➜ Explicit dependency on target 'RecaptchaInterop' in project 'InteropForGoogle'
    Target 'RecaptchaInterop' in project 'InteropForGoogle'
        ➜ Explicit dependency on target 'RecaptchaInterop' in project 'InteropForGoogle'
    Target 'RecaptchaInterop' in project 'InteropForGoogle' (no dependencies)
    Target 'GULAppDelegateSwizzler' in project 'GoogleUtilities'
        ➜ Explicit dependency on target 'GoogleUtilities-AppDelegateSwizzler' in project 'GoogleUtilities'
        ➜ Explicit dependency on target 'GoogleUtilities_GoogleUtilities-AppDelegateSwizzler' in project 'GoogleUtilities'
        ➜ Explicit dependency on target 'third-party-IsAppEncrypted' in project 'GoogleUtilities'
        ➜ Explicit dependency on target 'GoogleUtilities-Environment' in project 'GoogleUtilities'
        ➜ Explicit dependency on target 'GoogleUtilities-Logger' in project 'GoogleUtilities'
        ➜ Explicit dependency on target 'GoogleUtilities-NSData' in project 'GoogleUtilities'
        ➜ Explicit dependency on target 'GoogleUtilities-Reachability' in project 'GoogleUtilities'
        ➜ Explicit dependency on target 'GoogleUtilities-Network' in project 'GoogleUtilities'
        ➜ Explicit dependency on target 'FBLPromises' in project 'Promises'
    Target 'GoogleUtilities-AppDelegateSwizzler' in project 'GoogleUtilities'
        ➜ Explicit dependency on target 'GoogleUtilities_GoogleUtilities-AppDelegateSwizzler' in project 'GoogleUtilities'
        ➜ Explicit dependency on target 'third-party-IsAppEncrypted' in project 'GoogleUtilities'
        ➜ Explicit dependency on target 'GoogleUtilities-Environment' in project 'GoogleUtilities'
        ➜ Explicit dependency on target 'GoogleUtilities-Logger' in project 'GoogleUtilities'
        ➜ Explicit dependency on target 'GoogleUtilities-NSData' in project 'GoogleUtilities'
        ➜ Explicit dependency on target 'GoogleUtilities-Reachability' in project 'GoogleUtilities'
        ➜ Explicit dependency on target 'GoogleUtilities-Network' in project 'GoogleUtilities'
        ➜ Explicit dependency on target 'FBLPromises' in project 'Promises'
    Target 'GoogleUtilities-Network' in project 'GoogleUtilities'
        ➜ Explicit dependency on target 'GoogleUtilities_GoogleUtilities-Network' in project 'GoogleUtilities'
        ➜ Explicit dependency on target 'third-party-IsAppEncrypted' in project 'GoogleUtilities'
        ➜ Explicit dependency on target 'GoogleUtilities-Environment' in project 'GoogleUtilities'
        ➜ Explicit dependency on target 'GoogleUtilities-Logger' in project 'GoogleUtilities'
        ➜ Explicit dependency on target 'GoogleUtilities-NSData' in project 'GoogleUtilities'
        ➜ Explicit dependency on target 'GoogleUtilities-Reachability' in project 'GoogleUtilities'
        ➜ Explicit dependency on target 'FBLPromises' in project 'Promises'
    Target 'GoogleUtilities_GoogleUtilities-Network' in project 'GoogleUtilities' (no dependencies)
    Target 'GoogleUtilities-Reachability' in project 'GoogleUtilities'
        ➜ Explicit dependency on target 'GoogleUtilities_GoogleUtilities-Reachability' in project 'GoogleUtilities'
        ➜ Explicit dependency on target 'third-party-IsAppEncrypted' in project 'GoogleUtilities'
        ➜ Explicit dependency on target 'GoogleUtilities-Environment' in project 'GoogleUtilities'
        ➜ Explicit dependency on target 'GoogleUtilities-Logger' in project 'GoogleUtilities'
        ➜ Explicit dependency on target 'FBLPromises' in project 'Promises'
    Target 'GoogleUtilities_GoogleUtilities-Reachability' in project 'GoogleUtilities' (no dependencies)
    Target 'GoogleUtilities_GoogleUtilities-AppDelegateSwizzler' in project 'GoogleUtilities' (no dependencies)
    Target 'FirebaseCore' in project 'Firebase'
        ➜ Explicit dependency on target 'Firebase_FirebaseCore' in project 'Firebase'
        ➜ Explicit dependency on target 'Firebase' in project 'Firebase'
        ➜ Explicit dependency on target 'FirebaseCoreInternal' in project 'Firebase'
        ➜ Explicit dependency on target 'GULNSData' in project 'GoogleUtilities'
        ➜ Explicit dependency on target 'GULEnvironment' in project 'GoogleUtilities'
        ➜ Explicit dependency on target 'GULLogger' in project 'GoogleUtilities'
    Target 'GULLogger' in project 'GoogleUtilities'
        ➜ Explicit dependency on target 'GoogleUtilities-Logger' in project 'GoogleUtilities'
        ➜ Explicit dependency on target 'GoogleUtilities_GoogleUtilities-Logger' in project 'GoogleUtilities'
        ➜ Explicit dependency on target 'third-party-IsAppEncrypted' in project 'GoogleUtilities'
        ➜ Explicit dependency on target 'GoogleUtilities-Environment' in project 'GoogleUtilities'
        ➜ Explicit dependency on target 'FBLPromises' in project 'Promises'
    Target 'GoogleUtilities-Logger' in project 'GoogleUtilities'
        ➜ Explicit dependency on target 'GoogleUtilities_GoogleUtilities-Logger' in project 'GoogleUtilities'
        ➜ Explicit dependency on target 'third-party-IsAppEncrypted' in project 'GoogleUtilities'
        ➜ Explicit dependency on target 'GoogleUtilities-Environment' in project 'GoogleUtilities'
        ➜ Explicit dependency on target 'FBLPromises' in project 'Promises'
    Target 'GoogleUtilities_GoogleUtilities-Logger' in project 'GoogleUtilities' (no dependencies)
    Target 'GULEnvironment' in project 'GoogleUtilities'
        ➜ Explicit dependency on target 'GoogleUtilities-Environment' in project 'GoogleUtilities'
        ➜ Explicit dependency on target 'GoogleUtilities_GoogleUtilities-Environment' in project 'GoogleUtilities'
        ➜ Explicit dependency on target 'third-party-IsAppEncrypted' in project 'GoogleUtilities'
        ➜ Explicit dependency on target 'FBLPromises' in project 'Promises'
    Target 'GoogleUtilities-Environment' in project 'GoogleUtilities'
        ➜ Explicit dependency on target 'GoogleUtilities_GoogleUtilities-Environment' in project 'GoogleUtilities'
        ➜ Explicit dependency on target 'third-party-IsAppEncrypted' in project 'GoogleUtilities'
        ➜ Explicit dependency on target 'FBLPromises' in project 'Promises'
    Target 'FBLPromises' in project 'Promises'
        ➜ Explicit dependency on target 'FBLPromises' in project 'Promises'
        ➜ Explicit dependency on target 'Promises_FBLPromises' in project 'Promises'
    Target 'FBLPromises' in project 'Promises'
        ➜ Explicit dependency on target 'Promises_FBLPromises' in project 'Promises'
    Target 'Promises_FBLPromises' in project 'Promises' (no dependencies)
    Target 'third-party-IsAppEncrypted' in project 'GoogleUtilities' (no dependencies)
    Target 'GoogleUtilities_GoogleUtilities-Environment' in project 'GoogleUtilities' (no dependencies)
    Target 'Firebase_FirebaseCore' in project 'Firebase' (no dependencies)
    Target 'FirebaseCoreInternal' in project 'Firebase'
        ➜ Explicit dependency on target 'Firebase_FirebaseCoreInternal' in project 'Firebase'
        ➜ Explicit dependency on target 'GULNSData' in project 'GoogleUtilities'
    Target 'GULNSData' in project 'GoogleUtilities'
        ➜ Explicit dependency on target 'GoogleUtilities-NSData' in project 'GoogleUtilities'
        ➜ Explicit dependency on target 'GoogleUtilities_GoogleUtilities-NSData' in project 'GoogleUtilities'
    Target 'GoogleUtilities-NSData' in project 'GoogleUtilities'
        ➜ Explicit dependency on target 'GoogleUtilities_GoogleUtilities-NSData' in project 'GoogleUtilities'
    Target 'GoogleUtilities_GoogleUtilities-NSData' in project 'GoogleUtilities' (no dependencies)
    Target 'Firebase_FirebaseCoreInternal' in project 'Firebase' (no dependencies)
    Target 'Firebase' in project 'Firebase' (no dependencies)
    Target 'FirebaseAppCheckInterop' in project 'Firebase' (no dependencies)
    Target 'Firebase_FirebaseAuth' in project 'Firebase' (no dependencies)
    Target 'GoogleSignIn' in project 'GoogleSignIn'
        ➜ Explicit dependency on target 'GoogleSignIn' in project 'GoogleSignIn'
        ➜ Explicit dependency on target 'GoogleSignIn_GoogleSignIn' in project 'GoogleSignIn'
        ➜ Explicit dependency on target 'AppAuth' in project 'AppAuth'
        ➜ Explicit dependency on target 'GTMAppAuth' in project 'GTMAppAuth'
        ➜ Explicit dependency on target 'GTMSessionFetcherCore' in project 'GTMSessionFetcher'
    Target 'GoogleSignIn' in project 'GoogleSignIn'
        ➜ Explicit dependency on target 'GoogleSignIn_GoogleSignIn' in project 'GoogleSignIn'
        ➜ Explicit dependency on target 'AppAuth' in project 'AppAuth'
        ➜ Explicit dependency on target 'GTMAppAuth' in project 'GTMAppAuth'
        ➜ Explicit dependency on target 'GTMSessionFetcherCore' in project 'GTMSessionFetcher'
    Target 'GTMAppAuth' in project 'GTMAppAuth'
        ➜ Explicit dependency on target 'GTMAppAuth' in project 'GTMAppAuth'
        ➜ Explicit dependency on target 'GTMAppAuth_GTMAppAuth' in project 'GTMAppAuth'
        ➜ Explicit dependency on target 'GTMSessionFetcherCore' in project 'GTMSessionFetcher'
        ➜ Explicit dependency on target 'AppAuthCore' in project 'AppAuth'
    Target 'GTMAppAuth' in project 'GTMAppAuth'
        ➜ Explicit dependency on target 'GTMAppAuth_GTMAppAuth' in project 'GTMAppAuth'
        ➜ Explicit dependency on target 'GTMSessionFetcherCore' in project 'GTMSessionFetcher'
        ➜ Explicit dependency on target 'AppAuthCore' in project 'AppAuth'
    Target 'AppAuthCore' in project 'AppAuth'
        ➜ Explicit dependency on target 'AppAuthCore' in project 'AppAuth'
        ➜ Explicit dependency on target 'AppAuth_AppAuthCore' in project 'AppAuth'
    Target 'GTMSessionFetcherCore' in project 'GTMSessionFetcher'
        ➜ Explicit dependency on target 'GTMSessionFetcherCore' in project 'GTMSessionFetcher'
        ➜ Explicit dependency on target 'GTMSessionFetcher_GTMSessionFetcherCore' in project 'GTMSessionFetcher'
    Target 'GTMSessionFetcherCore' in project 'GTMSessionFetcher'
        ➜ Explicit dependency on target 'GTMSessionFetcher_GTMSessionFetcherCore' in project 'GTMSessionFetcher'
    Target 'GTMSessionFetcher_GTMSessionFetcherCore' in project 'GTMSessionFetcher' (no dependencies)
    Target 'GTMAppAuth_GTMAppAuth' in project 'GTMAppAuth' (no dependencies)
    Target 'AppAuth' in project 'AppAuth'
        ➜ Explicit dependency on target 'AppAuth' in project 'AppAuth'
        ➜ Explicit dependency on target 'AppAuth_AppAuth' in project 'AppAuth'
        ➜ Explicit dependency on target 'AppAuthCore' in project 'AppAuth'
    Target 'AppAuth' in project 'AppAuth'
        ➜ Explicit dependency on target 'AppAuth_AppAuth' in project 'AppAuth'
        ➜ Explicit dependency on target 'AppAuthCore' in project 'AppAuth'
    Target 'AppAuthCore' in project 'AppAuth'
        ➜ Explicit dependency on target 'AppAuth_AppAuthCore' in project 'AppAuth'
    Target 'AppAuth_AppAuthCore' in project 'AppAuth' (no dependencies)
    Target 'AppAuth_AppAuth' in project 'AppAuth' (no dependencies)
    Target 'GoogleSignIn_GoogleSignIn' in project 'GoogleSignIn' (no dependencies)

GatherProvisioningInputs

CreateBuildDescription

ExecuteExternalTool /Users/hectorgarcia/Downloads/Xcode.app/Contents/Developer/Toolchains/XcodeDefault.xctoolchain/usr/bin/clang -v -E -dM -arch x86_64 -isysroot /Users/hectorgarcia/Downloads/Xcode.app/Contents/Developer/Platforms/iPhoneSimulator.platform/Developer/SDKs/iPhoneSimulator26.2.sdk -x objective-c -c /dev/null

ExecuteExternalTool /Users/hectorgarcia/Downloads/Xcode.app/Contents/Developer/Toolchains/XcodeDefault.xctoolchain/usr/bin/swiftc --version

ExecuteExternalTool /Users/hectorgarcia/Downloads/Xcode.app/Contents/Developer/Toolchains/XcodeDefault.xctoolchain/usr/bin/clang -v -E -dM -isysroot /Users/hectorgarcia/Downloads/Xcode.app/Contents/Developer/Platforms/iPhoneSimulator.platform/Developer/SDKs/iPhoneSimulator26.2.sdk -x c -c /dev/null

ExecuteExternalTool /Users/hectorgarcia/Downloads/Xcode.app/Contents/Developer/usr/bin/actool --print-asset-tag-combinations --output-format xml1 /Users/hectorgarcia/LYO_Da_ONE/Sources/Resources/Assets.xcassets

ExecuteExternalTool /Users/hectorgarcia/Downloads/Xcode.app/Contents/Developer/Toolchains/XcodeDefault.xctoolchain/usr/bin/clang -v -E -dM -arch x86_64 -isysroot /Users/hectorgarcia/Downloads/Xcode.app/Contents/Developer/Platforms/iPhoneSimulator.platform/Developer/SDKs/iPhoneSimulator26.2.sdk -x c -c /dev/null

ExecuteExternalTool /Users/hectorgarcia/Downloads/Xcode.app/Contents/Developer/Toolchains/XcodeDefault.xctoolchain/usr/bin/ld -version_details

ExecuteExternalTool /Users/hectorgarcia/Downloads/Xcode.app/Contents/Developer/Toolchains/XcodeDefault.xctoolchain/usr/bin/clang -v -E -dM -arch x86_64 -isysroot /Users/hectorgarcia/Downloads/Xcode.app/Contents/Developer/Platforms/iPhoneSimulator.platform/Developer/SDKs/iPhoneSimulator26.2.sdk -x objective-c++ -c /dev/null

ExecuteExternalTool /Users/hectorgarcia/Downloads/Xcode.app/Contents/Developer/usr/bin/actool --version --output-format xml1

Build description signature: 399a8623a9fe4ae84173253e2359eb0d
Build description path: /Users/hectorgarcia/Library/Developer/Xcode/DerivedData/Build/Intermediates.noindex/XCBuildData/399a8623a9fe4ae84173253e2359eb0d.xcbuilddata
ClangStatCache /Users/hectorgarcia/Downloads/Xcode.app/Contents/Developer/Toolchains/XcodeDefault.xctoolchain/usr/bin/clang-stat-cache /Users/hectorgarcia/Downloads/Xcode.app/Contents/Developer/Platforms/iPhoneSimulator.platform/Developer/SDKs/iPhoneSimulator26.2.sdk /Users/hectorgarcia/Library/Developer/Xcode/DerivedData/SDKStatCaches.noindex/iphonesimulator26.2-23C53-823d3e8b6e60bc2018c189d3ca05ba9b.sdkstatcache
    cd /Users/hectorgarcia/LYO_Da_ONE/Lyo.xcodeproj
    /Users/hectorgarcia/Downloads/Xcode.app/Contents/Developer/Toolchains/XcodeDefault.xctoolchain/usr/bin/clang-stat-cache /Users/hectorgarcia/Downloads/Xcode.app/Contents/Developer/Platforms/iPhoneSimulator.platform/Developer/SDKs/iPhoneSimulator26.2.sdk -o /Users/hectorgarcia/Library/Developer/Xcode/DerivedData/SDKStatCaches.noindex/iphonesimulator26.2-23C53-823d3e8b6e60bc2018c189d3ca05ba9b.sdkstatcache

ProcessInfoPlistFile /Users/hectorgarcia/Library/Developer/Xcode/DerivedData/Build/Products/Debug-iphonesimulator/nanopb_nanopb.bundle/Info.plist /Users/hectorgarcia/Library/Developer/Xcode/DerivedData/Build/Intermediates.noindex/nanopb.build/Debug-iphonesimulator/nanopb_nanopb.build/empty-nanopb_nanopb.plist (in target 'nanopb_nanopb' from project 'nanopb')
    cd /Users/hectorgarcia/Library/Developer/Xcode/DerivedData/Lyo-eagkiegzrakogpczynhkaholsscs/SourcePackages/checkouts/nanopb
    builtin-infoPlistUtility /Users/hectorgarcia/Library/Developer/Xcode/DerivedData/Build/Intermediates.noindex/nanopb.build/Debug-iphonesimulator/nanopb_nanopb.build/empty-nanopb_nanopb.plist -producttype com.apple.product-type.bundle -expandbuildsettings -format binary -platform iphonesimulator -o /Users/hectorgarcia/Library/Developer/Xcode/DerivedData/Build/Products/Debug-iphonesimulator/nanopb_nanopb.bundle/Info.plist

ProcessInfoPlistFile /Users/hectorgarcia/Library/Developer/Xcode/DerivedData/Build/Products/Debug-iphonesimulator/GoogleUtilities_GoogleUtilities-UserDefaults.bundle/Info.plist /Users/hectorgarcia/Library/Developer/Xcode/DerivedData/Build/Intermediates.noindex/GoogleUtilities.build/Debug-iphonesimulator/GoogleUtilities_GoogleUtilities-UserDefaults.build/empty-GoogleUtilities_GoogleUtilities-UserDefaults.plist (in target 'GoogleUtilities_GoogleUtilities-UserDefaults' from project 'GoogleUtilities')
    cd /Users/hectorgarcia/Library/Developer/Xcode/DerivedData/Lyo-eagkiegzrakogpczynhkaholsscs/SourcePackages/checkouts/GoogleUtilities
    builtin-infoPlistUtility /Users/hectorgarcia/Library/Developer/Xcode/DerivedData/Build/Intermediates.noindex/GoogleUtilities.build/Debug-iphonesimulator/GoogleUtilities_GoogleUtilities-UserDefaults.build/empty-GoogleUtilities_GoogleUtilities-UserDefaults.plist -producttype com.apple.product-type.bundle -expandbuildsettings -format binary -platform iphonesimulator -o /Users/hectorgarcia/Library/Developer/Xcode/DerivedData/Build/Products/Debug-iphonesimulator/GoogleUtilities_GoogleUtilities-UserDefaults.bundle/Info.plist

ProcessInfoPlistFile /Users/hectorgarcia/Library/Developer/Xcode/DerivedData/Build/Products/Debug-iphonesimulator/Promises_FBLPromises.bundle/Info.plist /Users/hectorgarcia/Library/Developer/Xcode/DerivedData/Build/Intermediates.noindex/Promises.build/Debug-iphonesimulator/Promises_FBLPromises.build/empty-Promises_FBLPromises.plist (in target 'Promises_FBLPromises' from project 'Promises')
    cd /Users/hectorgarcia/Library/Developer/Xcode/DerivedData/Lyo-eagkiegzrakogpczynhkaholsscs/SourcePackages/checkouts/promises
    builtin-infoPlistUtility /Users/hectorgarcia/Library/Developer/Xcode/DerivedData/Build/Intermediates.noindex/Promises.build/Debug-iphonesimulator/Promises_FBLPromises.build/empty-Promises_FBLPromises.plist -producttype com.apple.product-type.bundle -expandbuildsettings -format binary -platform iphonesimulator -o /Users/hectorgarcia/Library/Developer/Xcode/DerivedData/Build/Products/Debug-iphonesimulator/Promises_FBLPromises.bundle/Info.plist

ProcessInfoPlistFile /Users/hectorgarcia/Library/Developer/Xcode/DerivedData/Build/Products/Debug-iphonesimulator/Promises_Promises.bundle/Info.plist /Users/hectorgarcia/Library/Developer/Xcode/DerivedData/Build/Intermediates.noindex/Promises.build/Debug-iphonesimulator/Promises_Promises.build/empty-Promises_Promises.plist (in target 'Promises_Promises' from project 'Promises')
    cd /Users/hectorgarcia/Library/Developer/Xcode/DerivedData/Lyo-eagkiegzrakogpczynhkaholsscs/SourcePackages/checkouts/promises
    builtin-infoPlistUtility /Users/hectorgarcia/Library/Developer/Xcode/DerivedData/Build/Intermediates.noindex/Promises.build/Debug-iphonesimulator/Promises_Promises.build/empty-Promises_Promises.plist -producttype com.apple.product-type.bundle -expandbuildsettings -format binary -platform iphonesimulator -o /Users/hectorgarcia/Library/Developer/Xcode/DerivedData/Build/Products/Debug-iphonesimulator/Promises_Promises.bundle/Info.plist

ProcessInfoPlistFile /Users/hectorgarcia/Library/Developer/Xcode/DerivedData/Build/Products/Debug-iphonesimulator/GoogleUtilities_GoogleUtilities-Environment.bundle/Info.plist /Users/hectorgarcia/Library/Developer/Xcode/DerivedData/Build/Intermediates.noindex/GoogleUtilities.build/Debug-iphonesimulator/GoogleUtilities_GoogleUtilities-Environment.build/empty-GoogleUtilities_GoogleUtilities-Environment.plist (in target 'GoogleUtilities_GoogleUtilities-Environment' from project 'GoogleUtilities')
    cd /Users/hectorgarcia/Library/Developer/Xcode/DerivedData/Lyo-eagkiegzrakogpczynhkaholsscs/SourcePackages/checkouts/GoogleUtilities
    builtin-infoPlistUtility /Users/hectorgarcia/Library/Developer/Xcode/DerivedData/Build/Intermediates.noindex/GoogleUtilities.build/Debug-iphonesimulator/GoogleUtilities_GoogleUtilities-Environment.build/empty-GoogleUtilities_GoogleUtilities-Environment.plist -producttype com.apple.product-type.bundle -expandbuildsettings -format binary -platform iphonesimulator -o /Users/hectorgarcia/Library/Developer/Xcode/DerivedData/Build/Products/Debug-iphonesimulator/GoogleUtilities_GoogleUtilities-Environment.bundle/Info.plist

ProcessInfoPlistFile /Users/hectorgarcia/Library/Developer/Xcode/DerivedData/Build/Products/Debug-iphonesimulator/GoogleUtilities_GoogleUtilities-NSData.bundle/Info.plist /Users/hectorgarcia/Library/Developer/Xcode/DerivedData/Build/Intermediates.noindex/GoogleUtilities.build/Debug-iphonesimulator/GoogleUtilities_GoogleUtilities-NSData.build/empty-GoogleUtilities_GoogleUtilities-NSData.plist (in target 'GoogleUtilities_GoogleUtilities-NSData' from project 'GoogleUtilities')
    cd /Users/hectorgarcia/Library/Developer/Xcode/DerivedData/Lyo-eagkiegzrakogpczynhkaholsscs/SourcePackages/checkouts/GoogleUtilities
    builtin-infoPlistUtility /Users/hectorgarcia/Library/Developer/Xcode/DerivedData/Build/Intermediates.noindex/GoogleUtilities.build/Debug-iphonesimulator/GoogleUtilities_GoogleUtilities-NSData.build/empty-GoogleUtilities_GoogleUtilities-NSData.plist -producttype com.apple.product-type.bundle -expandbuildsettings -format binary -platform iphonesimulator -o /Users/hectorgarcia/Library/Developer/Xcode/DerivedData/Build/Products/Debug-iphonesimulator/GoogleUtilities_GoogleUtilities-NSData.bundle/Info.plist

ProcessInfoPlistFile /Users/hectorgarcia/Library/Developer/Xcode/DerivedData/Build/Products/Debug-iphonesimulator/GoogleUtilities_GoogleUtilities-Reachability.bundle/Info.plist /Users/hectorgarcia/Library/Developer/Xcode/DerivedData/Build/Intermediates.noindex/GoogleUtilities.build/Debug-iphonesimulator/GoogleUtilities_GoogleUtilities-Reachability.build/empty-GoogleUtilities_GoogleUtilities-Reachability.plist (in target 'GoogleUtilities_GoogleUtilities-Reachability' from project 'GoogleUtilities')
    cd /Users/hectorgarcia/Library/Developer/Xcode/DerivedData/Lyo-eagkiegzrakogpczynhkaholsscs/SourcePackages/checkouts/GoogleUtilities
    builtin-infoPlistUtility /Users/hectorgarcia/Library/Developer/Xcode/DerivedData/Build/Intermediates.noindex/GoogleUtilities.build/Debug-iphonesimulator/GoogleUtilities_GoogleUtilities-Reachability.build/empty-GoogleUtilities_GoogleUtilities-Reachability.plist -producttype com.apple.product-type.bundle -expandbuildsettings -format binary -platform iphonesimulator -o /Users/hectorgarcia/Library/Developer/Xcode/DerivedData/Build/Products/Debug-iphonesimulator/GoogleUtilities_GoogleUtilities-Reachability.bundle/Info.plist

ProcessInfoPlistFile /Users/hectorgarcia/Library/Developer/Xcode/DerivedData/Build/Products/Debug-iphonesimulator/GoogleUtilities_GoogleUtilities-AppDelegateSwizzler.bundle/Info.plist /Users/hectorgarcia/Library/Developer/Xcode/DerivedData/Build/Intermediates.noindex/GoogleUtilities.build/Debug-iphonesimulator/GoogleUtilities_GoogleUtilities-AppDelegateSwizzler.build/empty-GoogleUtilities_GoogleUtilities-AppDelegateSwizzler.plist (in target 'GoogleUtilities_GoogleUtilities-AppDelegateSwizzler' from project 'GoogleUtilities')
    cd /Users/hectorgarcia/Library/Developer/Xcode/DerivedData/Lyo-eagkiegzrakogpczynhkaholsscs/SourcePackages/checkouts/GoogleUtilities
    builtin-infoPlistUtility /Users/hectorgarcia/Library/Developer/Xcode/DerivedData/Build/Intermediates.noindex/GoogleUtilities.build/Debug-iphonesimulator/GoogleUtilities_GoogleUtilities-AppDelegateSwizzler.build/empty-GoogleUtilities_GoogleUtilities-AppDelegateSwizzler.plist -producttype com.apple.product-type.bundle -expandbuildsettings -format binary -platform iphonesimulator -o /Users/hectorgarcia/Library/Developer/Xcode/DerivedData/Build/Products/Debug-iphonesimulator/GoogleUtilities_GoogleUtilities-AppDelegateSwizzler.bundle/Info.plist

ProcessInfoPlistFile /Users/hectorgarcia/Library/Developer/Xcode/DerivedData/Build/Products/Debug-iphonesimulator/GoogleUtilities_GoogleUtilities-Network.bundle/Info.plist /Users/hectorgarcia/Library/Developer/Xcode/DerivedData/Build/Intermediates.noindex/GoogleUtilities.build/Debug-iphonesimulator/GoogleUtilities_GoogleUtilities-Network.build/empty-GoogleUtilities_GoogleUtilities-Network.plist (in target 'GoogleUtilities_GoogleUtilities-Network' from project 'GoogleUtilities')
    cd /Users/hectorgarcia/Library/Developer/Xcode/DerivedData/Lyo-eagkiegzrakogpczynhkaholsscs/SourcePackages/checkouts/GoogleUtilities
    builtin-infoPlistUtility /Users/hectorgarcia/Library/Developer/Xcode/DerivedData/Build/Intermediates.noindex/GoogleUtilities.build/Debug-iphonesimulator/GoogleUtilities_GoogleUtilities-Network.build/empty-GoogleUtilities_GoogleUtilities-Network.plist -producttype com.apple.product-type.bundle -expandbuildsettings -format binary -platform iphonesimulator -o /Users/hectorgarcia/Library/Developer/Xcode/DerivedData/Build/Products/Debug-iphonesimulator/GoogleUtilities_GoogleUtilities-Network.bundle/Info.plist

ProcessInfoPlistFile /Users/hectorgarcia/Library/Developer/Xcode/DerivedData/Build/Products/Debug-iphonesimulator/GoogleUtilities_GoogleUtilities-Logger.bundle/Info.plist /Users/hectorgarcia/Library/Developer/Xcode/DerivedData/Build/Intermediates.noindex/GoogleUtilities.build/Debug-iphonesimulator/GoogleUtilities_GoogleUtilities-Logger.build/empty-GoogleUtilities_GoogleUtilities-Logger.plist (in target 'GoogleUtilities_GoogleUtilities-Logger' from project 'GoogleUtilities')
    cd /Users/hectorgarcia/Library/Developer/Xcode/DerivedData/Lyo-eagkiegzrakogpczynhkaholsscs/SourcePackages/checkouts/GoogleUtilities
    builtin-infoPlistUtility /Users/hectorgarcia/Library/Developer/Xcode/DerivedData/Build/Intermediates.noindex/GoogleUtilities.build/Debug-iphonesimulator/GoogleUtilities_GoogleUtilities-Logger.build/empty-GoogleUtilities_GoogleUtilities-Logger.plist -producttype com.apple.product-type.bundle -expandbuildsettings -format binary -platform iphonesimulator -o /Users/hectorgarcia/Library/Developer/Xcode/DerivedData/Build/Products/Debug-iphonesimulator/GoogleUtilities_GoogleUtilities-Logger.bundle/Info.plist

ProcessInfoPlistFile /Users/hectorgarcia/Library/Developer/Xcode/DerivedData/Build/Products/Debug-iphonesimulator/GoogleSignIn_GoogleSignIn.bundle/Info.plist /Users/hectorgarcia/Library/Developer/Xcode/DerivedData/Build/Intermediates.noindex/GoogleSignIn.build/Debug-iphonesimulator/GoogleSignIn_GoogleSignIn.build/empty-GoogleSignIn_GoogleSignIn.plist (in target 'GoogleSignIn_GoogleSignIn' from project 'GoogleSignIn')
    cd /Users/hectorgarcia/Library/Developer/Xcode/DerivedData/Lyo-eagkiegzrakogpczynhkaholsscs/SourcePackages/checkouts/GoogleSignIn-iOS
    builtin-infoPlistUtility /Users/hectorgarcia/Library/Developer/Xcode/DerivedData/Build/Intermediates.noindex/GoogleSignIn.build/Debug-iphonesimulator/GoogleSignIn_GoogleSignIn.build/empty-GoogleSignIn_GoogleSignIn.plist -producttype com.apple.product-type.bundle -expandbuildsettings -format binary -platform iphonesimulator -o /Users/hectorgarcia/Library/Developer/Xcode/DerivedData/Build/Products/Debug-iphonesimulator/GoogleSignIn_GoogleSignIn.bundle/Info.plist

ProcessInfoPlistFile /Users/hectorgarcia/Library/Developer/Xcode/DerivedData/Build/Products/Debug-iphonesimulator/GoogleDataTransport_GoogleDataTransport.bundle/Info.plist /Users/hectorgarcia/Library/Developer/Xcode/DerivedData/Build/Intermediates.noindex/GoogleDataTransport.build/Debug-iphonesimulator/GoogleDataTransport_GoogleDataTransport.build/empty-GoogleDataTransport_GoogleDataTransport.plist (in target 'GoogleDataTransport_GoogleDataTransport' from project 'GoogleDataTransport')
    cd /Users/hectorgarcia/Library/Developer/Xcode/DerivedData/Lyo-eagkiegzrakogpczynhkaholsscs/SourcePackages/checkouts/GoogleDataTransport
    builtin-infoPlistUtility /Users/hectorgarcia/Library/Developer/Xcode/DerivedData/Build/Intermediates.noindex/GoogleDataTransport.build/Debug-iphonesimulator/GoogleDataTransport_GoogleDataTransport.build/empty-GoogleDataTransport_GoogleDataTransport.plist -producttype com.apple.product-type.bundle -expandbuildsettings -format binary -platform iphonesimulator -o /Users/hectorgarcia/Library/Developer/Xcode/DerivedData/Build/Products/Debug-iphonesimulator/GoogleDataTransport_GoogleDataTransport.bundle/Info.plist

ProcessInfoPlistFile /Users/hectorgarcia/Library/Developer/Xcode/DerivedData/Build/Products/Debug-iphonesimulator/GTMSessionFetcher_GTMSessionFetcherCore.bundle/Info.plist /Users/hectorgarcia/Library/Developer/Xcode/DerivedData/Build/Intermediates.noindex/GTMSessionFetcher.build/Debug-iphonesimulator/GTMSessionFetcher_GTMSessionFetcherCore.build/empty-GTMSessionFetcher_GTMSessionFetcherCore.plist (in target 'GTMSessionFetcher_GTMSessionFetcherCore' from project 'GTMSessionFetcher')
    cd /Users/hectorgarcia/Library/Developer/Xcode/DerivedData/Lyo-eagkiegzrakogpczynhkaholsscs/SourcePackages/checkouts/gtm-session-fetcher
    builtin-infoPlistUtility /Users/hectorgarcia/Library/Developer/Xcode/DerivedData/Build/Intermediates.noindex/GTMSessionFetcher.build/Debug-iphonesimulator/GTMSessionFetcher_GTMSessionFetcherCore.build/empty-GTMSessionFetcher_GTMSessionFetcherCore.plist -producttype com.apple.product-type.bundle -expandbuildsettings -format binary -platform iphonesimulator -o /Users/hectorgarcia/Library/Developer/Xcode/DerivedData/Build/Products/Debug-iphonesimulator/GTMSessionFetcher_GTMSessionFetcherCore.bundle/Info.plist

ProcessInfoPlistFile /Users/hectorgarcia/Library/Developer/Xcode/DerivedData/Build/Products/Debug-iphonesimulator/GTMAppAuth_GTMAppAuth.bundle/Info.plist /Users/hectorgarcia/Library/Developer/Xcode/DerivedData/Build/Intermediates.noindex/GTMAppAuth.build/Debug-iphonesimulator/GTMAppAuth_GTMAppAuth.build/empty-GTMAppAuth_GTMAppAuth.plist (in target 'GTMAppAuth_GTMAppAuth' from project 'GTMAppAuth')
    cd /Users/hectorgarcia/Library/Developer/Xcode/DerivedData/Lyo-eagkiegzrakogpczynhkaholsscs/SourcePackages/checkouts/GTMAppAuth
    builtin-infoPlistUtility /Users/hectorgarcia/Library/Developer/Xcode/DerivedData/Build/Intermediates.noindex/GTMAppAuth.build/Debug-iphonesimulator/GTMAppAuth_GTMAppAuth.build/empty-GTMAppAuth_GTMAppAuth.plist -producttype com.apple.product-type.bundle -expandbuildsettings -format binary -platform iphonesimulator -o /Users/hectorgarcia/Library/Developer/Xcode/DerivedData/Build/Products/Debug-iphonesimulator/GTMAppAuth_GTMAppAuth.bundle/Info.plist

ProcessInfoPlistFile /Users/hectorgarcia/Library/Developer/Xcode/DerivedData/Build/Products/Debug-iphonesimulator/Firebase_FirebaseInstallations.bundle/Info.plist /Users/hectorgarcia/Library/Developer/Xcode/DerivedData/Build/Intermediates.noindex/Firebase.build/Debug-iphonesimulator/Firebase_FirebaseInstallations.build/empty-Firebase_FirebaseInstallations.plist (in target 'Firebase_FirebaseInstallations' from project 'Firebase')
    cd /Users/hectorgarcia/Library/Developer/Xcode/DerivedData/Lyo-eagkiegzrakogpczynhkaholsscs/SourcePackages/checkouts/firebase-ios-sdk
    builtin-infoPlistUtility /Users/hectorgarcia/Library/Developer/Xcode/DerivedData/Build/Intermediates.noindex/Firebase.build/Debug-iphonesimulator/Firebase_FirebaseInstallations.build/empty-Firebase_FirebaseInstallations.plist -producttype com.apple.product-type.bundle -expandbuildsettings -format binary -platform iphonesimulator -o /Users/hectorgarcia/Library/Developer/Xcode/DerivedData/Build/Products/Debug-iphonesimulator/Firebase_FirebaseInstallations.bundle/Info.plist

ProcessInfoPlistFile /Users/hectorgarcia/Library/Developer/Xcode/DerivedData/Build/Products/Debug-iphonesimulator/Firebase_FirebaseCrashlytics.bundle/Info.plist /Users/hectorgarcia/Library/Developer/Xcode/DerivedData/Build/Intermediates.noindex/Firebase.build/Debug-iphonesimulator/Firebase_FirebaseCrashlytics.build/empty-Firebase_FirebaseCrashlytics.plist (in target 'Firebase_FirebaseCrashlytics' from project 'Firebase')
    cd /Users/hectorgarcia/Library/Developer/Xcode/DerivedData/Lyo-eagkiegzrakogpczynhkaholsscs/SourcePackages/checkouts/firebase-ios-sdk
    builtin-infoPlistUtility /Users/hectorgarcia/Library/Developer/Xcode/DerivedData/Build/Intermediates.noindex/Firebase.build/Debug-iphonesimulator/Firebase_FirebaseCrashlytics.build/empty-Firebase_FirebaseCrashlytics.plist -producttype com.apple.product-type.bundle -expandbuildsettings -format binary -platform iphonesimulator -o /Users/hectorgarcia/Library/Developer/Xcode/DerivedData/Build/Products/Debug-iphonesimulator/Firebase_FirebaseCrashlytics.bundle/Info.plist

ProcessInfoPlistFile /Users/hectorgarcia/Library/Developer/Xcode/DerivedData/Build/Products/Debug-iphonesimulator/Firebase_FirebaseCoreInternal.bundle/Info.plist /Users/hectorgarcia/Library/Developer/Xcode/DerivedData/Build/Intermediates.noindex/Firebase.build/Debug-iphonesimulator/Firebase_FirebaseCoreInternal.build/empty-Firebase_FirebaseCoreInternal.plist (in target 'Firebase_FirebaseCoreInternal' from project 'Firebase')
    cd /Users/hectorgarcia/Library/Developer/Xcode/DerivedData/Lyo-eagkiegzrakogpczynhkaholsscs/SourcePackages/checkouts/firebase-ios-sdk
    builtin-infoPlistUtility /Users/hectorgarcia/Library/Developer/Xcode/DerivedData/Build/Intermediates.noindex/Firebase.build/Debug-iphonesimulator/Firebase_FirebaseCoreInternal.build/empty-Firebase_FirebaseCoreInternal.plist -producttype com.apple.product-type.bundle -expandbuildsettings -format binary -platform iphonesimulator -o /Users/hectorgarcia/Library/Developer/Xcode/DerivedData/Build/Products/Debug-iphonesimulator/Firebase_FirebaseCoreInternal.bundle/Info.plist

ProcessInfoPlistFile /Users/hectorgarcia/Library/Developer/Xcode/DerivedData/Build/Products/Debug-iphonesimulator/Firebase_FirebaseCoreExtension.bundle/Info.plist /Users/hectorgarcia/Library/Developer/Xcode/DerivedData/Build/Intermediates.noindex/Firebase.build/Debug-iphonesimulator/Firebase_FirebaseCoreExtension.build/empty-Firebase_FirebaseCoreExtension.plist (in target 'Firebase_FirebaseCoreExtension' from project 'Firebase')
    cd /Users/hectorgarcia/Library/Developer/Xcode/DerivedData/Lyo-eagkiegzrakogpczynhkaholsscs/SourcePackages/checkouts/firebase-ios-sdk
    builtin-infoPlistUtility /Users/hectorgarcia/Library/Developer/Xcode/DerivedData/Build/Intermediates.noindex/Firebase.build/Debug-iphonesimulator/Firebase_FirebaseCoreExtension.build/empty-Firebase_FirebaseCoreExtension.plist -producttype com.apple.product-type.bundle -expandbuildsettings -format binary -platform iphonesimulator -o /Users/hectorgarcia/Library/Developer/Xcode/DerivedData/Build/Products/Debug-iphonesimulator/Firebase_FirebaseCoreExtension.bundle/Info.plist

ProcessInfoPlistFile /Users/hectorgarcia/Library/Developer/Xcode/DerivedData/Build/Products/Debug-iphonesimulator/Firebase_FirebaseCore.bundle/Info.plist /Users/hectorgarcia/Library/Developer/Xcode/DerivedData/Build/Intermediates.noindex/Firebase.build/Debug-iphonesimulator/Firebase_FirebaseCore.build/empty-Firebase_FirebaseCore.plist (in target 'Firebase_FirebaseCore' from project 'Firebase')
    cd /Users/hectorgarcia/Library/Developer/Xcode/DerivedData/Lyo-eagkiegzrakogpczynhkaholsscs/SourcePackages/checkouts/firebase-ios-sdk
    builtin-infoPlistUtility /Users/hectorgarcia/Library/Developer/Xcode/DerivedData/Build/Intermediates.noindex/Firebase.build/Debug-iphonesimulator/Firebase_FirebaseCore.build/empty-Firebase_FirebaseCore.plist -producttype com.apple.product-type.bundle -expandbuildsettings -format binary -platform iphonesimulator -o /Users/hectorgarcia/Library/Developer/Xcode/DerivedData/Build/Products/Debug-iphonesimulator/Firebase_FirebaseCore.bundle/Info.plist

ProcessInfoPlistFile /Users/hectorgarcia/Library/Developer/Xcode/DerivedData/Build/Products/Debug-iphonesimulator/Firebase_FirebaseAuth.bundle/Info.plist /Users/hectorgarcia/Library/Developer/Xcode/DerivedData/Build/Intermediates.noindex/Firebase.build/Debug-iphonesimulator/Firebase_FirebaseAuth.build/empty-Firebase_FirebaseAuth.plist (in target 'Firebase_FirebaseAuth' from project 'Firebase')
    cd /Users/hectorgarcia/Library/Developer/Xcode/DerivedData/Lyo-eagkiegzrakogpczynhkaholsscs/SourcePackages/checkouts/firebase-ios-sdk
    builtin-infoPlistUtility /Users/hectorgarcia/Library/Developer/Xcode/DerivedData/Build/Intermediates.noindex/Firebase.build/Debug-iphonesimulator/Firebase_FirebaseAuth.build/empty-Firebase_FirebaseAuth.plist -producttype com.apple.product-type.bundle -expandbuildsettings -format binary -platform iphonesimulator -o /Users/hectorgarcia/Library/Developer/Xcode/DerivedData/Build/Products/Debug-iphonesimulator/Firebase_FirebaseAuth.bundle/Info.plist

ProcessInfoPlistFile /Users/hectorgarcia/Library/Developer/Xcode/DerivedData/Build/Products/Debug-iphonesimulator/AppAuth_AppAuthCore.bundle/Info.plist /Users/hectorgarcia/Library/Developer/Xcode/DerivedData/Build/Intermediates.noindex/AppAuth.build/Debug-iphonesimulator/AppAuth_AppAuthCore.build/empty-AppAuth_AppAuthCore.plist (in target 'AppAuth_AppAuthCore' from project 'AppAuth')
    cd /Users/hectorgarcia/Library/Developer/Xcode/DerivedData/Lyo-eagkiegzrakogpczynhkaholsscs/SourcePackages/checkouts/AppAuth-iOS
    builtin-infoPlistUtility /Users/hectorgarcia/Library/Developer/Xcode/DerivedData/Build/Intermediates.noindex/AppAuth.build/Debug-iphonesimulator/AppAuth_AppAuthCore.build/empty-AppAuth_AppAuthCore.plist -producttype com.apple.product-type.bundle -expandbuildsettings -format binary -platform iphonesimulator -o /Users/hectorgarcia/Library/Developer/Xcode/DerivedData/Build/Products/Debug-iphonesimulator/AppAuth_AppAuthCore.bundle/Info.plist

ProcessInfoPlistFile /Users/hectorgarcia/Library/Developer/Xcode/DerivedData/Build/Products/Debug-iphonesimulator/AppAuth_AppAuth.bundle/Info.plist /Users/hectorgarcia/Library/Developer/Xcode/DerivedData/Build/Intermediates.noindex/AppAuth.build/Debug-iphonesimulator/AppAuth_AppAuth.build/empty-AppAuth_AppAuth.plist (in target 'AppAuth_AppAuth' from project 'AppAuth')
    cd /Users/hectorgarcia/Library/Developer/Xcode/DerivedData/Lyo-eagkiegzrakogpczynhkaholsscs/SourcePackages/checkouts/AppAuth-iOS
    builtin-infoPlistUtility /Users/hectorgarcia/Library/Developer/Xcode/DerivedData/Build/Intermediates.noindex/AppAuth.build/Debug-iphonesimulator/AppAuth_AppAuth.build/empty-AppAuth_AppAuth.plist -producttype com.apple.product-type.bundle -expandbuildsettings -format binary -platform iphonesimulator -o /Users/hectorgarcia/Library/Developer/Xcode/DerivedData/Build/Products/Debug-iphonesimulator/AppAuth_AppAuth.bundle/Info.plist

ProcessProductPackaging /Users/hectorgarcia/LYO_Da_ONE/Lyo.entitlements /Users/hectorgarcia/Library/Developer/Xcode/DerivedData/Build/Intermediates.noindex/Lyo.build/Debug-iphonesimulator/Lyo.build/Lyo.app-Simulated.xcent (in target 'Lyo' from project 'Lyo')
    cd /Users/hectorgarcia/LYO_Da_ONE
    
    Entitlements:
    
    {
    "application-identifier" = "5QZDMJGN7B.com.lyo.app";
    "com.apple.developer.applesignin" =     (
        Default
    );
}
    
    builtin-productPackagingUtility /Users/hectorgarcia/LYO_Da_ONE/Lyo.entitlements -entitlements -format xml -o /Users/hectorgarcia/Library/Developer/Xcode/DerivedData/Build/Intermediates.noindex/Lyo.build/Debug-iphonesimulator/Lyo.build/Lyo.app-Simulated.xcent

ProcessProductPackaging /Users/hectorgarcia/LYO_Da_ONE/Lyo.entitlements /Users/hectorgarcia/Library/Developer/Xcode/DerivedData/Build/Intermediates.noindex/Lyo.build/Debug-iphonesimulator/Lyo.build/Lyo.app.xcent (in target 'Lyo' from project 'Lyo')
    cd /Users/hectorgarcia/LYO_Da_ONE
    
    Entitlements:
    
    {
}
    
    builtin-productPackagingUtility /Users/hectorgarcia/LYO_Da_ONE/Lyo.entitlements -entitlements -format xml -o /Users/hectorgarcia/Library/Developer/Xcode/DerivedData/Build/Intermediates.noindex/Lyo.build/Debug-iphonesimulator/Lyo.build/Lyo.app.xcent

ProcessProductPackagingDER /Users/hectorgarcia/Library/Developer/Xcode/DerivedData/Build/Intermediates.noindex/Lyo.build/Debug-iphonesimulator/Lyo.build/Lyo.app.xcent /Users/hectorgarcia/Library/Developer/Xcode/DerivedData/Build/Intermediates.noindex/Lyo.build/Debug-iphonesimulator/Lyo.build/Lyo.app.xcent.der (in target 'Lyo' from project 'Lyo')
    cd /Users/hectorgarcia/LYO_Da_ONE
    /usr/bin/derq query -f xml -i /Users/hectorgarcia/Library/Developer/Xcode/DerivedData/Build/Intermediates.noindex/Lyo.build/Debug-iphonesimulator/Lyo.build/Lyo.app.xcent -o /Users/hectorgarcia/Library/Developer/Xcode/DerivedData/Build/Intermediates.noindex/Lyo.build/Debug-iphonesimulator/Lyo.build/Lyo.app.xcent.der --raw

ProcessProductPackagingDER /Users/hectorgarcia/Library/Developer/Xcode/DerivedData/Build/Intermediates.noindex/Lyo.build/Debug-iphonesimulator/Lyo.build/Lyo.app-Simulated.xcent /Users/hectorgarcia/Library/Developer/Xcode/DerivedData/Build/Intermediates.noindex/Lyo.build/Debug-iphonesimulator/Lyo.build/Lyo.app-Simulated.xcent.der (in target 'Lyo' from project 'Lyo')
    cd /Users/hectorgarcia/LYO_Da_ONE
    /usr/bin/derq query -f xml -i /Users/hectorgarcia/Library/Developer/Xcode/DerivedData/Build/Intermediates.noindex/Lyo.build/Debug-iphonesimulator/Lyo.build/Lyo.app-Simulated.xcent -o /Users/hectorgarcia/Library/Developer/Xcode/DerivedData/Build/Intermediates.noindex/Lyo.build/Debug-iphonesimulator/Lyo.build/Lyo.app-Simulated.xcent.der --raw

SwiftDriver Lyo normal x86_64 com.apple.xcode.tools.swift.compiler (in target 'Lyo' from project 'Lyo')
    cd /Users/hectorgarcia/LYO_Da_ONE
    builtin-SwiftDriver -- /Users/hectorgarcia/Downloads/Xcode.app/Contents/Developer/Toolchains/XcodeDefault.xctoolchain/usr/bin/swiftc -module-name Lyo -Onone -enforce-exclusivity\=checked @/Users/hectorgarcia/Library/Developer/Xcode/DerivedData/Build/Intermediates.noindex/Lyo.build/Debug-iphonesimulator/Lyo.build/Objects-normal/x86_64/Lyo.SwiftFileList -DDEBUG -Xcc -fmodule-map-file\=/Users/hectorgarcia/Library/Developer/Xcode/DerivedData/Build/Intermediates.noindex/GeneratedModuleMaps-iphonesimulator/AppAuth.modulemap -Xcc -fmodule-map-file\=/Users/hectorgarcia/Library/Developer/Xcode/DerivedData/Build/Intermediates.noindex/GeneratedModuleMaps-iphonesimulator/AppAuthCore.modulemap -Xcc -fmodule-map-file\=/Users/hectorgarcia/Library/Developer/Xcode/DerivedData/Build/Intermediates.noindex/GeneratedModuleMaps-iphonesimulator/GoogleSignIn.modulemap -Xcc -fmodule-map-file\=/Users/hectorgarcia/Library/Developer/Xcode/DerivedData/Build/Intermediates.noindex/GeneratedModuleMaps-iphonesimulator/GoogleUtilities-Network.modulemap -Xcc -fmodule-map-file\=/Users/hectorgarcia/Library/Developer/Xcode/DerivedData/Build/Intermediates.noindex/GeneratedModuleMaps-iphonesimulator/GoogleUtilities-Reachability.modulemap -Xcc -fmodule-map-file\=/Users/hectorgarcia/Library/Developer/Xcode/DerivedData/Build/Intermediates.noindex/GeneratedModuleMaps-iphonesimulator/GoogleUtilities-AppDelegateSwizzler.modulemap -Xcc -fmodule-map-file\=/Users/hectorgarcia/Library/Developer/Xcode/DerivedData/Build/Intermediates.noindex/GeneratedModuleMaps-iphonesimulator/GTMSessionFetcherCore.modulemap -Xcc -fmodule-map-file\=/Users/hectorgarcia/Library/Developer/Xcode/DerivedData/Build/Intermediates.noindex/GeneratedModuleMaps-iphonesimulator/RecaptchaInterop.modulemap -Xcc -fmodule-map-file\=/Users/hectorgarcia/Library/Developer/Xcode/DerivedData/Build/Intermediates.noindex/GeneratedModuleMaps-iphonesimulator/FirebaseAppCheckInterop.modulemap -Xcc -fmodule-map-file\=/Users/hectorgarcia/Library/Developer/Xcode/DerivedData/Build/Intermediates.noindex/GeneratedModuleMaps-iphonesimulator/FirebaseAuth.modulemap -Xcc -fmodule-map-file\=/Users/hectorgarcia/Library/Developer/Xcode/DerivedData/Build/Intermediates.noindex/GeneratedModuleMaps-iphonesimulator/GoogleUtilities-NSData.modulemap -Xcc -fmodule-map-file\=/Users/hectorgarcia/Library/Developer/Xcode/DerivedData/Build/Intermediates.noindex/GeneratedModuleMaps-iphonesimulator/GoogleUtilities-Logger.modulemap -Xcc -fmodule-map-file\=/Users/hectorgarcia/Library/Developer/Xcode/DerivedData/Build/Intermediates.noindex/GeneratedModuleMaps-iphonesimulator/GoogleUtilities-Environment.modulemap -Xcc -fmodule-map-file\=/Users/hectorgarcia/Library/Developer/Xcode/DerivedData/Build/Intermediates.noindex/GeneratedModuleMaps-iphonesimulator/third-party-IsAppEncrypted.modulemap -Xcc -fmodule-map-file\=/Users/hectorgarcia/Library/Developer/Xcode/DerivedData/Build/Intermediates.noindex/GeneratedModuleMaps-iphonesimulator/GoogleUtilities-UserDefaults.modulemap -Xcc -fmodule-map-file\=/Users/hectorgarcia/Library/Developer/Xcode/DerivedData/Build/Intermediates.noindex/GeneratedModuleMaps-iphonesimulator/nanopb.modulemap -Xcc -fmodule-map-file\=/Users/hectorgarcia/Library/Developer/Xcode/DerivedData/Build/Intermediates.noindex/GeneratedModuleMaps-iphonesimulator/GoogleDataTransport.modulemap -Xcc -fmodule-map-file\=/Users/hectorgarcia/Library/Developer/Xcode/DerivedData/Build/Intermediates.noindex/GeneratedModuleMaps-iphonesimulator/FirebaseSessionsObjC.modulemap -Xcc -fmodule-map-file\=/Users/hectorgarcia/Library/Developer/Xcode/DerivedData/Build/Intermediates.noindex/GeneratedModuleMaps-iphonesimulator/FirebaseCoreExtension.modulemap -Xcc -fmodule-map-file\=/Users/hectorgarcia/Library/Developer/Xcode/DerivedData/Build/Intermediates.noindex/GeneratedModuleMaps-iphonesimulator/FirebaseInstallations.modulemap -Xcc -fmodule-map-file\=/Users/hectorgarcia/Library/Developer/Xcode/DerivedData/Build/Intermediates.noindex/GeneratedModuleMaps-iphonesimulator/FirebaseCore.modulemap -Xcc -fmodule-map-file\=/Users/hectorgarcia/Library/Developer/Xcode/DerivedData/Build/Intermediates.noindex/GeneratedModuleMaps-iphonesimulator/FirebaseCrashlytics.modulemap -enable-bare-slash-regex -enable-experimental-feature DebugDescriptionMacro -sdk /Users/hectorgarcia/Downloads/Xcode.app/Contents/Developer/Platforms/iPhoneSimulator.platform/Developer/SDKs/iPhoneSimulator26.2.sdk -target x86_64-apple-ios17.0-simulator -g -module-cache-path /Users/hectorgarcia/Library/Developer/Xcode/DerivedData/ModuleCache.noindex -Xfrontend -serialize-debugging-options -enable-testing -index-store-path /Users/hectorgarcia/Library/Developer/Xcode/DerivedData/Lyo-eagkiegzrakogpczynhkaholsscs/Index.noindex/DataStore -Xcc -D_LIBCPP_HARDENING_MODE\=_LIBCPP_HARDENING_MODE_DEBUG -swift-version 5 -I /Users/hectorgarcia/Library/Developer/Xcode/DerivedData/Build/Products/Debug-iphonesimulator -F /Users/hectorgarcia/Library/Developer/Xcode/DerivedData/Build/Products/Debug-iphonesimulator/PackageFrameworks -F /Users/hectorgarcia/Library/Developer/Xcode/DerivedData/Build/Products/Debug-iphonesimulator/PackageFrameworks -F /Users/hectorgarcia/Library/Developer/Xcode/DerivedData/Build/Products/Debug-iphonesimulator/PackageFrameworks -F /Users/hectorgarcia/Library/Developer/Xcode/DerivedData/Build/Products/Debug-iphonesimulator/PackageFrameworks -F /Users/hectorgarcia/Library/Developer/Xcode/DerivedData/Build/Products/Debug-iphonesimulator/PackageFrameworks -F /Users/hectorgarcia/Library/Developer/Xcode/DerivedData/Build/Products/Debug-iphonesimulator/PackageFrameworks -F /Users/hectorgarcia/Library/Developer/Xcode/DerivedData/Build/Products/Debug-iphonesimulator/PackageFrameworks -F /Users/hectorgarcia/Library/Developer/Xcode/DerivedData/Build/Products/Debug-iphonesimulator/PackageFrameworks -F /Users/hectorgarcia/Library/Developer/Xcode/DerivedData/Build/Products/Debug-iphonesimulator/PackageFrameworks -F /Users/hectorgarcia/Library/Developer/Xcode/DerivedData/Build/Products/Debug-iphonesimulator/PackageFrameworks -F /Users/hectorgarcia/Library/Developer/Xcode/DerivedData/Build/Products/Debug-iphonesimulator/PackageFrameworks -F /Users/hectorgarcia/Library/Developer/Xcode/DerivedData/Build/Products/Debug-iphonesimulator/PackageFrameworks -F /Users/hectorgarcia/Library/Developer/Xcode/DerivedData/Build/Products/Debug-iphonesimulator/PackageFrameworks -F /Users/hectorgarcia/Library/Developer/Xcode/DerivedData/Build/Products/Debug-iphonesimulator/PackageFrameworks -F /Users/hectorgarcia/Library/Developer/Xcode/DerivedData/Build/Products/Debug-iphonesimulator/PackageFrameworks -F /Users/hectorgarcia/Library/Developer/Xcode/DerivedData/Build/Products/Debug-iphonesimulator/PackageFrameworks -F /Users/hectorgarcia/Library/Developer/Xcode/DerivedData/Build/Products/Debug-iphonesimulator/PackageFrameworks -F /Users/hectorgarcia/Library/Developer/Xcode/DerivedData/Build/Products/Debug-iphonesimulator/PackageFrameworks -F /Users/hectorgarcia/Library/Developer/Xcode/DerivedData/Build/Products/Debug-iphonesimulator/PackageFrameworks -F /Users/hectorgarcia/Library/Developer/Xcode/DerivedData/Build/Products/Debug-iphonesimulator/PackageFrameworks -F /Users/hectorgarcia/Library/Developer/Xcode/DerivedData/Build/Products/Debug-iphonesimulator/PackageFrameworks -F /Users/hectorgarcia/Library/Developer/Xcode/DerivedData/Build/Products/Debug-iphonesimulator/PackageFrameworks -F /Users/hectorgarcia/Library/Developer/Xcode/DerivedData/Build/Products/Debug-iphonesimulator/PackageFrameworks -F /Users/hectorgarcia/Library/Developer/Xcode/DerivedData/Build/Products/Debug-iphonesimulator/PackageFrameworks -F /Users/hectorgarcia/Library/Developer/Xcode/DerivedData/Build/Products/Debug-iphonesimulator/PackageFrameworks -F /Users/hectorgarcia/Library/Developer/Xcode/DerivedData/Build/Products/Debug-iphonesimulator/PackageFrameworks -F /Users/hectorgarcia/Library/Developer/Xcode/DerivedData/Build/Products/Debug-iphonesimulator/PackageFrameworks -F /Users/hectorgarcia/Library/Developer/Xcode/DerivedData/Build/Products/Debug-iphonesimulator/PackageFrameworks -F /Users/hectorgarcia/Library/Developer/Xcode/DerivedData/Build/Products/Debug-iphonesimulator/PackageFrameworks -F /Users/hectorgarcia/Library/Developer/Xcode/DerivedData/Build/Products/Debug-iphonesimulator/PackageFrameworks -F /Users/hectorgarcia/Library/Developer/Xcode/DerivedData/Build/Products/Debug-iphonesimulator -c -j8 -enable-batch-mode -incremental -Xcc -ivfsstatcache -Xcc /Users/hectorgarcia/Library/Developer/Xcode/DerivedData/SDKStatCaches.noindex/iphonesimulator26.2-23C53-823d3e8b6e60bc2018c189d3ca05ba9b.sdkstatcache -output-file-map /Users/hectorgarcia/Library/Developer/Xcode/DerivedData/Build/Intermediates.noindex/Lyo.build/Debug-iphonesimulator/Lyo.build/Objects-normal/x86_64/Lyo-OutputFileMap.json -use-frontend-parseable-output -save-temps -no-color-diagnostics -explicit-module-build -module-cache-path /Users/hectorgarcia/Library/Developer/Xcode/DerivedData/Build/Intermediates.noindex/SwiftExplicitPrecompiledModules -clang-scanner-module-cache-path /Users/hectorgarcia/Library/Developer/Xcode/DerivedData/ModuleCache.noindex -sdk-module-cache-path /Users/hectorgarcia/Library/Developer/Xcode/DerivedData/ModuleCache.noindex -serialize-diagnostics -emit-dependencies -emit-module -emit-module-path /Users/hectorgarcia/Library/Developer/Xcode/DerivedData/Build/Intermediates.noindex/Lyo.build/Debug-iphonesimulator/Lyo.build/Objects-normal/x86_64/Lyo.swiftmodule -validate-clang-modules-once -clang-build-session-file /Users/hectorgarcia/Library/Developer/Xcode/DerivedData/ModuleCache.noindex/Session.modulevalidation -Xcc -I/Users/hectorgarcia/Library/Developer/Xcode/DerivedData/Build/Intermediates.noindex/Lyo.build/Debug-iphonesimulator/Lyo.build/swift-overrides.hmap -emit-const-values -Xfrontend -const-gather-protocols-file -Xfrontend /Users/hectorgarcia/Library/Developer/Xcode/DerivedData/Build/Intermediates.noindex/Lyo.build/Debug-iphonesimulator/Lyo.build/Objects-normal/x86_64/Lyo_const_extract_protocols.json -Xcc -iquote -Xcc /Users/hectorgarcia/Library/Developer/Xcode/DerivedData/Build/Intermediates.noindex/Lyo.build/Debug-iphonesimulator/Lyo.build/Lyo-generated-files.hmap -Xcc -I/Users/hectorgarcia/Library/Developer/Xcode/DerivedData/Build/Intermediates.noindex/Lyo.build/Debug-iphonesimulator/Lyo.build/Lyo-own-target-headers.hmap -Xcc -I/Users/hectorgarcia/Library/Developer/Xcode/DerivedData/Build/Intermediates.noindex/Lyo.build/Debug-iphonesimulator/Lyo.build/Lyo-all-non-framework-target-headers.hmap -Xcc -ivfsoverlay -Xcc /Users/hectorgarcia/Library/Developer/Xcode/DerivedData/Build/Intermediates.noindex/Lyo.build/Debug-iphonesimulator/Lyo-bbd64440b6994385d1fe7db0e422d1b1-VFS-iphonesimulator/all-product-headers.yaml -Xcc -iquote -Xcc /Users/hectorgarcia/Library/Developer/Xcode/DerivedData/Build/Intermediates.noindex/Lyo.build/Debug-iphonesimulator/Lyo.build/Lyo-project-headers.hmap -Xcc -I/Users/hectorgarcia/Library/Developer/Xcode/DerivedData/Lyo-eagkiegzrakogpczynhkaholsscs/SourcePackages/checkouts/AppAuth-iOS/Sources/AppAuth -Xcc -I/Users/hectorgarcia/Library/Developer/Xcode/DerivedData/Lyo-eagkiegzrakogpczynhkaholsscs/SourcePackages/checkouts/AppAuth-iOS/Sources/AppAuthCore -Xcc -I/Users/hectorgarcia/Library/Developer/Xcode/DerivedData/Lyo-eagkiegzrakogpczynhkaholsscs/SourcePackages/checkouts/GoogleSignIn-iOS/GoogleSignIn/Sources/Public -Xcc -I/Users/hectorgarcia/Library/Developer/Xcode/DerivedData/Lyo-eagkiegzrakogpczynhkaholsscs/SourcePackages/checkouts/GoogleUtilities/GoogleUtilities/Network/Public -Xcc -I/Users/hectorgarcia/Library/Developer/Xcode/DerivedData/Lyo-eagkiegzrakogpczynhkaholsscs/SourcePackages/checkouts/GoogleUtilities/GoogleUtilities/Reachability/Public -Xcc -I/Users/hectorgarcia/Library/Developer/Xcode/DerivedData/Lyo-eagkiegzrakogpczynhkaholsscs/SourcePackages/checkouts/GoogleUtilities/GoogleUtilities/AppDelegateSwizzler/Public -Xcc -I/Users/hectorgarcia/Library/Developer/Xcode/DerivedData/Lyo-eagkiegzrakogpczynhkaholsscs/SourcePackages/checkouts/gtm-session-fetcher/Sources/Core/Public -Xcc -I/Users/hectorgarcia/Library/Developer/Xcode/DerivedData/Lyo-eagkiegzrakogpczynhkaholsscs/SourcePackages/checkouts/interop-ios-for-google-sdks/RecaptchaEnterprise/RecaptchaInterop/Public -Xcc -I/Users/hectorgarcia/Library/Developer/Xcode/DerivedData/Lyo-eagkiegzrakogpczynhkaholsscs/SourcePackages/checkouts/firebase-ios-sdk/FirebaseAppCheck/Interop/Public -Xcc -I/Users/hectorgarcia/Library/Developer/Xcode/DerivedData/Lyo-eagkiegzrakogpczynhkaholsscs/SourcePackages/checkouts/firebase-ios-sdk/FirebaseAuth/Sources/Public -Xcc -I/Users/hectorgarcia/Library/Developer/Xcode/DerivedData/Lyo-eagkiegzrakogpczynhkaholsscs/SourcePackages/checkouts/GoogleUtilities/GoogleUtilities/NSData+zlib/Public -Xcc -I/Users/hectorgarcia/Library/Developer/Xcode/DerivedData/Lyo-eagkiegzrakogpczynhkaholsscs/SourcePackages/checkouts/GoogleUtilities/GoogleUtilities/Logger/Public -Xcc -I/Users/hectorgarcia/Library/Developer/Xcode/DerivedData/Lyo-eagkiegzrakogpczynhkaholsscs/SourcePackages/checkouts/GoogleUtilities/GoogleUtilities/Environment/Public -Xcc -I/Users/hectorgarcia/Library/Developer/Xcode/DerivedData/Lyo-eagkiegzrakogpczynhkaholsscs/SourcePackages/checkouts/GoogleUtilities/third_party/IsAppEncrypted/Public -Xcc -I/Users/hectorgarcia/Library/Developer/Xcode/DerivedData/Lyo-eagkiegzrakogpczynhkaholsscs/SourcePackages/checkouts/GoogleUtilities/GoogleUtilities/UserDefaults/Public -Xcc -I/Users/hectorgarcia/Library/Developer/Xcode/DerivedData/Lyo-eagkiegzrakogpczynhkaholsscs/SourcePackages/checkouts/nanopb/spm_headers -Xcc -I/Users/hectorgarcia/Library/Developer/Xcode/DerivedData/Lyo-eagkiegzrakogpczynhkaholsscs/SourcePackages/checkouts/promises/Sources/FBLPromises/include -Xcc -I/Users/hectorgarcia/Library/Developer/Xcode/DerivedData/Lyo-eagkiegzrakogpczynhkaholsscs/SourcePackages/checkouts/GoogleDataTransport/GoogleDataTransport/GDTCORLibrary/Public -Xcc -I/Users/hectorgarcia/Library/Developer/Xcode/DerivedData/Lyo-eagkiegzrakogpczynhkaholsscs/SourcePackages/checkouts/firebase-ios-sdk/FirebaseSessions/SourcesObjC -Xcc -I/Users/hectorgarcia/Library/Developer/Xcode/DerivedData/Lyo-eagkiegzrakogpczynhkaholsscs/SourcePackages/checkouts/firebase-ios-sdk/FirebaseCore/Extension -Xcc -I/Users/hectorgarcia/Library/Developer/Xcode/DerivedData/Lyo-eagkiegzrakogpczynhkaholsscs/SourcePackages/checkouts/firebase-ios-sdk/FirebaseInstallations/Source/Library/Public -Xcc -I/Users/hectorgarcia/Library/Developer/Xcode/DerivedData/Lyo-eagkiegzrakogpczynhkaholsscs/SourcePackages/checkouts/firebase-ios-sdk/FirebaseCore/Sources/Public -Xcc -I/Users/hectorgarcia/Library/Developer/Xcode/DerivedData/Lyo-eagkiegzrakogpczynhkaholsscs/SourcePackages/checkouts/firebase-ios-sdk/CoreOnly/Sources -Xcc -I/Users/hectorgarcia/Library/Developer/Xcode/DerivedData/Lyo-eagkiegzrakogpczynhkaholsscs/SourcePackages/checkouts/firebase-ios-sdk/Crashlytics/Crashlytics/Public -Xcc -I/Users/hectorgarcia/Library/Developer/Xcode/DerivedData/Build/Products/Debug-iphonesimulator/include -Xcc -I/Users/hectorgarcia/Library/Developer/Xcode/DerivedData/Build/Intermediates.noindex/Lyo.build/Debug-iphonesimulator/Lyo.build/DerivedSources-normal/x86_64 -Xcc -I/Users/hectorgarcia/Library/Developer/Xcode/DerivedData/Build/Intermediates.noindex/Lyo.build/Debug-iphonesimulator/Lyo.build/DerivedSources/x86_64 -Xcc -I/Users/hectorgarcia/Library/Developer/Xcode/DerivedData/Build/Intermediates.noindex/Lyo.build/Debug-iphonesimulator/Lyo.build/DerivedSources -Xcc -DDEBUG\=1 -emit-objc-header -emit-objc-header-path /Users/hectorgarcia/Library/Developer/Xcode/DerivedData/Build/Intermediates.noindex/Lyo.build/Debug-iphonesimulator/Lyo.build/Objects-normal/x86_64/Lyo-Swift.h -working-directory /Users/hectorgarcia/LYO_Da_ONE -experimental-emit-module-separately -disable-cmo

CompileAssetCatalogVariant thinned /Users/hectorgarcia/Library/Developer/Xcode/DerivedData/Build/Products/Debug-iphonesimulator/Lyo.app /Users/hectorgarcia/LYO_Da_ONE/Sources/Resources/Assets.xcassets (in target 'Lyo' from project 'Lyo')
    cd /Users/hectorgarcia/LYO_Da_ONE
    /Users/hectorgarcia/Downloads/Xcode.app/Contents/Developer/usr/bin/actool /Users/hectorgarcia/LYO_Da_ONE/Sources/Resources/Assets.xcassets --compile /Users/hectorgarcia/Library/Developer/Xcode/DerivedData/Build/Intermediates.noindex/Lyo.build/Debug-iphonesimulator/Lyo.build/assetcatalog_output/thinned --output-format human-readable-text --notices --warnings --export-dependency-info /Users/hectorgarcia/Library/Developer/Xcode/DerivedData/Build/Intermediates.noindex/Lyo.build/Debug-iphonesimulator/Lyo.build/assetcatalog_dependencies_thinned --output-partial-info-plist /Users/hectorgarcia/Library/Developer/Xcode/DerivedData/Build/Intermediates.noindex/Lyo.build/Debug-iphonesimulator/Lyo.build/assetcatalog_generated_info.plist_thinned --app-icon AppIcon --compress-pngs --enable-on-demand-resources YES --filter-for-thinning-device-configuration iPhone18,1 --filter-for-device-os-version 26.2 --development-region en --target-device iphone --target-device ipad --minimum-deployment-target 17.0 --platform iphonesimulator

SwiftCompile normal x86_64 Compiling\ A2UIMiscViews.swift,\ A2UIParser.swift /Users/hectorgarcia/LYO_Da_ONE/Sources/Core/A2UI/Views/A2UIMiscViews.swift /Users/hectorgarcia/LYO_Da_ONE/Sources/Utils/A2UIParser.swift (in target 'Lyo' from project 'Lyo')
SwiftCompile normal x86_64 /Users/hectorgarcia/LYO_Da_ONE/Sources/Core/A2UI/Views/A2UIMiscViews.swift (in target 'Lyo' from project 'Lyo')
    cd /Users/hectorgarcia/LYO_Da_ONE
    

SwiftCompile normal x86_64 /Users/hectorgarcia/LYO_Da_ONE/Sources/Utils/A2UIParser.swift (in target 'Lyo' from project 'Lyo')
    cd /Users/hectorgarcia/LYO_Da_ONE
    

SwiftCompile normal x86_64 Compiling\ A2UIProps.swift,\ A2UIRenderer.swift /Users/hectorgarcia/LYO_Da_ONE/Sources/Core/A2UI/A2UIProps.swift /Users/hectorgarcia/LYO_Da_ONE/Sources/Core/A2UI/A2UIRenderer.swift (in target 'Lyo' from project 'Lyo')

SwiftCompile normal x86_64 /Users/hectorgarcia/LYO_Da_ONE/Sources/Core/A2UI/A2UIProps.swift (in target 'Lyo' from project 'Lyo')
    cd /Users/hectorgarcia/LYO_Da_ONE
    

SwiftCompile normal x86_64 /Users/hectorgarcia/LYO_Da_ONE/Sources/Core/A2UI/A2UIRenderer.swift (in target 'Lyo' from project 'Lyo')
    cd /Users/hectorgarcia/LYO_Da_ONE
    

SwiftCompile normal x86_64 Compiling\ CommunityDTOs.swift,\ CommunityView.swift /Users/hectorgarcia/LYO_Da_ONE/Sources/Models/CommunityDTOs.swift /Users/hectorgarcia/LYO_Da_ONE/Sources/Views/Community/CommunityView.swift (in target 'Lyo' from project 'Lyo')

SwiftCompile normal x86_64 /Users/hectorgarcia/LYO_Da_ONE/Sources/Models/CommunityDTOs.swift (in target 'Lyo' from project 'Lyo')
    cd /Users/hectorgarcia/LYO_Da_ONE
    

SwiftCompile normal x86_64 /Users/hectorgarcia/LYO_Da_ONE/Sources/Views/Community/CommunityView.swift (in target 'Lyo' from project 'Lyo')
    cd /Users/hectorgarcia/LYO_Da_ONE
    

SwiftCompile normal x86_64 Compiling\ A2UIComponent.swift,\ A2UILayoutRenderers.swift /Users/hectorgarcia/LYO_Da_ONE/Sources/Core/A2UI/A2UIComponent.swift /Users/hectorgarcia/LYO_Da_ONE/Sources/Core/A2UI/Views/A2UILayoutRenderers.swift (in target 'Lyo' from project 'Lyo')

SwiftCompile normal x86_64 /Users/hectorgarcia/LYO_Da_ONE/Sources/Core/A2UI/A2UIComponent.swift (in target 'Lyo' from project 'Lyo')
    cd /Users/hectorgarcia/LYO_Da_ONE
    

SwiftCompile normal x86_64 /Users/hectorgarcia/LYO_Da_ONE/Sources/Core/A2UI/Views/A2UILayoutRenderers.swift (in target 'Lyo' from project 'Lyo')
    cd /Users/hectorgarcia/LYO_Da_ONE
    

SwiftEmitModule normal x86_64 Emitting\ module\ for\ Lyo (in target 'Lyo' from project 'Lyo')

EmitSwiftModule normal x86_64 (in target 'Lyo' from project 'Lyo')
    cd /Users/hectorgarcia/LYO_Da_ONE
    

SwiftCompile normal x86_64 Compiling\ EnhancedMessageBubble.swift /Users/hectorgarcia/LYO_Da_ONE/Sources/Views/Chat/EnhancedMessageBubble.swift (in target 'Lyo' from project 'Lyo')

SwiftCompile normal x86_64 /Users/hectorgarcia/LYO_Da_ONE/Sources/Views/Chat/EnhancedMessageBubble.swift (in target 'Lyo' from project 'Lyo')
    cd /Users/hectorgarcia/LYO_Da_ONE
    

SwiftCompile normal x86_64 Compiling\ LiveClassroomViewModel.swift /Users/hectorgarcia/LYO_Da_ONE/Sources/ViewModels/LiveClassroomViewModel.swift (in target 'Lyo' from project 'Lyo')

SwiftCompile normal x86_64 /Users/hectorgarcia/LYO_Da_ONE/Sources/ViewModels/LiveClassroomViewModel.swift (in target 'Lyo' from project 'Lyo')
    cd /Users/hectorgarcia/LYO_Da_ONE
    

SwiftCompile normal x86_64 Compiling\ EnhancedAIChatView.swift /Users/hectorgarcia/LYO_Da_ONE/Sources/Views/Chat/EnhancedAIChatView.swift (in target 'Lyo' from project 'Lyo')

SwiftCompile normal x86_64 /Users/hectorgarcia/LYO_Da_ONE/Sources/Views/Chat/EnhancedAIChatView.swift (in target 'Lyo' from project 'Lyo')
    cd /Users/hectorgarcia/LYO_Da_ONE
    

SwiftDriverJobDiscovery normal x86_64 Compiling EnhancedMessageBubble.swift (in target 'Lyo' from project 'Lyo')

SwiftCompile normal x86_64 Compiling\ CommunityViewModel.swift /Users/hectorgarcia/LYO_Da_ONE/Sources/ViewModels/CommunityViewModel.swift (in target 'Lyo' from project 'Lyo')
Failed frontend command:
/Users/hectorgarcia/Downloads/Xcode.app/Contents/Developer/Toolchains/XcodeDefault.xctoolchain/usr/bin/swift-frontend -frontend -c -filelist /Users/hectorgarcia/Library/Developer/Xcode/DerivedData/Build/Intermediates.noindex/Lyo.build/Debug-iphonesimulator/Lyo.build/Objects-normal/x86_64/sources-1 -primary-file /Users/hectorgarcia/LYO_Da_ONE/Sources/ViewModels/CommunityViewModel.swift -emit-dependencies-path /Users/hectorgarcia/Library/Developer/Xcode/DerivedData/Build/Intermediates.noindex/Lyo.build/Debug-iphonesimulator/Lyo.build/Objects-normal/x86_64/CommunityViewModel.d -emit-const-values-path /Users/hectorgarcia/Library/Developer/Xcode/DerivedData/Build/Intermediates.noindex/Lyo.build/Debug-iphonesimulator/Lyo.build/Objects-normal/x86_64/CommunityViewModel.swiftconstvalues -emit-reference-dependencies-path /Users/hectorgarcia/Library/Developer/Xcode/DerivedData/Build/Intermediates.noindex/Lyo.build/Debug-iphonesimulator/Lyo.build/Objects-normal/x86_64/CommunityViewModel.swiftdeps -serialize-diagnostics-path /Users/hectorgarcia/Library/Developer/Xcode/DerivedData/Build/Intermediates.noindex/Lyo.build/Debug-iphonesimulator/Lyo.build/Objects-normal/x86_64/CommunityViewModel.dia -target x86_64-apple-ios17.0-simulator -module-can-import-version ARKit 738.60.1 1.0.0 -module-can-import-version DeveloperToolsSupport 23.0.4 23.0.4 -module-can-import FirebaseAuth -module-can-import FirebaseCore -module-can-import FirebaseCrashlytics -module-can-import GoogleSignIn -module-can-import-version SwiftUI 7.2.5.1 7.2.5 -module-can-import-version UIKit 9126.2.4.1 9126.2.4 -disable-cross-import-overlay-search -swift-module-cross-import AVKit /Users/hectorgarcia/Downloads/Xcode.app/Contents/Developer/Platforms/iPhoneSimulator.platform/Developer/SDKs/iPhoneSimulator.sdk/System/Library/Frameworks/AVKit.framework/Modules/AVKit.swiftcrossimport/SwiftUI.swiftoverlay -swift-module-cross-import AVKit /Users/hectorgarcia/Downloads/Xcode.app/Contents/Developer/Platforms/iPhoneSimulator.platform/Developer/SDKs/iPhoneSimulator26.2.sdk/System/Library/Frameworks/AVKit.framework/Modules/AVKit.swiftcrossimport/SwiftUI.swiftoverlay -swift-module-cross-import AuthenticationServices /Users/hectorgarcia/Downloads/Xcode.app/Contents/Developer/Platforms/iPhoneSimulator.platform/Developer/SDKs/iPhoneSimulator.sdk/System/Cryptexes/OS/System/Library/Frameworks/AuthenticationServices.framework/Modules/AuthenticationServices.swiftcrossimport/SwiftUI.swiftoverlay -swift-module-cross-import AuthenticationServices /Users/hectorgarcia/Downloads/Xcode.app/Contents/Developer/Platforms/iPhoneSimulator.platform/Developer/SDKs/iPhoneSimulator26.2.sdk/System/Library/Frameworks/AuthenticationServices.framework/Modules/AuthenticationServices.swiftcrossimport/SwiftUI.swiftoverlay -swift-module-cross-import MapKit /Users/hectorgarcia/Downloads/Xcode.app/Contents/Developer/Platforms/iPhoneSimulator.platform/Developer/SDKs/iPhoneSimulator.sdk/System/Library/Frameworks/MapKit.framework/Modules/MapKit.swiftcrossimport/SwiftUI.swiftoverlay -swift-module-cross-import PhotosUI /Users/hectorgarcia/Downloads/Xcode.app/Contents/Developer/Platforms/iPhoneSimulator.platform/Developer/SDKs/iPhoneSimulator.sdk/System/Library/Frameworks/PhotosUI.framework/Modules/PhotosUI.swiftcrossimport/SwiftUI.swiftoverlay -swift-module-cross-import PhotosUI /Users/hectorgarcia/Downloads/Xcode.app/Contents/Developer/Platforms/iPhoneSimulator.platform/Developer/SDKs/iPhoneSimulator.sdk/System/Library/Frameworks/PhotosUI.framework/Modules/PhotosUI.swiftcrossimport/WidgetKit.swiftoverlay -swift-module-cross-import PhotosUI /Users/hectorgarcia/Downloads/Xcode.app/Contents/Developer/Platforms/iPhoneSimulator.platform/Developer/SDKs/iPhoneSimulator26.2.sdk/System/Library/Frameworks/PhotosUI.framework/Modules/PhotosUI.swiftcrossimport/SwiftUI.swiftoverlay -swift-module-cross-import PhotosUI /Users/hectorgarcia/Downloads/Xcode.app/Contents/Developer/Platforms/iPhoneSimulator.platform/Developer/SDKs/iPhoneSimulator26.2.sdk/System/Library/Frameworks/PhotosUI.framework/Modules/PhotosUI.swiftcrossimport/WidgetKit.swiftoverlay -swift-module-cross-import StoreKit /Users/hectorgarcia/Downloads/Xcode.app/Contents/Developer/Platforms/iPhoneSimulator.platform/Developer/SDKs/iPhoneSimulator.sdk/System/Library/Frameworks/StoreKit.framework/Modules/StoreKit.swiftcrossimport/SwiftUI.swiftoverlay -swift-module-cross-import StoreKit /Users/hectorgarcia/Downloads/Xcode.app/Contents/Developer/Platforms/iPhoneSimulator.platform/Developer/SDKs/iPhoneSimulator26.2.sdk/System/Library/Frameworks/StoreKit.framework/Modules/StoreKit.swiftcrossimport/SwiftUI.swiftoverlay -swift-module-cross-import SwiftData /Users/hectorgarcia/Downloads/Xcode.app/Contents/Developer/Platforms/iPhoneSimulator.platform/Developer/SDKs/iPhoneSimulator26.2.sdk/System/Library/Frameworks/SwiftData.framework/Modules/SwiftData.swiftcrossimport/CoreData.swiftoverlay -swift-module-cross-import SwiftData /Users/hectorgarcia/Downloads/Xcode.app/Contents/Developer/Platforms/iPhoneSimulator.platform/Developer/SDKs/iPhoneSimulator26.2.sdk/System/Library/Frameworks/SwiftData.framework/Modules/SwiftData.swiftcrossimport/SwiftUI.swiftoverlay -load-resolved-plugin /Users/hectorgarcia/Downloads/Xcode.app/Contents/Developer/Platforms/iPhoneOS.platform/Developer/usr/lib/swift/host/plugins/libFoundationMacros.dylib\#/Users/hectorgarcia/Downloads/Xcode.app/Contents/Developer/Platforms/iPhoneOS.platform/Developer/usr/bin/swift-plugin-server\#FoundationMacros -load-resolved-plugin /Users/hectorgarcia/Downloads/Xcode.app/Contents/Developer/Platforms/iPhoneOS.platform/Developer/usr/lib/swift/host/plugins/libObservationMacros.dylib\#/Users/hectorgarcia/Downloads/Xcode.app/Contents/Developer/Platforms/iPhoneOS.platform/Developer/usr/bin/swift-plugin-server\#ObservationMacros -load-resolved-plugin /Users/hectorgarcia/Downloads/Xcode.app/Contents/Developer/Platforms/iPhoneOS.platform/Developer/usr/lib/swift/host/plugins/libPreviewsMacros.dylib\#/Users/hectorgarcia/Downloads/Xcode.app/Contents/Developer/Platforms/iPhoneOS.platform/Developer/usr/bin/swift-plugin-server\#PreviewsMacros -load-resolved-plugin /Users/hectorgarcia/Downloads/Xcode.app/Contents/Developer/Platforms/iPhoneOS.platform/Developer/usr/lib/swift/host/plugins/libSwiftDataMacros.dylib\#/Users/hectorgarcia/Downloads/Xcode.app/Contents/Developer/Platforms/iPhoneOS.platform/Developer/usr/bin/swift-plugin-server\#SwiftDataMacros -load-resolved-plugin /Users/hectorgarcia/Downloads/Xcode.app/Contents/Developer/Platforms/iPhoneOS.platform/Developer/usr/lib/swift/host/plugins/libSwiftMacros.dylib\#/Users/hectorgarcia/Downloads/Xcode.app/Contents/Developer/Platforms/iPhoneOS.platform/Developer/usr/bin/swift-plugin-server\#SwiftMacros -load-resolved-plugin /Users/hectorgarcia/Downloads/Xcode.app/Contents/Developer/Platforms/iPhoneOS.platform/Developer/usr/lib/swift/host/plugins/libSwiftUIMacros.dylib\#/Users/hectorgarcia/Downloads/Xcode.app/Contents/Developer/Platforms/iPhoneOS.platform/Developer/usr/bin/swift-plugin-server\#SwiftUIMacros -load-resolved-plugin /Users/hectorgarcia/Downloads/Xcode.app/Contents/Developer/Platforms/iPhoneOS.platform/Developer/usr/lib/swift/host/plugins/libTipKitMacros.dylib\#/Users/hectorgarcia/Downloads/Xcode.app/Contents/Developer/Platforms/iPhoneOS.platform/Developer/usr/bin/swift-plugin-server\#TipKitMacros -disable-implicit-swift-modules -Xcc -fno-implicit-modules -Xcc -fno-implicit-module-maps -explicit-swift-module-map-file /Users/hectorgarcia/Library/Developer/Xcode/DerivedData/Build/Intermediates.noindex/Lyo.build/Debug-iphonesimulator/Lyo.build/Objects-normal/x86_64/Lyo-dependencies-1.json -enable-objc-interop -sdk /Users/hectorgarcia/Downloads/Xcode.app/Contents/Developer/Platforms/iPhoneSimulator.platform/Developer/SDKs/iPhoneSimulator26.2.sdk -I /Users/hectorgarcia/Library/Developer/Xcode/DerivedData/Build/Products/Debug-iphonesimulator -F /Users/hectorgarcia/Library/Developer/Xcode/DerivedData/Build/Products/Debug-iphonesimulator/PackageFrameworks -F /Users/hectorgarcia/Library/Developer/Xcode/DerivedData/Build/Products/Debug-iphonesimulator/PackageFrameworks -F /Users/hectorgarcia/Library/Developer/Xcode/DerivedData/Build/Products/Debug-iphonesimulator/PackageFrameworks -F /Users/hectorgarcia/Library/Developer/Xcode/DerivedData/Build/Products/Debug-iphonesimulator/PackageFrameworks -F /Users/hectorgarcia/Library/Developer/Xcode/DerivedData/Build/Products/Debug-iphonesimulator/PackageFrameworks -F /Users/hectorgarcia/Library/Developer/Xcode/DerivedData/Build/Products/Debug-iphonesimulator/PackageFrameworks -F /Users/hectorgarcia/Library/Developer/Xcode/DerivedData/Build/Products/Debug-iphonesimulator/PackageFrameworks -F /Users/hectorgarcia/Library/Developer/Xcode/DerivedData/Build/Products/Debug-iphonesimulator/PackageFrameworks -F /Users/hectorgarcia/Library/Developer/Xcode/DerivedData/Build/Products/Debug-iphonesimulator/PackageFrameworks -F /Users/hectorgarcia/Library/Developer/Xcode/DerivedData/Build/Products/Debug-iphonesimulator/PackageFrameworks -F /Users/hectorgarcia/Library/Developer/Xcode/DerivedData/Build/Products/Debug-iphonesimulator/PackageFrameworks -F /Users/hectorgarcia/Library/Developer/Xcode/DerivedData/Build/Products/Debug-iphonesimulator/PackageFrameworks -F /Users/hectorgarcia/Library/Developer/Xcode/DerivedData/Build/Products/Debug-iphonesimulator/PackageFrameworks -F /Users/hectorgarcia/Library/Developer/Xcode/DerivedData/Build/Products/Debug-iphonesimulator/PackageFrameworks -F /Users/hectorgarcia/Library/Developer/Xcode/DerivedData/Build/Products/Debug-iphonesimulator/PackageFrameworks -F /Users/hectorgarcia/Library/Developer/Xcode/DerivedData/Build/Products/Debug-iphonesimulator/PackageFrameworks -F /Users/hectorgarcia/Library/Developer/Xcode/DerivedData/Build/Products/Debug-iphonesimulator/PackageFrameworks -F /Users/hectorgarcia/Library/Developer/Xcode/DerivedData/Build/Products/Debug-iphonesimulator/PackageFrameworks -F /Users/hectorgarcia/Library/Developer/Xcode/DerivedData/Build/Products/Debug-iphonesimulator/PackageFrameworks -F /Users/hectorgarcia/Library/Developer/Xcode/DerivedData/Build/Products/Debug-iphonesimulator/PackageFrameworks -F /Users/hectorgarcia/Library/Developer/Xcode/DerivedData/Build/Products/Debug-iphonesimulator/PackageFrameworks -F /Users/hectorgarcia/Library/Developer/Xcode/DerivedData/Build/Products/Debug-iphonesimulator/PackageFrameworks -F /Users/hectorgarcia/Library/Developer/Xcode/DerivedData/Build/Products/Debug-iphonesimulator/PackageFrameworks -F /Users/hectorgarcia/Library/Developer/Xcode/DerivedData/Build/Products/Debug-iphonesimulator/PackageFrameworks -F /Users/hectorgarcia/Library/Developer/Xcode/DerivedData/Build/Products/Debug-iphonesimulator/PackageFrameworks -F /Users/hectorgarcia/Library/Developer/Xcode/DerivedData/Build/Products/Debug-iphonesimulator/PackageFrameworks -F /Users/hectorgarcia/Library/Developer/Xcode/DerivedData/Build/Products/Debug-iphonesimulator/PackageFrameworks -F /Users/hectorgarcia/Library/Developer/Xcode/DerivedData/Build/Products/Debug-iphonesimulator/PackageFrameworks -F /Users/hectorgarcia/Library/Developer/Xcode/DerivedData/Build/Products/Debug-iphonesimulator/PackageFrameworks -F /Users/hectorgarcia/Library/Developer/Xcode/DerivedData/Build/Products/Debug-iphonesimulator/PackageFrameworks -F /Users/hectorgarcia/Library/Developer/Xcode/DerivedData/Build/Products/Debug-iphonesimulator -no-color-diagnostics -Xcc -fno-color-diagnostics -enable-testing -g -debug-info-format\=dwarf -dwarf-version\=4 -module-cache-path /Users/hectorgarcia/Library/Developer/Xcode/DerivedData/Build/Intermediates.noindex/SwiftExplicitPrecompiledModules -swift-version 5 -enforce-exclusivity\=checked -Onone -D DEBUG -serialize-debugging-options -const-gather-protocols-file /Users/hectorgarcia/Library/Developer/Xcode/DerivedData/Build/Intermediates.noindex/Lyo.build/Debug-iphonesimulator/Lyo.build/Objects-normal/x86_64/Lyo_const_extract_protocols.json -enable-experimental-feature DebugDescriptionMacro -enable-bare-slash-regex -empty-abi-descriptor -validate-clang-modules-once -clang-build-session-file /Users/hectorgarcia/Library/Developer/Xcode/DerivedData/ModuleCache.noindex/Session.modulevalidation -Xcc -working-directory -Xcc /Users/hectorgarcia/LYO_Da_ONE -enable-anonymous-context-mangled-names -file-compilation-dir /Users/hectorgarcia/LYO_Da_ONE -Xcc -fmodule-map-file\=/Users/hectorgarcia/Library/Developer/Xcode/DerivedData/Build/Intermediates.noindex/GeneratedModuleMaps-iphonesimulator/AppAuth.modulemap -Xcc -fmodule-map-file\=/Users/hectorgarcia/Library/Developer/Xcode/DerivedData/Build/Intermediates.noindex/GeneratedModuleMaps-iphonesimulator/AppAuthCore.modulemap -Xcc -fmodule-map-file\=/Users/hectorgarcia/Library/Developer/Xcode/DerivedData/Build/Intermediates.noindex/GeneratedModuleMaps-iphonesimulator/GoogleSignIn.modulemap -Xcc -fmodule-map-file\=/Users/hectorgarcia/Library/Developer/Xcode/DerivedData/Build/Intermediates.noindex/GeneratedModuleMaps-iphonesimulator/GoogleUtilities-Network.modulemap -Xcc -fmodule-map-file\=/Users/hectorgarcia/Library/Developer/Xcode/DerivedData/Build/Intermediates.noindex/GeneratedModuleMaps-iphonesimulator/GoogleUtilities-Reachability.modulemap -Xcc -fmodule-map-file\=/Users/hectorgarcia/Library/Developer/Xcode/DerivedData/Build/Intermediates.noindex/GeneratedModuleMaps-iphonesimulator/GoogleUtilities-AppDelegateSwizzler.modulemap -Xcc -fmodule-map-file\=/Users/hectorgarcia/Library/Developer/Xcode/DerivedData/Build/Intermediates.noindex/GeneratedModuleMaps-iphonesimulator/GTMSessionFetcherCore.modulemap -Xcc -fmodule-map-file\=/Users/hectorgarcia/Library/Developer/Xcode/DerivedData/Build/Intermediates.noindex/GeneratedModuleMaps-iphonesimulator/RecaptchaInterop.modulemap -Xcc -fmodule-map-file\=/Users/hectorgarcia/Library/Developer/Xcode/DerivedData/Build/Intermediates.noindex/GeneratedModuleMaps-iphonesimulator/FirebaseAppCheckInterop.modulemap -Xcc -fmodule-map-file\=/Users/hectorgarcia/Library/Developer/Xcode/DerivedData/Build/Intermediates.noindex/GeneratedModuleMaps-iphonesimulator/FirebaseAuth.modulemap -Xcc -fmodule-map-file\=/Users/hectorgarcia/Library/Developer/Xcode/DerivedData/Build/Intermediates.noindex/GeneratedModuleMaps-iphonesimulator/GoogleUtilities-NSData.modulemap -Xcc -fmodule-map-file\=/Users/hectorgarcia/Library/Developer/Xcode/DerivedData/Build/Intermediates.noindex/GeneratedModuleMaps-iphonesimulator/GoogleUtilities-Logger.modulemap -Xcc -fmodule-map-file\=/Users/hectorgarcia/Library/Developer/Xcode/DerivedData/Build/Intermediates.noindex/GeneratedModuleMaps-iphonesimulator/GoogleUtilities-Environment.modulemap -Xcc -fmodule-map-file\=/Users/hectorgarcia/Library/Developer/Xcode/DerivedData/Build/Intermediates.noindex/GeneratedModuleMaps-iphonesimulator/third-party-IsAppEncrypted.modulemap -Xcc -fmodule-map-file\=/Users/hectorgarcia/Library/Developer/Xcode/DerivedData/Build/Intermediates.noindex/GeneratedModuleMaps-iphonesimulator/GoogleUtilities-UserDefaults.modulemap -Xcc -fmodule-map-file\=/Users/hectorgarcia/Library/Developer/Xcode/DerivedData/Build/Intermediates.noindex/GeneratedModuleMaps-iphonesimulator/nanopb.modulemap -Xcc -fmodule-map-file\=/Users/hectorgarcia/Library/Developer/Xcode/DerivedData/Build/Intermediates.noindex/GeneratedModuleMaps-iphonesimulator/GoogleDataTransport.modulemap -Xcc -fmodule-map-file\=/Users/hectorgarcia/Library/Developer/Xcode/DerivedData/Build/Intermediates.noindex/GeneratedModuleMaps-iphonesimulator/FirebaseSessionsObjC.modulemap -Xcc -fmodule-map-file\=/Users/hectorgarcia/Library/Developer/Xcode/DerivedData/Build/Intermediates.noindex/GeneratedModuleMaps-iphonesimulator/FirebaseCoreExtension.modulemap -Xcc -fmodule-map-file\=/Users/hectorgarcia/Library/Developer/Xcode/DerivedData/Build/Intermediates.noindex/GeneratedModuleMaps-iphonesimulator/FirebaseInstallations.modulemap -Xcc -fmodule-map-file\=/Users/hectorgarcia/Library/Developer/Xcode/DerivedData/Build/Intermediates.noindex/GeneratedModuleMaps-iphonesimulator/FirebaseCore.modulemap -Xcc -fmodule-map-file\=/Users/hectorgarcia/Library/Developer/Xcode/DerivedData/Build/Intermediates.noindex/GeneratedModuleMaps-iphonesimulator/FirebaseCrashlytics.modulemap -Xcc -D_LIBCPP_HARDENING_MODE\=_LIBCPP_HARDENING_MODE_DEBUG -Xcc -ivfsstatcache -Xcc /Users/hectorgarcia/Library/Developer/Xcode/DerivedData/SDKStatCaches.noindex/iphonesimulator26.2-23C53-823d3e8b6e60bc2018c189d3ca05ba9b.sdkstatcache -Xcc -I/Users/hectorgarcia/Library/Developer/Xcode/DerivedData/Build/Intermediates.noindex/Lyo.build/Debug-iphonesimulator/Lyo.build/swift-overrides.hmap -Xcc -iquote -Xcc /Users/hectorgarcia/Library/Developer/Xcode/DerivedData/Build/Intermediates.noindex/Lyo.build/Debug-iphonesimulator/Lyo.build/Lyo-generated-files.hmap -Xcc -I/Users/hectorgarcia/Library/Developer/Xcode/DerivedData/Build/Intermediates.noindex/Lyo.build/Debug-iphonesimulator/Lyo.build/Lyo-own-target-headers.hmap -Xcc -I/Users/hectorgarcia/Library/Developer/Xcode/DerivedData/Build/Intermediates.noindex/Lyo.build/Debug-iphonesimulator/Lyo.build/Lyo-all-non-framework-target-headers.hmap -Xcc -ivfsoverlay -Xcc /Users/hectorgarcia/Library/Developer/Xcode/DerivedData/Build/Intermediates.noindex/Lyo.build/Debug-iphonesimulator/Lyo-bbd64440b6994385d1fe7db0e422d1b1-VFS-iphonesimulator/all-product-headers.yaml -Xcc -iquote -Xcc /Users/hectorgarcia/Library/Developer/Xcode/DerivedData/Build/Intermediates.noindex/Lyo.build/Debug-iphonesimulator/Lyo.build/Lyo-project-headers.hmap -Xcc -I/Users/hectorgarcia/Library/Developer/Xcode/DerivedData/Lyo-eagkiegzrakogpczynhkaholsscs/SourcePackages/checkouts/AppAuth-iOS/Sources/AppAuth -Xcc -I/Users/hectorgarcia/Library/Developer/Xcode/DerivedData/Lyo-eagkiegzrakogpczynhkaholsscs/SourcePackages/checkouts/AppAuth-iOS/Sources/AppAuthCore -Xcc -I/Users/hectorgarcia/Library/Developer/Xcode/DerivedData/Lyo-eagkiegzrakogpczynhkaholsscs/SourcePackages/checkouts/GoogleSignIn-iOS/GoogleSignIn/Sources/Public -Xcc -I/Users/hectorgarcia/Library/Developer/Xcode/DerivedData/Lyo-eagkiegzrakogpczynhkaholsscs/SourcePackages/checkouts/GoogleUtilities/GoogleUtilities/Network/Public -Xcc -I/Users/hectorgarcia/Library/Developer/Xcode/DerivedData/Lyo-eagkiegzrakogpczynhkaholsscs/SourcePackages/checkouts/GoogleUtilities/GoogleUtilities/Reachability/Public -Xcc -I/Users/hectorgarcia/Library/Developer/Xcode/DerivedData/Lyo-eagkiegzrakogpczynhkaholsscs/SourcePackages/checkouts/GoogleUtilities/GoogleUtilities/AppDelegateSwizzler/Public -Xcc -I/Users/hectorgarcia/Library/Developer/Xcode/DerivedData/Lyo-eagkiegzrakogpczynhkaholsscs/SourcePackages/checkouts/gtm-session-fetcher/Sources/Core/Public -Xcc -I/Users/hectorgarcia/Library/Developer/Xcode/DerivedData/Lyo-eagkiegzrakogpczynhkaholsscs/SourcePackages/checkouts/interop-ios-for-google-sdks/RecaptchaEnterprise/RecaptchaInterop/Public -Xcc -I/Users/hectorgarcia/Library/Developer/Xcode/DerivedData/Lyo-eagkiegzrakogpczynhkaholsscs/SourcePackages/checkouts/firebase-ios-sdk/FirebaseAppCheck/Interop/Public -Xcc -I/Users/hectorgarcia/Library/Developer/Xcode/DerivedData/Lyo-eagkiegzrakogpczynhkaholsscs/SourcePackages/checkouts/firebase-ios-sdk/FirebaseAuth/Sources/Public -Xcc -I/Users/hectorgarcia/Library/Developer/Xcode/DerivedData/Lyo-eagkiegzrakogpczynhkaholsscs/SourcePackages/checkouts/GoogleUtilities/GoogleUtilities/NSData+zlib/Public -Xcc -I/Users/hectorgarcia/Library/Developer/Xcode/DerivedData/Lyo-eagkiegzrakogpczynhkaholsscs/SourcePackages/checkouts/GoogleUtilities/GoogleUtilities/Logger/Public -Xcc -I/Users/hectorgarcia/Library/Developer/Xcode/DerivedData/Lyo-eagkiegzrakogpczynhkaholsscs/SourcePackages/checkouts/GoogleUtilities/GoogleUtilities/Environment/Public -Xcc -I/Users/hectorgarcia/Library/Developer/Xcode/DerivedData/Lyo-eagkiegzrakogpczynhkaholsscs/SourcePackages/checkouts/GoogleUtilities/third_party/IsAppEncrypted/Public -Xcc -I/Users/hectorgarcia/Library/Developer/Xcode/DerivedData/Lyo-eagkiegzrakogpczynhkaholsscs/SourcePackages/checkouts/GoogleUtilities/GoogleUtilities/UserDefaults/Public -Xcc -I/Users/hectorgarcia/Library/Developer/Xcode/DerivedData/Lyo-eagkiegzrakogpczynhkaholsscs/SourcePackages/checkouts/nanopb/spm_headers -Xcc -I/Users/hectorgarcia/Library/Developer/Xcode/DerivedData/Lyo-eagkiegzrakogpczynhkaholsscs/SourcePackages/checkouts/promises/Sources/FBLPromises/include -Xcc -I/Users/hectorgarcia/Library/Developer/Xcode/DerivedData/Lyo-eagkiegzrakogpczynhkaholsscs/SourcePackages/checkouts/GoogleDataTransport/GoogleDataTransport/GDTCORLibrary/Public -Xcc -I/Users/hectorgarcia/Library/Developer/Xcode/DerivedData/Lyo-eagkiegzrakogpczynhkaholsscs/SourcePackages/checkouts/firebase-ios-sdk/FirebaseSessions/SourcesObjC -Xcc -I/Users/hectorgarcia/Library/Developer/Xcode/DerivedData/Lyo-eagkiegzrakogpczynhkaholsscs/SourcePackages/checkouts/firebase-ios-sdk/FirebaseCore/Extension -Xcc -I/Users/hectorgarcia/Library/Developer/Xcode/DerivedData/Lyo-eagkiegzrakogpczynhkaholsscs/SourcePackages/checkouts/firebase-ios-sdk/FirebaseInstallations/Source/Library/Public -Xcc -I/Users/hectorgarcia/Library/Developer/Xcode/DerivedData/Lyo-eagkiegzrakogpczynhkaholsscs/SourcePackages/checkouts/firebase-ios-sdk/FirebaseCore/Sources/Public -Xcc -I/Users/hectorgarcia/Library/Developer/Xcode/DerivedData/Lyo-eagkiegzrakogpczynhkaholsscs/SourcePackages/checkouts/firebase-ios-sdk/CoreOnly/Sources -Xcc -I/Users/hectorgarcia/Library/Developer/Xcode/DerivedData/Lyo-eagkiegzrakogpczynhkaholsscs/SourcePackages/checkouts/firebase-ios-sdk/Crashlytics/Crashlytics/Public -Xcc -I/Users/hectorgarcia/Library/Developer/Xcode/DerivedData/Build/Products/Debug-iphonesimulator/include -Xcc -I/Users/hectorgarcia/Library/Developer/Xcode/DerivedData/Build/Intermediates.noindex/Lyo.build/Debug-iphonesimulator/Lyo.build/DerivedSources-normal/x86_64 -Xcc -I/Users/hectorgarcia/Library/Developer/Xcode/DerivedData/Build/Intermediates.noindex/Lyo.build/Debug-iphonesimulator/Lyo.build/DerivedSources/x86_64 -Xcc -I/Users/hectorgarcia/Library/Developer/Xcode/DerivedData/Build/Intermediates.noindex/Lyo.build/Debug-iphonesimulator/Lyo.build/DerivedSources -Xcc -DDEBUG\=1 -no-auto-bridging-header-chaining -module-name Lyo -frontend-parseable-output -disable-clang-spi -target-sdk-version 26.2 -target-sdk-name iphonesimulator26.2 -clang-target x86_64-apple-ios26.2-simulator -in-process-plugin-server-path /Users/hectorgarcia/Downloads/Xcode.app/Contents/Developer/Toolchains/XcodeDefault.xctoolchain/usr/lib/swift/host/libSwiftInProcPluginServer.dylib -o /Users/hectorgarcia/Library/Developer/Xcode/DerivedData/Build/Intermediates.noindex/Lyo.build/Debug-iphonesimulator/Lyo.build/Objects-normal/x86_64/CommunityViewModel.o -index-unit-output-path /Lyo.build/Debug-iphonesimulator/Lyo.build/Objects-normal/x86_64/CommunityViewModel.o -index-store-path /Users/hectorgarcia/Library/Developer/Xcode/DerivedData/Lyo-eagkiegzrakogpczynhkaholsscs/Index.noindex/DataStore -index-system-modules

SwiftCompile normal x86_64 /Users/hectorgarcia/LYO_Da_ONE/Sources/ViewModels/CommunityViewModel.swift (in target 'Lyo' from project 'Lyo')
    cd /Users/hectorgarcia/LYO_Da_ONE
    
/Users/hectorgarcia/LYO_Da_ONE/Sources/ViewModels/CommunityViewModel.swift:462:38: error: actor 'NetworkClient' requires that 'APIBeacon' conform to 'Encodable'
            return try await network.request(Endpoints.Community.getBeacons(
                                     ^
Swift.Array:1:11: note: requirement from conditional conformance of '[APIBeacon]' to 'Encodable'
extension Array : Encodable where Element : Encodable {
          ^

SwiftDriverJobDiscovery normal x86_64 Compiling LiveClassroomViewModel.swift (in target 'Lyo' from project 'Lyo')

** BUILD FAILED **


The following build commands failed:
	SwiftCompile normal x86_64 Compiling\ CommunityViewModel.swift /Users/hectorgarcia/LYO_Da_ONE/Sources/ViewModels/CommunityViewModel.swift (in target 'Lyo' from project 'Lyo')
	SwiftCompile normal x86_64 /Users/hectorgarcia/LYO_Da_ONE/Sources/ViewModels/CommunityViewModel.swift (in target 'Lyo' from project 'Lyo')
	Building project Lyo with scheme Lyo
(3 failures)
