Command line invocation:
    /Users/hectorgarcia/Downloads/Xcode.app/Contents/Developer/usr/bin/xcodebuild -project Lyo.xcodeproj -scheme Lyo -destination "platform=iOS Simulator,name=iPhone 16" build

Resolve Package Graph


Resolved source packages:
  leveldb: https://github.com/firebase/leveldb.git @ 1.22.5
  SwiftProtobuf: https://github.com/apple/swift-protobuf.git @ 1.33.3
  GoogleAppMeasurement: https://github.com/google/GoogleAppMeasurement.git @ 10.28.0
  abseil: https://github.com/google/abseil-cpp-binary.git @ 1.2024011602.0
  GoogleSignIn: https://github.com/google/GoogleSignIn-iOS @ 7.1.0
  gRPC: https://github.com/google/grpc-binary.git @ 1.62.2
  Promises: https://github.com/google/promises.git @ 2.4.0
  GoogleDataTransport: https://github.com/google/GoogleDataTransport.git @ 9.4.0
  GoogleUtilities: https://github.com/google/GoogleUtilities.git @ 7.13.3
  GTMAppAuth: https://github.com/google/GTMAppAuth.git @ 4.1.1
  AppAuth: https://github.com/openid/AppAuth-iOS.git @ 1.7.6
  InteropForGoogle: https://github.com/google/interop-ios-for-google-sdks.git @ 100.0.0
  GTMSessionFetcher: https://github.com/google/gtm-session-fetcher.git @ 3.5.0
  AppCheck: https://github.com/google/app-check.git @ 10.19.2
  Firebase: https://github.com/firebase/firebase-ios-sdk.git @ 10.29.0
  nanopb: https://github.com/firebase/nanopb.git @ 2.30910.0

2026-01-23 14:35:32.369 xcodebuild[97486:4127762] Writing error result bundle to /var/folders/52/3qn7_llj0f1bbqvxh5z9_20h0000gn/T/ResultBundle_2026-23-01_14-35-0032.xcresult
xcodebuild: error: Unable to find a device matching the provided destination specifier:
		{ platform:iOS Simulator, OS:latest, name:iPhone 16 }

	The requested device could not be found because no available devices matched the request.

	Available destinations for the "Lyo" scheme:
		{ platform:iOS, arch:arm64, id:00008110-001C5C603EE1801E, name:Hector’s iPhone }
		{ platform:iOS, id:dvtdevice-DVTiPhonePlaceholder-iphoneos:placeholder, name:Any iOS Device }
		{ platform:iOS Simulator, id:dvtdevice-DVTiOSDeviceSimulatorPlaceholder-iphonesimulator:placeholder, name:Any iOS Simulator Device }
		{ platform:iOS Simulator, arch:x86_64, id:969F7B0C-CE3E-416F-B36D-7F6F5B8D4070, OS:26.0, name:iPad (A16) }
		{ platform:iOS Simulator, arch:x86_64, id:48EAEBC4-3E1C-44DC-94C3-2D9EB5DD9A66, OS:26.1, name:iPad (A16) }
		{ platform:iOS Simulator, arch:x86_64, id:E33566AA-64BC-4A6A-BD4B-276A910F171C, OS:26.2, name:iPad (A16) }
		{ platform:iOS Simulator, arch:x86_64, id:A8AD144F-8F86-4781-A376-3BA0890D9550, OS:26.0, name:iPad Air 11-inch (M3) }
		{ platform:iOS Simulator, arch:x86_64, id:196F5EE9-15F8-4F66-89D3-BBEAEF5D71D6, OS:26.1, name:iPad Air 11-inch (M3) }
		{ platform:iOS Simulator, arch:x86_64, id:440CD59A-0DC9-429F-A34F-077D8AB4FF75, OS:26.2, name:iPad Air 11-inch (M3) }
		{ platform:iOS Simulator, arch:x86_64, id:E99B6877-2EB3-4DC4-8C5B-1319B398DFB6, OS:26.0, name:iPad Air 13-inch (M3) }
		{ platform:iOS Simulator, arch:x86_64, id:138ACC50-11DE-44EC-861F-B42A5ACE2714, OS:26.1, name:iPad Air 13-inch (M3) }
		{ platform:iOS Simulator, arch:x86_64, id:6F893DBC-17EE-4046-99F2-0CD9A56256DD, OS:26.2, name:iPad Air 13-inch (M3) }
		{ platform:iOS Simulator, arch:x86_64, id:AC35454E-B4F7-4788-8D7A-F0A018F944E0, OS:26.0, name:iPad Pro 11-inch (M4) }
		{ platform:iOS Simulator, arch:x86_64, id:345D173F-1AE2-42B6-AAF7-AB545D07FF66, OS:26.0, name:iPad Pro 11-inch (M5) }
		{ platform:iOS Simulator, arch:x86_64, id:0389ED66-49F9-44A1-B50E-CF92F35932D7, OS:26.1, name:iPad Pro 11-inch (M5) }
		{ platform:iOS Simulator, arch:x86_64, id:D208AFF1-1462-4ABB-90E7-B7700C1B707A, OS:26.2, name:iPad Pro 11-inch (M5) }
		{ platform:iOS Simulator, arch:x86_64, id:D254F99D-BE18-49F5-9191-CA7F7450F2EB, OS:26.0, name:iPad Pro 13-inch (M4) }
		{ platform:iOS Simulator, arch:x86_64, id:4EA6E49F-FAD3-4CE1-86B2-47BB10678458, OS:26.0, name:iPad Pro 13-inch (M5) }
		{ platform:iOS Simulator, arch:x86_64, id:4BA2111E-FF9D-494D-856D-899CCD922AAF, OS:26.1, name:iPad Pro 13-inch (M5) }
		{ platform:iOS Simulator, arch:x86_64, id:08F9E956-27ED-4875-A5F1-CD52BE9C7B1A, OS:26.2, name:iPad Pro 13-inch (M5) }
		{ platform:iOS Simulator, arch:x86_64, id:8630AE5F-1202-4062-843F-C54B563E82E2, OS:26.0, name:iPad mini (A17 Pro) }
		{ platform:iOS Simulator, arch:x86_64, id:B61A4CC5-4112-40EC-94B0-C29F036AEA82, OS:26.1, name:iPad mini (A17 Pro) }
		{ platform:iOS Simulator, arch:x86_64, id:787E59FB-4DAF-44BD-9DF6-B61A7C6355F7, OS:26.2, name:iPad mini (A17 Pro) }
		{ platform:iOS Simulator, arch:x86_64, id:AC0C3BCA-A0DB-4C35-A14D-D5A8E9FA3E35, OS:26.0, name:iPhone 16e }
		{ platform:iOS Simulator, arch:x86_64, id:6C854678-2AE4-4C3A-9E31-11EAB4E5D754, OS:26.1, name:iPhone 16e }
		{ platform:iOS Simulator, arch:x86_64, id:089CF315-B03B-44AB-8455-EDE37120086F, OS:26.2, name:iPhone 16e }
		{ platform:iOS Simulator, arch:x86_64, id:3243647D-F0AA-4D63-8F57-E22B543D5545, OS:26.0, name:iPhone 17 }
		{ platform:iOS Simulator, arch:x86_64, id:C8048330-8854-4548-916D-9CA6157DA7AD, OS:26.1, name:iPhone 17 }
		{ platform:iOS Simulator, arch:x86_64, id:38863559-D20E-4BDF-952B-8863A677081A, OS:26.2, name:iPhone 17 }
		{ platform:iOS Simulator, arch:x86_64, id:571DF9CA-B139-4B55-AA9D-3828F6909A56, OS:26.0, name:iPhone 17 Pro }
		{ platform:iOS Simulator, arch:x86_64, id:96CEA208-CE94-40A0-AA8A-B3C5585D63AD, OS:26.0, name:iPhone 17 Pro }
		{ platform:iOS Simulator, arch:x86_64, id:8B63E3DE-78D2-4F12-89B0-38A9A8D39E46, OS:26.1, name:iPhone 17 Pro }
		{ platform:iOS Simulator, arch:x86_64, id:6E08CE4A-8128-4D08-9268-A20901B7B319, OS:26.2, name:iPhone 17 Pro }
		{ platform:iOS Simulator, arch:x86_64, id:52D7434D-E569-451A-8CB8-62DA407F33AE, OS:26.0, name:iPhone 17 Pro Max }
		{ platform:iOS Simulator, arch:x86_64, id:FB3520C1-0269-4413-B06A-6382FF5698A9, OS:26.1, name:iPhone 17 Pro Max }
		{ platform:iOS Simulator, arch:x86_64, id:D0F6CB6E-93AD-46E7-8687-EE55B1AB57ED, OS:26.2, name:iPhone 17 Pro Max }
		{ platform:iOS Simulator, arch:x86_64, id:F44321EE-65BA-457C-B662-A4DE9DEAC88C, OS:26.0, name:iPhone Air }
		{ platform:iOS Simulator, arch:x86_64, id:AE2E529C-ADF0-48E8-9CE3-6F67DD04D6F6, OS:26.1, name:iPhone Air }
		{ platform:iOS Simulator, arch:x86_64, id:7025CC59-34F4-41DE-B6B7-98EC69D46AB6, OS:26.2, name:iPhone Air }
In flight operation:   <__DVTSwiftAsyncOperation: 0x7fba6a2645d0; state = AREfc>
<__DVTSwiftAsyncOperation: 0x7fba6a2645d0; state = AREfc> created at:
  0   -[DVTOperation init] (in DVTFoundation)
  1   @objc DVTAsyncOperation.init() (in DVTFoundation)
  2   static DVTOperation.awaiting(_:) (in DVTFoundation)
  3   IDESwiftWorkspace.enqueueAsync(_:) (in IDESwiftPackageCore)
  4   specialized SPMWorkspace.processPackageGraphActionsInBackgroundIfNeeded(canProcessPackageGraphActions:) (in SwiftPM)
  5   closure #1 in SPMWorkspace.mainThread_processPackageGraphActionsInBackgroundIfNeeded() (in SwiftPM)
  6   partial apply for closure #1 in SPMWorkspace.mainThread_processPackageGraphActionsInBackgroundIfNeeded() (in SwiftPM)
  7   partial apply for specialized closure #1 in static MainActor.assertAndAssumeContext<A>(_:) (in SwiftPM)
  8   specialized static MainActor.assumeIsolated<A>(_:file:line:) (in SwiftPM)
  9   SPMWorkspace.set(rootPackagePaths:additionalPackageDependencies:) (in SwiftPM)
 10   IDESwiftWorkspace.synchronizeWithCurrentWorkspaceContents(allowPackageGraphReload:) (in IDESwiftPackageCore)
 11   IDEWorkspace.createSourcePackageSupportContext() (in IDESwiftPackageCore)
 12   @objc static IDESPMWorkspaceBridgeProper.setupPackageManagerWorkspace(on:) (in IDESwiftPackageCore)
 13   __81-[IDEWorkspace _finishLoadingAsynchronously:shouldUpgradeFromSimpleFilesFocused:]_block_invoke (in IDEFoundation)
 14   __81-[IDEWorkspace _finishLoadingAsynchronously:shouldUpgradeFromSimpleFilesFocused:]_block_invoke.294 (in IDEFoundation)
 15   __NSBLOCKOPERATION_IS_CALLING_OUT_TO_A_BLOCK__ (in Foundation)
 16   -[NSBlockOperation main] (in Foundation)
 17   __NSOPERATION_IS_INVOKING_MAIN__ (in Foundation)
 18   -[NSOperation start] (in Foundation)
 19   __NSOPERATIONQUEUE_IS_STARTING_AN_OPERATION__ (in Foundation)
 20   __NSOQSchedule_f (in Foundation)
 21   _dispatch_block_async_invoke2 (in libdispatch.dylib)
 22   _dispatch_client_callout (in libdispatch.dylib)
 23   _dispatch_main_queue_drain.cold.5 (in libdispatch.dylib)
 24   _dispatch_main_queue_drain (in libdispatch.dylib)
 25   _dispatch_main_queue_callback_4CF (in libdispatch.dylib)
 26   __CFRUNLOOP_IS_SERVICING_THE_MAIN_DISPATCH_QUEUE__ (in CoreFoundation)
 27   __CFRunLoopRun (in CoreFoundation)
 28   _CFRunLoopRunSpecificWithOptions (in CoreFoundation)
 29   +[DVTKVOConditionValidator waitForCondition:sourceObject:keyPathAffectingConditionBlock:timeout:] (in DVTFoundation)
 30   -[Xcode3CommandLineBuildTool _resolveInputOptionsWithTimingSection:] (in Xcode3Core)
 31   -[Xcode3CommandLineBuildTool run] (in Xcode3Core)
 32   XcodeBuildMain (in libxcodebuildLoader.dylib)
 33   -[XcodebuildPreIDEHandler loadXcode3ProjectSupportAndRunXcode3CommandLineBuildToolWithArguments:] (in xcodebuild)
 34   -[XcodebuildPreIDEHandler runWithArguments:] (in xcodebuild)
 35   main (in xcodebuild)
 36   start (in dyld)

