Command line invocation:
    /Users/hectorgarcia/Downloads/Xcode.app/Contents/Developer/usr/bin/xcodebuild -project Lyo.xcodeproj -scheme Lyo -showdestinations

Resolve Package Graph


Resolved source packages:
  GTMAppAuth: https://github.com/google/GTMAppAuth.git @ 4.1.1
  AppAuth: https://github.com/openid/AppAuth-iOS.git @ 1.7.6
  Firebase: https://github.com/firebase/firebase-ios-sdk @ 10.29.0
  AppCheck: https://github.com/google/app-check.git @ 10.19.2
  abseil: https://github.com/google/abseil-cpp-binary.git @ 1.2024011602.0
  leveldb: https://github.com/firebase/leveldb.git @ 1.22.5
  gRPC: https://github.com/google/grpc-binary.git @ 1.62.2
  nanopb: https://github.com/firebase/nanopb.git @ 2.30910.0
  GoogleDataTransport: https://github.com/google/GoogleDataTransport.git @ 9.4.0
  SwiftProtobuf: https://github.com/apple/swift-protobuf.git @ 1.33.3
  GTMSessionFetcher: https://github.com/google/gtm-session-fetcher.git @ 3.5.0
  GoogleAppMeasurement: https://github.com/google/GoogleAppMeasurement.git @ 10.28.0
  Promises: https://github.com/google/promises.git @ 2.4.0
  GoogleUtilities: https://github.com/google/GoogleUtilities.git @ 7.13.3
  GoogleSignIn: https://github.com/google/GoogleSignIn-iOS @ 7.1.0
  InteropForGoogle: https://github.com/google/interop-ios-for-google-sdks.git @ 100.0.0



	Available destinations for the "Lyo" scheme:
		{ platform:iOS, arch:arm64, id:00008110-001C5C603EE1801E, name:Hector’s iPhone }
		{ platform:iOS, arch:arm64, id:00008140-00114C920E2A801C, name:Walkiris  }
		{ platform:iOS, id:dvtdevice-DVTiPhonePlaceholder-iphoneos:placeholder, name:Any iOS Device }
		{ platform:iOS Simulator, id:dvtdevice-DVTiOSDeviceSimulatorPlaceholder-iphonesimulator:placeholder, name:Any iOS Simulator Device }
